# JRE version: OpenJDK Runtime Environment (8.0_152-b01) (build 1.8.0_152-release-1248-b01)
# Java VM: OpenJDK 64-Bit Server VM (25.152-b01 mixed mode windows-amd64 compressed oops)
Heap:
 PSYoungGen      total 69120K, used 53323K [0x00000000e0000000, 0x00000000e6f80000, 0x0000000100000000)
  eden space 62464K, 74% used [0x00000000e0000000,0x00000000e2d945c8,0x00000000e3d00000)
  from space 6656K, 99% used [0x00000000e4680000,0x00000000e4cfe768,0x00000000e4d00000)
  to   space 9728K, 0% used [0x00000000e3d00000,0x00000000e3d00000,0x00000000e4680000)
 ParOldGen       total 41984K, used 14055K [0x00000000a0000000, 0x00000000a2900000, 0x00000000e0000000)
  object space 41984K, 33% used [0x00000000a0000000,0x00000000a0db9d10,0x00000000a2900000)
 Metaspace       used 29746K, capacity 30192K, committed 30512K, reserved 1075200K
  class space    used 4132K, capacity 4291K, committed 4400K, reserved 1048576K
GC Heap History (10 events):
Event: 3.560 GC heap before
{Heap before GC invocations=5 (full 0):
 PSYoungGen      total 35328K, used 35312K [0x00000000e0000000, 0x00000000e2500000, 0x0000000100000000)
  eden space 32768K, 100% used [0x00000000e0000000,0x00000000e2000000,0x00000000e2000000)
  from space 2560K, 99% used [0x00000000e2280000,0x00000000e24fc010,0x00000000e2500000)
  to   space 2560K, 0% used [0x00000000e2000000,0x00000000e2000000,0x00000000e2280000)
 ParOldGen       total 44032K, used 2250K [0x00000000a0000000, 0x00000000a2b00000, 0x00000000e0000000)
  object space 44032K, 5% used [0x00000000a0000000,0x00000000a0232978,0x00000000a2b00000)
 Metaspace       used 13556K, capacity 13882K, committed 14080K, reserved 1060864K
  class space    used 1895K, capacity 2029K, committed 2048K, reserved 1048576K
Event: 3.575 GC heap after
Heap after GC invocations=5 (full 0):
 PSYoungGen      total 35328K, used 2528K [0x00000000e0000000, 0x00000000e4d00000, 0x0000000100000000)
  eden space 32768K, 0% used [0x00000000e0000000,0x00000000e0000000,0x00000000e2000000)
  from space 2560K, 98% used [0x00000000e2000000,0x00000000e2278020,0x00000000e2280000)
  to   space 6656K, 0% used [0x00000000e4680000,0x00000000e4680000,0x00000000e4d00000)
 ParOldGen       total 44032K, used 6252K [0x00000000a0000000, 0x00000000a2b00000, 0x00000000e0000000)
  object space 44032K, 14% used [0x00000000a0000000,0x00000000a061b088,0x00000000a2b00000)
 Metaspace       used 13556K, capacity 13882K, committed 14080K, reserved 1060864K
  class space    used 1895K, capacity 2029K, committed 2048K, reserved 1048576K
}
Event: 4.469 GC heap before
{Heap before GC invocations=6 (full 0):
 PSYoungGen      total 35328K, used 35296K [0x00000000e0000000, 0x00000000e4d00000, 0x0000000100000000)
  eden space 32768K, 100% used [0x00000000e0000000,0x00000000e2000000,0x00000000e2000000)
  from space 2560K, 98% used [0x00000000e2000000,0x00000000e2278020,0x00000000e2280000)
  to   space 6656K, 0% used [0x00000000e4680000,0x00000000e4680000,0x00000000e4d00000)
 ParOldGen       total 44032K, used 6252K [0x00000000a0000000, 0x00000000a2b00000, 0x00000000e0000000)
  object space 44032K, 14% used [0x00000000a0000000,0x00000000a061b088,0x00000000a2b00000)
 Metaspace       used 16440K, capacity 16810K, committed 16896K, reserved 1062912K
  class space    used 2357K, capacity 2519K, committed 2560K, reserved 1048576K
Event: 4.490 GC heap after
Heap after GC invocations=6 (full 0):
 PSYoungGen      total 71168K, used 6443K [0x00000000e0000000, 0x00000000e4f00000, 0x0000000100000000)
  eden space 64512K, 0% used [0x00000000e0000000,0x00000000e0000000,0x00000000e3f00000)
  from space 6656K, 96% used [0x00000000e4680000,0x00000000e4ccaf40,0x00000000e4d00000)
  to   space 7680K, 0% used [0x00000000e3f00000,0x00000000e3f00000,0x00000000e4680000)
 ParOldGen       total 44032K, used 6260K [0x00000000a0000000, 0x00000000a2b00000, 0x00000000e0000000)
  object space 44032K, 14% used [0x00000000a0000000,0x00000000a061d088,0x00000000a2b00000)
 Metaspace       used 16440K, capacity 16810K, committed 16896K, reserved 1062912K
  class space    used 2357K, capacity 2519K, committed 2560K, reserved 1048576K
}
Event: 5.428 GC heap before
{Heap before GC invocations=7 (full 0):
 PSYoungGen      total 71168K, used 42042K [0x00000000e0000000, 0x00000000e4f00000, 0x0000000100000000)
  eden space 64512K, 55% used [0x00000000e0000000,0x00000000e22c3c70,0x00000000e3f00000)
  from space 6656K, 96% used [0x00000000e4680000,0x00000000e4ccaf40,0x00000000e4d00000)
  to   space 7680K, 0% used [0x00000000e3f00000,0x00000000e3f00000,0x00000000e4680000)
 ParOldGen       total 44032K, used 6260K [0x00000000a0000000, 0x00000000a2b00000, 0x00000000e0000000)
  object space 44032K, 14% used [0x00000000a0000000,0x00000000a061d088,0x00000000a2b00000)
 Metaspace       used 20821K, capacity 21238K, committed 21296K, reserved 1067008K
  class space    used 2910K, capacity 3085K, committed 3120K, reserved 1048576K
Event: 5.454 GC heap after
Heap after GC invocations=7 (full 0):
 PSYoungGen      total 72192K, used 7655K [0x00000000e0000000, 0x00000000e4f00000, 0x0000000100000000)
  eden space 64512K, 0% used [0x00000000e0000000,0x00000000e0000000,0x00000000e3f00000)
  from space 7680K, 99% used [0x00000000e3f00000,0x00000000e4679dc0,0x00000000e4680000)
  to   space 6656K, 0% used [0x00000000e4680000,0x00000000e4680000,0x00000000e4d00000)
 ParOldGen       total 44032K, used 6972K [0x00000000a0000000, 0x00000000a2b00000, 0x00000000e0000000)
  object space 44032K, 15% used [0x00000000a0000000,0x00000000a06cf288,0x00000000a2b00000)
 Metaspace       used 20821K, capacity 21238K, committed 21296K, reserved 1067008K
  class space    used 2910K, capacity 3085K, committed 3120K, reserved 1048576K
}
Event: 5.454 GC heap before
{Heap before GC invocations=8 (full 1):
 PSYoungGen      total 72192K, used 7655K [0x00000000e0000000, 0x00000000e4f00000, 0x0000000100000000)
  eden space 64512K, 0% used [0x00000000e0000000,0x00000000e0000000,0x00000000e3f00000)
  from space 7680K, 99% used [0x00000000e3f00000,0x00000000e4679dc0,0x00000000e4680000)
  to   space 6656K, 0% used [0x00000000e4680000,0x00000000e4680000,0x00000000e4d00000)
 ParOldGen       total 44032K, used 6972K [0x00000000a0000000, 0x00000000a2b00000, 0x00000000e0000000)
  object space 44032K, 15% used [0x00000000a0000000,0x00000000a06cf288,0x00000000a2b00000)
 Metaspace       used 20821K, capacity 21238K, committed 21296K, reserved 1067008K
  class space    used 2910K, capacity 3085K, committed 3120K, reserved 1048576K
Event: 5.553 GC heap after
Heap after GC invocations=8 (full 1):
 PSYoungGen      total 72192K, used 0K [0x00000000e0000000, 0x00000000e4f00000, 0x0000000100000000)
  eden space 64512K, 0% used [0x00000000e0000000,0x00000000e0000000,0x00000000e3f00000)
  from space 7680K, 0% used [0x00000000e3f00000,0x00000000e3f00000,0x00000000e4680000)
  to   space 6656K, 0% used [0x00000000e4680000,0x00000000e4680000,0x00000000e4d00000)
 ParOldGen       total 41984K, used 13568K [0x00000000a0000000, 0x00000000a2900000, 0x00000000e0000000)
  object space 41984K, 32% used [0x00000000a0000000,0x00000000a0d40320,0x00000000a2900000)
 Metaspace       used 20821K, capacity 21238K, committed 21296K, reserved 1067008K
  class space    used 2910K, capacity 3085K, committed 3120K, reserved 1048576K
}
Event: 8.328 GC heap before
{Heap before GC invocations=9 (full 1):
 PSYoungGen      total 72192K, used 64512K [0x00000000e0000000, 0x00000000e4f00000, 0x0000000100000000)
  eden space 64512K, 100% used [0x00000000e0000000,0x00000000e3f00000,0x00000000e3f00000)
  from space 7680K, 0% used [0x00000000e3f00000,0x00000000e3f00000,0x00000000e4680000)
  to   space 6656K, 0% used [0x00000000e4680000,0x00000000e4680000,0x00000000e4d00000)
 ParOldGen       total 41984K, used 13568K [0x00000000a0000000, 0x00000000a2900000, 0x00000000e0000000)
  object space 41984K, 32% used [0x00000000a0000000,0x00000000a0d40320,0x00000000a2900000)
 Metaspace       used 27211K, capacity 27620K, committed 27824K, reserved 1073152K
  class space    used 3713K, capacity 3904K, committed 4016K, reserved 1048576K
Event: 8.353 GC heap after
Heap after GC invocations=9 (full 1):
 PSYoungGen      total 69120K, used 6649K [0x00000000e0000000, 0x00000000e6f80000, 0x0000000100000000)
  eden space 62464K, 0% used [0x00000000e0000000,0x00000000e0000000,0x00000000e3d00000)
  from space 6656K, 99% used [0x00000000e4680000,0x00000000e4cfe768,0x00000000e4d00000)
  to   space 9728K, 0% used [0x00000000e3d00000,0x00000000e3d00000,0x00000000e4680000)
 ParOldGen       total 41984K, used 14055K [0x00000000a0000000, 0x00000000a2900000, 0x00000000e0000000)
  object space 41984K, 33% used [0x00000000a0000000,0x00000000a0db9d10,0x00000000a2900000)
 Metaspace       used 27211K, capacity 27620K, committed 27824K, reserved 1073152K
  class space    used 3713K, capacity 3904K, committed 4016K, reserved 1048576K
}

