# JRE version: OpenJDK Runtime Environment (8.0_152-b01) (build 1.8.0_152-release-1248-b01)
# Java VM: OpenJDK 64-Bit Server VM (25.152-b01 mixed mode windows-amd64 compressed oops)
Heap:
 PSYoungGen      total 299520K, used 48168K [0x00000000e0000000, 0x00000000f8080000, 0x0000000100000000)
  eden space 275456K, 12% used [0x00000000e0000000,0x00000000e2171cd8,0x00000000f0d00000)
  from space 24064K, 57% used [0x00000000f0d00000,0x00000000f1a984d8,0x00000000f2480000)
  to   space 24576K, 0% used [0x00000000f6880000,0x00000000f6880000,0x00000000f8080000)
 ParOldGen       total 84480K, used 34040K [0x00000000a0000000, 0x00000000a5280000, 0x00000000e0000000)
  object space 84480K, 40% used [0x00000000a0000000,0x00000000a213e198,0x00000000a5280000)
 Metaspace       used 64025K, capacity 65902K, committed 66088K, reserved 1105920K
  class space    used 8650K, capacity 9155K, committed 9264K, reserved 1048576K
GC Heap History (10 events):
Event: 14.998 GC heap before
{Heap before GC invocations=10 (full 2):
 PSYoungGen      total 218112K, used 9917K [0x00000000e0000000, 0x00000000ee980000, 0x0000000100000000)
  eden space 207872K, 0% used [0x00000000e0000000,0x00000000e0000000,0x00000000ecb00000)
  from space 10240K, 96% used [0x00000000edf80000,0x00000000ee92f528,0x00000000ee980000)
  to   space 14336K, 0% used [0x00000000ecd80000,0x00000000ecd80000,0x00000000edb80000)
 ParOldGen       total 44544K, used 16250K [0x00000000a0000000, 0x00000000a2b80000, 0x00000000e0000000)
  object space 44544K, 36% used [0x00000000a0000000,0x00000000a0fdead8,0x00000000a2b80000)
 Metaspace       used 34728K, capacity 35346K, committed 35496K, reserved 1079296K
  class space    used 4828K, capacity 5029K, committed 5040K, reserved 1048576K
Event: 15.175 GC heap after
Heap after GC invocations=10 (full 2):
 PSYoungGen      total 218112K, used 0K [0x00000000e0000000, 0x00000000ee980000, 0x0000000100000000)
  eden space 207872K, 0% used [0x00000000e0000000,0x00000000e0000000,0x00000000ecb00000)
  from space 10240K, 0% used [0x00000000edf80000,0x00000000edf80000,0x00000000ee980000)
  to   space 14336K, 0% used [0x00000000ecd80000,0x00000000ecd80000,0x00000000edb80000)
 ParOldGen       total 54272K, used 16721K [0x00000000a0000000, 0x00000000a3500000, 0x00000000e0000000)
  object space 54272K, 30% used [0x00000000a0000000,0x00000000a1054790,0x00000000a3500000)
 Metaspace       used 34728K, capacity 35346K, committed 35496K, reserved 1079296K
  class space    used 4828K, capacity 5029K, committed 5040K, reserved 1048576K
}
Event: 23.529 GC heap before
{Heap before GC invocations=11 (full 2):
 PSYoungGen      total 218112K, used 207872K [0x00000000e0000000, 0x00000000ee980000, 0x0000000100000000)
  eden space 207872K, 100% used [0x00000000e0000000,0x00000000ecb00000,0x00000000ecb00000)
  from space 10240K, 0% used [0x00000000edf80000,0x00000000edf80000,0x00000000ee980000)
  to   space 14336K, 0% used [0x00000000ecd80000,0x00000000ecd80000,0x00000000edb80000)
 ParOldGen       total 54272K, used 16721K [0x00000000a0000000, 0x00000000a3500000, 0x00000000e0000000)
  object space 54272K, 30% used [0x00000000a0000000,0x00000000a1054790,0x00000000a3500000)
 Metaspace       used 53294K, capacity 54358K, committed 54696K, reserved 1095680K
  class space    used 7181K, capacity 7498K, committed 7600K, reserved 1048576K
Event: 23.586 GC heap after
Heap after GC invocations=11 (full 2):
 PSYoungGen      total 224768K, used 14318K [0x00000000e0000000, 0x00000000f3980000, 0x0000000100000000)
  eden space 210432K, 0% used [0x00000000e0000000,0x00000000e0000000,0x00000000ecd80000)
  from space 14336K, 99% used [0x00000000ecd80000,0x00000000edb7b8b0,0x00000000edb80000)
  to   space 21504K, 0% used [0x00000000f2480000,0x00000000f2480000,0x00000000f3980000)
 ParOldGen       total 54272K, used 28080K [0x00000000a0000000, 0x00000000a3500000, 0x00000000e0000000)
  object space 54272K, 51% used [0x00000000a0000000,0x00000000a1b6c3a0,0x00000000a3500000)
 Metaspace       used 53294K, capacity 54358K, committed 54696K, reserved 1095680K
  class space    used 7181K, capacity 7498K, committed 7600K, reserved 1048576K
}
Event: 26.469 GC heap before
{Heap before GC invocations=12 (full 2):
 PSYoungGen      total 224768K, used 82874K [0x00000000e0000000, 0x00000000f3980000, 0x0000000100000000)
  eden space 210432K, 32% used [0x00000000e0000000,0x00000000e42f3078,0x00000000ecd80000)
  from space 14336K, 99% used [0x00000000ecd80000,0x00000000edb7b8b0,0x00000000edb80000)
  to   space 21504K, 0% used [0x00000000f2480000,0x00000000f2480000,0x00000000f3980000)
 ParOldGen       total 54272K, used 28080K [0x00000000a0000000, 0x00000000a3500000, 0x00000000e0000000)
  object space 54272K, 51% used [0x00000000a0000000,0x00000000a1b6c3a0,0x00000000a3500000)
 Metaspace       used 57498K, capacity 59090K, committed 59160K, reserved 1099776K
  class space    used 7879K, capacity 8337K, committed 8368K, reserved 1048576K
Event: 26.522 GC heap after
Heap after GC invocations=12 (full 2):
 PSYoungGen      total 296960K, used 20029K [0x00000000e0000000, 0x00000000f3f80000, 0x0000000100000000)
  eden space 275456K, 0% used [0x00000000e0000000,0x00000000e0000000,0x00000000f0d00000)
  from space 21504K, 93% used [0x00000000f2480000,0x00000000f380f6e0,0x00000000f3980000)
  to   space 24064K, 0% used [0x00000000f0d00000,0x00000000f0d00000,0x00000000f2480000)
 ParOldGen       total 54272K, used 28088K [0x00000000a0000000, 0x00000000a3500000, 0x00000000e0000000)
  object space 54272K, 51% used [0x00000000a0000000,0x00000000a1b6e3a0,0x00000000a3500000)
 Metaspace       used 57498K, capacity 59090K, committed 59160K, reserved 1099776K
  class space    used 7879K, capacity 8337K, committed 8368K, reserved 1048576K
}
Event: 26.522 GC heap before
{Heap before GC invocations=13 (full 3):
 PSYoungGen      total 296960K, used 20029K [0x00000000e0000000, 0x00000000f3f80000, 0x0000000100000000)
  eden space 275456K, 0% used [0x00000000e0000000,0x00000000e0000000,0x00000000f0d00000)
  from space 21504K, 93% used [0x00000000f2480000,0x00000000f380f6e0,0x00000000f3980000)
  to   space 24064K, 0% used [0x00000000f0d00000,0x00000000f0d00000,0x00000000f2480000)
 ParOldGen       total 54272K, used 28088K [0x00000000a0000000, 0x00000000a3500000, 0x00000000e0000000)
  object space 54272K, 51% used [0x00000000a0000000,0x00000000a1b6e3a0,0x00000000a3500000)
 Metaspace       used 57498K, capacity 59090K, committed 59160K, reserved 1099776K
  class space    used 7879K, capacity 8337K, committed 8368K, reserved 1048576K
Event: 26.934 GC heap after
Heap after GC invocations=13 (full 3):
 PSYoungGen      total 296960K, used 0K [0x00000000e0000000, 0x00000000f3f80000, 0x0000000100000000)
  eden space 275456K, 0% used [0x00000000e0000000,0x00000000e0000000,0x00000000f0d00000)
  from space 21504K, 0% used [0x00000000f2480000,0x00000000f2480000,0x00000000f3980000)
  to   space 24064K, 0% used [0x00000000f0d00000,0x00000000f0d00000,0x00000000f2480000)
 ParOldGen       total 84480K, used 34032K [0x00000000a0000000, 0x00000000a5280000, 0x00000000e0000000)
  object space 84480K, 40% used [0x00000000a0000000,0x00000000a213c198,0x00000000a5280000)
 Metaspace       used 57498K, capacity 59090K, committed 59160K, reserved 1099776K
  class space    used 7879K, capacity 8337K, committed 8368K, reserved 1048576K
}
Event: 56.720 GC heap before
{Heap before GC invocations=14 (full 3):
 PSYoungGen      total 296960K, used 275456K [0x00000000e0000000, 0x00000000f3f80000, 0x0000000100000000)
  eden space 275456K, 100% used [0x00000000e0000000,0x00000000f0d00000,0x00000000f0d00000)
  from space 21504K, 0% used [0x00000000f2480000,0x00000000f2480000,0x00000000f3980000)
  to   space 24064K, 0% used [0x00000000f0d00000,0x00000000f0d00000,0x00000000f2480000)
 ParOldGen       total 84480K, used 34032K [0x00000000a0000000, 0x00000000a5280000, 0x00000000e0000000)
  object space 84480K, 40% used [0x00000000a0000000,0x00000000a213c198,0x00000000a5280000)
 Metaspace       used 63403K, capacity 65314K, committed 65448K, reserved 1105920K
  class space    used 8582K, capacity 9087K, committed 9136K, reserved 1048576K
Event: 56.767 GC heap after
Heap after GC invocations=14 (full 3):
 PSYoungGen      total 299520K, used 13921K [0x00000000e0000000, 0x00000000f8080000, 0x0000000100000000)
  eden space 275456K, 0% used [0x00000000e0000000,0x00000000e0000000,0x00000000f0d00000)
  from space 24064K, 57% used [0x00000000f0d00000,0x00000000f1a984d8,0x00000000f2480000)
  to   space 24576K, 0% used [0x00000000f6880000,0x00000000f6880000,0x00000000f8080000)
 ParOldGen       total 84480K, used 34040K [0x00000000a0000000, 0x00000000a5280000, 0x00000000e0000000)
  object space 84480K, 40% used [0x00000000a0000000,0x00000000a213e198,0x00000000a5280000)
 Metaspace       used 63403K, capacity 65314K, committed 65448K, reserved 1105920K
  class space    used 8582K, capacity 9087K, committed 9136K, reserved 1048576K
}

