# JRE version: OpenJDK Runtime Environment (8.0_152-b01) (build 1.8.0_152-release-1248-b01)
# Java VM: OpenJDK 64-Bit Server VM (25.152-b01 mixed mode windows-amd64 compressed oops)
Heap:
 PSYoungGen      total 214528K, used 42760K [0x00000000e0000000, 0x00000000ee300000, 0x0000000100000000)
  eden space 199168K, 13% used [0x00000000e0000000,0x00000000e1ac53d0,0x00000000ec280000)
  from space 15360K, 99% used [0x00000000ec500000,0x00000000ed3fcea0,0x00000000ed400000)
  to   space 11776K, 0% used [0x00000000ed780000,0x00000000ed780000,0x00000000ee300000)
 ParOldGen       total 57856K, used 35483K [0x00000000a0000000, 0x00000000a3880000, 0x00000000e0000000)
  object space 57856K, 61% used [0x00000000a0000000,0x00000000a22a6e78,0x00000000a3880000)
 Metaspace       used 69603K, capacity 71738K, committed 72024K, reserved 1112064K
  class space    used 9174K, capacity 9711K, committed 9816K, reserved 1048576K
GC Heap History (10 events):
Event: 12.690 GC heap before
{Heap before GC invocations=10 (full 2):
 PSYoungGen      total 210944K, used 11505K [0x00000000e0000000, 0x00000000ee300000, 0x0000000100000000)
  eden space 199168K, 0% used [0x00000000e0000000,0x00000000e0000000,0x00000000ec280000)
  from space 11776K, 97% used [0x00000000ed780000,0x00000000ee2bc758,0x00000000ee300000)
  to   space 15360K, 0% used [0x00000000ec500000,0x00000000ec500000,0x00000000ed400000)
 ParOldGen       total 37888K, used 9592K [0x00000000a0000000, 0x00000000a2500000, 0x00000000e0000000)
  object space 37888K, 25% used [0x00000000a0000000,0x00000000a095e108,0x00000000a2500000)
 Metaspace       used 34757K, capacity 35408K, committed 35456K, reserved 1079296K
  class space    used 4746K, capacity 4981K, committed 4992K, reserved 1048576K
Event: 12.829 GC heap after
Heap after GC invocations=10 (full 2):
 PSYoungGen      total 210944K, used 0K [0x00000000e0000000, 0x00000000ee300000, 0x0000000100000000)
  eden space 199168K, 0% used [0x00000000e0000000,0x00000000e0000000,0x00000000ec280000)
  from space 11776K, 0% used [0x00000000ed780000,0x00000000ed780000,0x00000000ee300000)
  to   space 15360K, 0% used [0x00000000ec500000,0x00000000ec500000,0x00000000ed400000)
 ParOldGen       total 57856K, used 18333K [0x00000000a0000000, 0x00000000a3880000, 0x00000000e0000000)
  object space 57856K, 31% used [0x00000000a0000000,0x00000000a11e74c8,0x00000000a3880000)
 Metaspace       used 34733K, capacity 35320K, committed 35456K, reserved 1079296K
  class space    used 4739K, capacity 4973K, committed 4992K, reserved 1048576K
}
Event: 18.800 GC heap before
{Heap before GC invocations=11 (full 2):
 PSYoungGen      total 210944K, used 199168K [0x00000000e0000000, 0x00000000ee300000, 0x0000000100000000)
  eden space 199168K, 100% used [0x00000000e0000000,0x00000000ec280000,0x00000000ec280000)
  from space 11776K, 0% used [0x00000000ed780000,0x00000000ed780000,0x00000000ee300000)
  to   space 15360K, 0% used [0x00000000ec500000,0x00000000ec500000,0x00000000ed400000)
 ParOldGen       total 57856K, used 18333K [0x00000000a0000000, 0x00000000a3880000, 0x00000000e0000000)
  object space 57856K, 31% used [0x00000000a0000000,0x00000000a11e74c8,0x00000000a3880000)
 Metaspace       used 54477K, capacity 55704K, committed 55808K, reserved 1097728K
  class space    used 7245K, capacity 7623K, committed 7680K, reserved 1048576K
Event: 18.865 GC heap after
Heap after GC invocations=11 (full 2):
 PSYoungGen      total 214528K, used 15341K [0x00000000e0000000, 0x00000000ee300000, 0x0000000100000000)
  eden space 199168K, 0% used [0x00000000e0000000,0x00000000e0000000,0x00000000ec280000)
  from space 15360K, 99% used [0x00000000ec500000,0x00000000ed3fb5b8,0x00000000ed400000)
  to   space 11776K, 0% used [0x00000000ed780000,0x00000000ed780000,0x00000000ee300000)
 ParOldGen       total 57856K, used 28434K [0x00000000a0000000, 0x00000000a3880000, 0x00000000e0000000)
  object space 57856K, 49% used [0x00000000a0000000,0x00000000a1bc4b48,0x00000000a3880000)
 Metaspace       used 54477K, capacity 55704K, committed 55808K, reserved 1097728K
  class space    used 7245K, capacity 7623K, committed 7680K, reserved 1048576K
}
Event: 20.878 GC heap before
{Heap before GC invocations=12 (full 2):
 PSYoungGen      total 214528K, used 64021K [0x00000000e0000000, 0x00000000ee300000, 0x0000000100000000)
  eden space 199168K, 24% used [0x00000000e0000000,0x00000000e2f89f28,0x00000000ec280000)
  from space 15360K, 99% used [0x00000000ec500000,0x00000000ed3fb5b8,0x00000000ed400000)
  to   space 11776K, 0% used [0x00000000ed780000,0x00000000ed780000,0x00000000ee300000)
 ParOldGen       total 57856K, used 28434K [0x00000000a0000000, 0x00000000a3880000, 0x00000000e0000000)
  object space 57856K, 49% used [0x00000000a0000000,0x00000000a1bc4b48,0x00000000a3880000)
 Metaspace       used 57663K, capacity 58970K, committed 59096K, reserved 1099776K
  class space    used 7691K, capacity 8074K, committed 8152K, reserved 1048576K
Event: 20.918 GC heap after
Heap after GC invocations=12 (full 2):
 PSYoungGen      total 210944K, used 11750K [0x00000000e0000000, 0x00000000ee300000, 0x0000000100000000)
  eden space 199168K, 0% used [0x00000000e0000000,0x00000000e0000000,0x00000000ec280000)
  from space 11776K, 99% used [0x00000000ed780000,0x00000000ee2f9998,0x00000000ee300000)
  to   space 15360K, 0% used [0x00000000ec500000,0x00000000ec500000,0x00000000ed400000)
 ParOldGen       total 57856K, used 35302K [0x00000000a0000000, 0x00000000a3880000, 0x00000000e0000000)
  object space 57856K, 61% used [0x00000000a0000000,0x00000000a2279bd8,0x00000000a3880000)
 Metaspace       used 57663K, capacity 58970K, committed 59096K, reserved 1099776K
  class space    used 7691K, capacity 8074K, committed 8152K, reserved 1048576K
}
Event: 20.918 GC heap before
{Heap before GC invocations=13 (full 3):
 PSYoungGen      total 210944K, used 11750K [0x00000000e0000000, 0x00000000ee300000, 0x0000000100000000)
  eden space 199168K, 0% used [0x00000000e0000000,0x00000000e0000000,0x00000000ec280000)
  from space 11776K, 99% used [0x00000000ed780000,0x00000000ee2f9998,0x00000000ee300000)
  to   space 15360K, 0% used [0x00000000ec500000,0x00000000ec500000,0x00000000ed400000)
 ParOldGen       total 57856K, used 35302K [0x00000000a0000000, 0x00000000a3880000, 0x00000000e0000000)
  object space 57856K, 61% used [0x00000000a0000000,0x00000000a2279bd8,0x00000000a3880000)
 Metaspace       used 57663K, capacity 58970K, committed 59096K, reserved 1099776K
  class space    used 7691K, capacity 8074K, committed 8152K, reserved 1048576K
Event: 21.438 GC heap after
Heap after GC invocations=13 (full 3):
 PSYoungGen      total 210944K, used 0K [0x00000000e0000000, 0x00000000ee300000, 0x0000000100000000)
  eden space 199168K, 0% used [0x00000000e0000000,0x00000000e0000000,0x00000000ec280000)
  from space 11776K, 0% used [0x00000000ed780000,0x00000000ed780000,0x00000000ee300000)
  to   space 15360K, 0% used [0x00000000ec500000,0x00000000ec500000,0x00000000ed400000)
 ParOldGen       total 57856K, used 33521K [0x00000000a0000000, 0x00000000a3880000, 0x00000000e0000000)
  object space 57856K, 57% used [0x00000000a0000000,0x00000000a20bc5e0,0x00000000a3880000)
 Metaspace       used 57663K, capacity 58970K, committed 59096K, reserved 1099776K
  class space    used 7691K, capacity 8074K, committed 8152K, reserved 1048576K
}
Event: 104.017 GC heap before
{Heap before GC invocations=14 (full 3):
 PSYoungGen      total 210944K, used 199168K [0x00000000e0000000, 0x00000000ee300000, 0x0000000100000000)
  eden space 199168K, 100% used [0x00000000e0000000,0x00000000ec280000,0x00000000ec280000)
  from space 11776K, 0% used [0x00000000ed780000,0x00000000ed780000,0x00000000ee300000)
  to   space 15360K, 0% used [0x00000000ec500000,0x00000000ec500000,0x00000000ed400000)
 ParOldGen       total 57856K, used 33521K [0x00000000a0000000, 0x00000000a3880000, 0x00000000e0000000)
  object space 57856K, 57% used [0x00000000a0000000,0x00000000a20bc5e0,0x00000000a3880000)
 Metaspace       used 69241K, capacity 71368K, committed 71512K, reserved 1112064K
  class space    used 9165K, capacity 9696K, committed 9816K, reserved 1048576K
Event: 104.079 GC heap after
Heap after GC invocations=14 (full 3):
 PSYoungGen      total 214528K, used 15347K [0x00000000e0000000, 0x00000000ee300000, 0x0000000100000000)
  eden space 199168K, 0% used [0x00000000e0000000,0x00000000e0000000,0x00000000ec280000)
  from space 15360K, 99% used [0x00000000ec500000,0x00000000ed3fcea0,0x00000000ed400000)
  to   space 11776K, 0% used [0x00000000ed780000,0x00000000ed780000,0x00000000ee300000)
 ParOldGen       total 57856K, used 35483K [0x00000000a0000000, 0x00000000a3880000, 0x00000000e0000000)
  object space 57856K, 61% used [0x00000000a0000000,0x00000000a22a6e78,0x00000000a3880000)
 Metaspace       used 69241K, capacity 71368K, committed 71512K, reserved 1112064K
  class space    used 9165K, capacity 9696K, committed 9816K, reserved 1048576K
}

