# JRE version: OpenJDK Runtime Environment (8.0_152-b01) (build 1.8.0_152-release-1248-b01)
# Java VM: OpenJDK 64-Bit Server VM (25.152-b01 mixed mode windows-amd64 compressed oops)
Heap:
 PSYoungGen      total 198656K, used 10197K [0x00000000e0000000, 0x00000000edc80000, 0x0000000100000000)
  eden space 177664K, 5% used [0x00000000e0000000,0x00000000e09f56d8,0x00000000ead80000)
  from space 20992K, 0% used [0x00000000ead80000,0x00000000ead80000,0x00000000ec200000)
  to   space 14848K, 0% used [0x00000000ec200000,0x00000000ec200000,0x00000000ed080000)
 ParOldGen       total 47104K, used 33644K [0x00000000a0000000, 0x00000000a2e00000, 0x00000000e0000000)
  object space 47104K, 71% used [0x00000000a0000000,0x00000000a20db0c8,0x00000000a2e00000)
 Metaspace       used 58075K, capacity 59830K, committed 59904K, reserved 1101824K
  class space    used 7979K, capacity 8403K, committed 8448K, reserved 1048576K
GC Heap History (10 events):
Event: 17.133 GC heap before
{Heap before GC invocations=14 (full 2):
 PSYoungGen      total 143872K, used 1515K [0x00000000e0000000, 0x00000000ea300000, 0x0000000100000000)
  eden space 133120K, 0% used [0x00000000e0000000,0x00000000e0000000,0x00000000e8200000)
  from space 10752K, 14% used [0x00000000e8c80000,0x00000000e8dfac88,0x00000000e9700000)
  to   space 10752K, 0% used [0x00000000e8200000,0x00000000e8200000,0x00000000e8c80000)
 ParOldGen       total 30720K, used 17540K [0x00000000a0000000, 0x00000000a1e00000, 0x00000000e0000000)
  object space 30720K, 57% used [0x00000000a0000000,0x00000000a1121078,0x00000000a1e00000)
 Metaspace       used 34825K, capacity 35432K, committed 35496K, reserved 1079296K
  class space    used 4852K, capacity 5078K, committed 5120K, reserved 1048576K
Event: 17.342 GC heap after
Heap after GC invocations=14 (full 2):
 PSYoungGen      total 143872K, used 0K [0x00000000e0000000, 0x00000000ea300000, 0x0000000100000000)
  eden space 133120K, 0% used [0x00000000e0000000,0x00000000e0000000,0x00000000e8200000)
  from space 10752K, 0% used [0x00000000e8c80000,0x00000000e8c80000,0x00000000e9700000)
  to   space 10752K, 0% used [0x00000000e8200000,0x00000000e8200000,0x00000000e8c80000)
 ParOldGen       total 47104K, used 15778K [0x00000000a0000000, 0x00000000a2e00000, 0x00000000e0000000)
  object space 47104K, 33% used [0x00000000a0000000,0x00000000a0f68a78,0x00000000a2e00000)
 Metaspace       used 34825K, capacity 35432K, committed 35496K, reserved 1079296K
  class space    used 4852K, capacity 5078K, committed 5120K, reserved 1048576K
}
Event: 21.387 GC heap before
{Heap before GC invocations=15 (full 2):
 PSYoungGen      total 143872K, used 133120K [0x00000000e0000000, 0x00000000ea300000, 0x0000000100000000)
  eden space 133120K, 100% used [0x00000000e0000000,0x00000000e8200000,0x00000000e8200000)
  from space 10752K, 0% used [0x00000000e8c80000,0x00000000e8c80000,0x00000000e9700000)
  to   space 10752K, 0% used [0x00000000e8200000,0x00000000e8200000,0x00000000e8c80000)
 ParOldGen       total 47104K, used 15778K [0x00000000a0000000, 0x00000000a2e00000, 0x00000000e0000000)
  object space 47104K, 33% used [0x00000000a0000000,0x00000000a0f68a78,0x00000000a2e00000)
 Metaspace       used 45112K, capacity 46006K, committed 46208K, reserved 1089536K
  class space    used 6169K, capacity 6458K, committed 6528K, reserved 1048576K
Event: 21.434 GC heap after
Heap after GC invocations=15 (full 2):
 PSYoungGen      total 143872K, used 10726K [0x00000000e0000000, 0x00000000ed080000, 0x0000000100000000)
  eden space 133120K, 0% used [0x00000000e0000000,0x00000000e0000000,0x00000000e8200000)
  from space 10752K, 99% used [0x00000000e8200000,0x00000000e8c798e8,0x00000000e8c80000)
  to   space 14848K, 0% used [0x00000000ec200000,0x00000000ec200000,0x00000000ed080000)
 ParOldGen       total 47104K, used 23031K [0x00000000a0000000, 0x00000000a2e00000, 0x00000000e0000000)
  object space 47104K, 48% used [0x00000000a0000000,0x00000000a167dfd8,0x00000000a2e00000)
 Metaspace       used 45112K, capacity 46006K, committed 46208K, reserved 1089536K
  class space    used 6169K, capacity 6458K, committed 6528K, reserved 1048576K
}
Event: 25.567 GC heap before
{Heap before GC invocations=16 (full 2):
 PSYoungGen      total 143872K, used 143846K [0x00000000e0000000, 0x00000000ed080000, 0x0000000100000000)
  eden space 133120K, 100% used [0x00000000e0000000,0x00000000e8200000,0x00000000e8200000)
  from space 10752K, 99% used [0x00000000e8200000,0x00000000e8c798e8,0x00000000e8c80000)
  to   space 14848K, 0% used [0x00000000ec200000,0x00000000ec200000,0x00000000ed080000)
 ParOldGen       total 47104K, used 23031K [0x00000000a0000000, 0x00000000a2e00000, 0x00000000e0000000)
  object space 47104K, 48% used [0x00000000a0000000,0x00000000a167dfd8,0x00000000a2e00000)
 Metaspace       used 56148K, capacity 57578K, committed 57728K, reserved 1099776K
  class space    used 7660K, capacity 8031K, committed 8064K, reserved 1048576K
Event: 25.689 GC heap after
Heap after GC invocations=16 (full 2):
 PSYoungGen      total 192512K, used 14819K [0x00000000e0000000, 0x00000000edc80000, 0x0000000100000000)
  eden space 177664K, 0% used [0x00000000e0000000,0x00000000e0000000,0x00000000ead80000)
  from space 14848K, 99% used [0x00000000ec200000,0x00000000ed078dc0,0x00000000ed080000)
  to   space 20992K, 0% used [0x00000000ead80000,0x00000000ead80000,0x00000000ec200000)
 ParOldGen       total 47104K, used 33360K [0x00000000a0000000, 0x00000000a2e00000, 0x00000000e0000000)
  object space 47104K, 70% used [0x00000000a0000000,0x00000000a20941c8,0x00000000a2e00000)
 Metaspace       used 56148K, capacity 57578K, committed 57728K, reserved 1099776K
  class space    used 7660K, capacity 8031K, committed 8064K, reserved 1048576K
}
Event: 26.672 GC heap before
{Heap before GC invocations=17 (full 2):
 PSYoungGen      total 192512K, used 39481K [0x00000000e0000000, 0x00000000edc80000, 0x0000000100000000)
  eden space 177664K, 13% used [0x00000000e0000000,0x00000000e1815728,0x00000000ead80000)
  from space 14848K, 99% used [0x00000000ec200000,0x00000000ed078dc0,0x00000000ed080000)
  to   space 20992K, 0% used [0x00000000ead80000,0x00000000ead80000,0x00000000ec200000)
 ParOldGen       total 47104K, used 33360K [0x00000000a0000000, 0x00000000a2e00000, 0x00000000e0000000)
  object space 47104K, 70% used [0x00000000a0000000,0x00000000a20941c8,0x00000000a2e00000)
 Metaspace       used 57577K, capacity 59104K, committed 59160K, reserved 1099776K
  class space    used 7892K, capacity 8288K, committed 8320K, reserved 1048576K
Event: 26.812 GC heap after
Heap after GC invocations=17 (full 2):
 PSYoungGen      total 198656K, used 1976K [0x00000000e0000000, 0x00000000edc80000, 0x0000000100000000)
  eden space 177664K, 0% used [0x00000000e0000000,0x00000000e0000000,0x00000000ead80000)
  from space 20992K, 9% used [0x00000000ead80000,0x00000000eaf6e188,0x00000000ec200000)
  to   space 14848K, 0% used [0x00000000ec200000,0x00000000ec200000,0x00000000ed080000)
 ParOldGen       total 47104K, used 40452K [0x00000000a0000000, 0x00000000a2e00000, 0x00000000e0000000)
  object space 47104K, 85% used [0x00000000a0000000,0x00000000a27810e0,0x00000000a2e00000)
 Metaspace       used 57577K, capacity 59104K, committed 59160K, reserved 1099776K
  class space    used 7892K, capacity 8288K, committed 8320K, reserved 1048576K
}
Event: 26.812 GC heap before
{Heap before GC invocations=18 (full 3):
 PSYoungGen      total 198656K, used 1976K [0x00000000e0000000, 0x00000000edc80000, 0x0000000100000000)
  eden space 177664K, 0% used [0x00000000e0000000,0x00000000e0000000,0x00000000ead80000)
  from space 20992K, 9% used [0x00000000ead80000,0x00000000eaf6e188,0x00000000ec200000)
  to   space 14848K, 0% used [0x00000000ec200000,0x00000000ec200000,0x00000000ed080000)
 ParOldGen       total 47104K, used 40452K [0x00000000a0000000, 0x00000000a2e00000, 0x00000000e0000000)
  object space 47104K, 85% used [0x00000000a0000000,0x00000000a27810e0,0x00000000a2e00000)
 Metaspace       used 57577K, capacity 59104K, committed 59160K, reserved 1099776K
  class space    used 7892K, capacity 8288K, committed 8320K, reserved 1048576K
Event: 27.309 GC heap after
Heap after GC invocations=18 (full 3):
 PSYoungGen      total 198656K, used 0K [0x00000000e0000000, 0x00000000edc80000, 0x0000000100000000)
  eden space 177664K, 0% used [0x00000000e0000000,0x00000000e0000000,0x00000000ead80000)
  from space 20992K, 0% used [0x00000000ead80000,0x00000000ead80000,0x00000000ec200000)
  to   space 14848K, 0% used [0x00000000ec200000,0x00000000ec200000,0x00000000ed080000)
 ParOldGen       total 47104K, used 33644K [0x00000000a0000000, 0x00000000a2e00000, 0x00000000e0000000)
  object space 47104K, 71% used [0x00000000a0000000,0x00000000a20db0c8,0x00000000a2e00000)
 Metaspace       used 57577K, capacity 59104K, committed 59160K, reserved 1099776K
  class space    used 7892K, capacity 8288K, committed 8320K, reserved 1048576K
}

