# JRE version: OpenJDK Runtime Environment (8.0_152-b01) (build 1.8.0_152-release-1248-b01)
# Java VM: OpenJDK 64-Bit Server VM (25.152-b01 mixed mode windows-amd64 compressed oops)
Heap:
 PSYoungGen      total 217600K, used 87829K [0x00000000e0000000, 0x00000000f0200000, 0x0000000100000000)
  eden space 193536K, 45% used [0x00000000e0000000,0x00000000e55c5420,0x00000000ebd00000)
  from space 24064K, 0% used [0x00000000ebd00000,0x00000000ebd00000,0x00000000ed480000)
  to   space 23552K, 0% used [0x00000000eeb00000,0x00000000eeb00000,0x00000000f0200000)
 ParOldGen       total 114688K, used 73375K [0x00000000a0000000, 0x00000000a7000000, 0x00000000e0000000)
  object space 114688K, 63% used [0x00000000a0000000,0x00000000a47a7c98,0x00000000a7000000)
 Metaspace       used 98049K, capacity 101920K, committed 102232K, reserved 1138688K
  class space    used 12201K, capacity 12996K, committed 13144K, reserved 1048576K
GC Heap History (10 events):
Event: 2290.617 GC heap before
{Heap before GC invocations=34 (full 4):
 PSYoungGen      total 200704K, used 177590K [0x00000000e0000000, 0x00000000eed00000, 0x0000000100000000)
  eden space 175104K, 100% used [0x00000000e0000000,0x00000000eab00000,0x00000000eab00000)
  from space 25600K, 9% used [0x00000000eab00000,0x00000000ead6dbe8,0x00000000ec400000)
  to   space 25088K, 0% used [0x00000000ed480000,0x00000000ed480000,0x00000000eed00000)
 ParOldGen       total 114688K, used 52812K [0x00000000a0000000, 0x00000000a7000000, 0x00000000e0000000)
  object space 114688K, 46% used [0x00000000a0000000,0x00000000a3393278,0x00000000a7000000)
 Metaspace       used 97304K, capacity 101194K, committed 101336K, reserved 1138688K
  class space    used 12153K, capacity 12963K, committed 13016K, reserved 1048576K
Event: 2290.662 GC heap after
Heap after GC invocations=34 (full 4):
 PSYoungGen      total 218624K, used 6281K [0x00000000e0000000, 0x00000000ef000000, 0x0000000100000000)
  eden space 193536K, 0% used [0x00000000e0000000,0x00000000e0000000,0x00000000ebd00000)
  from space 25088K, 25% used [0x00000000ed480000,0x00000000edaa26d8,0x00000000eed00000)
  to   space 24064K, 0% used [0x00000000ebd00000,0x00000000ebd00000,0x00000000ed480000)
 ParOldGen       total 114688K, used 52820K [0x00000000a0000000, 0x00000000a7000000, 0x00000000e0000000)
  object space 114688K, 46% used [0x00000000a0000000,0x00000000a3395278,0x00000000a7000000)
 Metaspace       used 97304K, capacity 101194K, committed 101336K, reserved 1138688K
  class space    used 12153K, capacity 12963K, committed 13016K, reserved 1048576K
}
Event: 2292.788 GC heap before
{Heap before GC invocations=35 (full 4):
 PSYoungGen      total 218624K, used 199817K [0x00000000e0000000, 0x00000000ef000000, 0x0000000100000000)
  eden space 193536K, 100% used [0x00000000e0000000,0x00000000ebd00000,0x00000000ebd00000)
  from space 25088K, 25% used [0x00000000ed480000,0x00000000edaa26d8,0x00000000eed00000)
  to   space 24064K, 0% used [0x00000000ebd00000,0x00000000ebd00000,0x00000000ed480000)
 ParOldGen       total 114688K, used 52820K [0x00000000a0000000, 0x00000000a7000000, 0x00000000e0000000)
  object space 114688K, 46% used [0x00000000a0000000,0x00000000a3395278,0x00000000a7000000)
 Metaspace       used 97421K, capacity 101322K, committed 101592K, reserved 1138688K
  class space    used 12154K, capacity 12963K, committed 13016K, reserved 1048576K
Event: 2292.804 GC heap after
Heap after GC invocations=35 (full 4):
 PSYoungGen      total 217600K, used 1280K [0x00000000e0000000, 0x00000000f0200000, 0x0000000100000000)
  eden space 193536K, 0% used [0x00000000e0000000,0x00000000e0000000,0x00000000ebd00000)
  from space 24064K, 5% used [0x00000000ebd00000,0x00000000ebe40010,0x00000000ed480000)
  to   space 23552K, 0% used [0x00000000eeb00000,0x00000000eeb00000,0x00000000f0200000)
 ParOldGen       total 114688K, used 52820K [0x00000000a0000000, 0x00000000a7000000, 0x00000000e0000000)
  object space 114688K, 46% used [0x00000000a0000000,0x00000000a3395278,0x00000000a7000000)
 Metaspace       used 97421K, capacity 101322K, committed 101592K, reserved 1138688K
  class space    used 12154K, capacity 12963K, committed 13016K, reserved 1048576K
}
Event: 2295.369 GC heap before
{Heap before GC invocations=36 (full 4):
 PSYoungGen      total 217600K, used 194816K [0x00000000e0000000, 0x00000000f0200000, 0x0000000100000000)
  eden space 193536K, 100% used [0x00000000e0000000,0x00000000ebd00000,0x00000000ebd00000)
  from space 24064K, 5% used [0x00000000ebd00000,0x00000000ebe40010,0x00000000ed480000)
  to   space 23552K, 0% used [0x00000000eeb00000,0x00000000eeb00000,0x00000000f0200000)
 ParOldGen       total 114688K, used 52820K [0x00000000a0000000, 0x00000000a7000000, 0x00000000e0000000)
  object space 114688K, 46% used [0x00000000a0000000,0x00000000a3395278,0x00000000a7000000)
 Metaspace       used 98006K, capacity 101938K, committed 102232K, reserved 1138688K
  class space    used 12213K, capacity 13019K, committed 13144K, reserved 1048576K
Event: 2295.556 GC heap after
Heap after GC invocations=36 (full 4):
 PSYoungGen      total 217088K, used 23527K [0x00000000e0000000, 0x00000000f0200000, 0x0000000100000000)
  eden space 193536K, 0% used [0x00000000e0000000,0x00000000e0000000,0x00000000ebd00000)
  from space 23552K, 99% used [0x00000000eeb00000,0x00000000f01f9f18,0x00000000f0200000)
  to   space 24064K, 0% used [0x00000000ebd00000,0x00000000ebd00000,0x00000000ed480000)
 ParOldGen       total 114688K, used 86852K [0x00000000a0000000, 0x00000000a7000000, 0x00000000e0000000)
  object space 114688K, 75% used [0x00000000a0000000,0x00000000a54d1180,0x00000000a7000000)
 Metaspace       used 98006K, capacity 101938K, committed 102232K, reserved 1138688K
  class space    used 12213K, capacity 13019K, committed 13144K, reserved 1048576K
}
Event: 2298.389 GC heap before
{Heap before GC invocations=37 (full 4):
 PSYoungGen      total 217088K, used 217063K [0x00000000e0000000, 0x00000000f0200000, 0x0000000100000000)
  eden space 193536K, 100% used [0x00000000e0000000,0x00000000ebd00000,0x00000000ebd00000)
  from space 23552K, 99% used [0x00000000eeb00000,0x00000000f01f9f18,0x00000000f0200000)
  to   space 24064K, 0% used [0x00000000ebd00000,0x00000000ebd00000,0x00000000ed480000)
 ParOldGen       total 114688K, used 86852K [0x00000000a0000000, 0x00000000a7000000, 0x00000000e0000000)
  object space 114688K, 75% used [0x00000000a0000000,0x00000000a54d1180,0x00000000a7000000)
 Metaspace       used 98072K, capacity 102082K, committed 102232K, reserved 1138688K
  class space    used 12217K, capacity 13025K, committed 13144K, reserved 1048576K
Event: 2298.534 GC heap after
Heap after GC invocations=37 (full 4):
 PSYoungGen      total 217600K, used 24049K [0x00000000e0000000, 0x00000000f0200000, 0x0000000100000000)
  eden space 193536K, 0% used [0x00000000e0000000,0x00000000e0000000,0x00000000ebd00000)
  from space 24064K, 99% used [0x00000000ebd00000,0x00000000ed47c520,0x00000000ed480000)
  to   space 23552K, 0% used [0x00000000eeb00000,0x00000000eeb00000,0x00000000f0200000)
 ParOldGen       total 114688K, used 105227K [0x00000000a0000000, 0x00000000a7000000, 0x00000000e0000000)
  object space 114688K, 91% used [0x00000000a0000000,0x00000000a66c2e18,0x00000000a7000000)
 Metaspace       used 98072K, capacity 102082K, committed 102232K, reserved 1138688K
  class space    used 12217K, capacity 13025K, committed 13144K, reserved 1048576K
}
Event: 2298.535 GC heap before
{Heap before GC invocations=38 (full 5):
 PSYoungGen      total 217600K, used 24049K [0x00000000e0000000, 0x00000000f0200000, 0x0000000100000000)
  eden space 193536K, 0% used [0x00000000e0000000,0x00000000e0000000,0x00000000ebd00000)
  from space 24064K, 99% used [0x00000000ebd00000,0x00000000ed47c520,0x00000000ed480000)
  to   space 23552K, 0% used [0x00000000eeb00000,0x00000000eeb00000,0x00000000f0200000)
 ParOldGen       total 114688K, used 105227K [0x00000000a0000000, 0x00000000a7000000, 0x00000000e0000000)
  object space 114688K, 91% used [0x00000000a0000000,0x00000000a66c2e18,0x00000000a7000000)
 Metaspace       used 98072K, capacity 102082K, committed 102232K, reserved 1138688K
  class space    used 12217K, capacity 13025K, committed 13144K, reserved 1048576K
Event: 2299.138 GC heap after
Heap after GC invocations=38 (full 5):
 PSYoungGen      total 217600K, used 0K [0x00000000e0000000, 0x00000000f0200000, 0x0000000100000000)
  eden space 193536K, 0% used [0x00000000e0000000,0x00000000e0000000,0x00000000ebd00000)
  from space 24064K, 0% used [0x00000000ebd00000,0x00000000ebd00000,0x00000000ed480000)
  to   space 23552K, 0% used [0x00000000eeb00000,0x00000000eeb00000,0x00000000f0200000)
 ParOldGen       total 114688K, used 73375K [0x00000000a0000000, 0x00000000a7000000, 0x00000000e0000000)
  object space 114688K, 63% used [0x00000000a0000000,0x00000000a47a7c98,0x00000000a7000000)
 Metaspace       used 98021K, capacity 101916K, committed 102232K, reserved 1138688K
  class space    used 12200K, capacity 12996K, committed 13144K, reserved 1048576K
}

