# JRE version: OpenJDK Runtime Environment (8.0_152-b01) (build 1.8.0_152-release-1248-b01)
# Java VM: OpenJDK 64-Bit Server VM (25.152-b01 mixed mode windows-amd64 compressed oops)
Heap:
 PSYoungGen      total 419840K, used 78414K [0x00000000e0000000, 0x00000000fce80000, 0x0000000100000000)
  eden space 392704K, 16% used [0x00000000e0000000,0x00000000e3e1f5f8,0x00000000f7f80000)
  from space 27136K, 54% used [0x00000000f7f80000,0x00000000f8df44d8,0x00000000f9a00000)
  to   space 26112K, 0% used [0x00000000fb500000,0x00000000fb500000,0x00000000fce80000)
 ParOldGen       total 92672K, used 31880K [0x00000000a0000000, 0x00000000a5a80000, 0x00000000e0000000)
  object space 92672K, 34% used [0x00000000a0000000,0x00000000a1f22208,0x00000000a5a80000)
 Metaspace       used 92694K, capacity 96212K, committed 96552K, reserved 1132544K
  class space    used 11789K, capacity 12506K, committed 12592K, reserved 1048576K
GC Heap History (10 events):
Event: 207.585 GC heap before
{Heap before GC invocations=18 (full 3):
 PSYoungGen      total 339968K, used 337111K [0x00000000e0000000, 0x00000000f6900000, 0x0000000100000000)
  eden space 317440K, 100% used [0x00000000e0000000,0x00000000f3600000,0x00000000f3600000)
  from space 22528K, 87% used [0x00000000f5300000,0x00000000f6635c60,0x00000000f6900000)
  to   space 26112K, 0% used [0x00000000f3600000,0x00000000f3600000,0x00000000f4f80000)
 ParOldGen       total 92672K, used 31848K [0x00000000a0000000, 0x00000000a5a80000, 0x00000000e0000000)
  object space 92672K, 34% used [0x00000000a0000000,0x00000000a1f1a208,0x00000000a5a80000)
 Metaspace       used 82102K, capacity 85090K, committed 85160K, reserved 1124352K
  class space    used 10512K, capacity 11149K, committed 11184K, reserved 1048576K
Event: 207.630 GC heap after
Heap after GC invocations=18 (full 3):
 PSYoungGen      total 343552K, used 12601K [0x00000000e0000000, 0x00000000f9000000, 0x0000000100000000)
  eden space 317440K, 0% used [0x00000000e0000000,0x00000000e0000000,0x00000000f3600000)
  from space 26112K, 48% used [0x00000000f3600000,0x00000000f424e7b0,0x00000000f4f80000)
  to   space 25088K, 0% used [0x00000000f7780000,0x00000000f7780000,0x00000000f9000000)
 ParOldGen       total 92672K, used 31856K [0x00000000a0000000, 0x00000000a5a80000, 0x00000000e0000000)
  object space 92672K, 34% used [0x00000000a0000000,0x00000000a1f1c208,0x00000000a5a80000)
 Metaspace       used 82102K, capacity 85090K, committed 85160K, reserved 1124352K
  class space    used 10512K, capacity 11149K, committed 11184K, reserved 1048576K
}
Event: 210.366 GC heap before
{Heap before GC invocations=19 (full 3):
 PSYoungGen      total 343552K, used 330041K [0x00000000e0000000, 0x00000000f9000000, 0x0000000100000000)
  eden space 317440K, 100% used [0x00000000e0000000,0x00000000f3600000,0x00000000f3600000)
  from space 26112K, 48% used [0x00000000f3600000,0x00000000f424e7b0,0x00000000f4f80000)
  to   space 25088K, 0% used [0x00000000f7780000,0x00000000f7780000,0x00000000f9000000)
 ParOldGen       total 92672K, used 31856K [0x00000000a0000000, 0x00000000a5a80000, 0x00000000e0000000)
  object space 92672K, 34% used [0x00000000a0000000,0x00000000a1f1c208,0x00000000a5a80000)
 Metaspace       used 82255K, capacity 85264K, committed 85416K, reserved 1124352K
  class space    used 10514K, capacity 11152K, committed 11184K, reserved 1048576K
Event: 210.440 GC heap after
Heap after GC invocations=19 (full 3):
 PSYoungGen      total 385024K, used 13165K [0x00000000e0000000, 0x00000000f9580000, 0x0000000100000000)
  eden space 359936K, 0% used [0x00000000e0000000,0x00000000e0000000,0x00000000f5f80000)
  from space 25088K, 52% used [0x00000000f7780000,0x00000000f845b6b8,0x00000000f9000000)
  to   space 24576K, 0% used [0x00000000f5f80000,0x00000000f5f80000,0x00000000f7780000)
 ParOldGen       total 92672K, used 31856K [0x00000000a0000000, 0x00000000a5a80000, 0x00000000e0000000)
  object space 92672K, 34% used [0x00000000a0000000,0x00000000a1f1c208,0x00000000a5a80000)
 Metaspace       used 82255K, capacity 85264K, committed 85416K, reserved 1124352K
  class space    used 10514K, capacity 11152K, committed 11184K, reserved 1048576K
}
Event: 217.590 GC heap before
{Heap before GC invocations=20 (full 3):
 PSYoungGen      total 385024K, used 373101K [0x00000000e0000000, 0x00000000f9580000, 0x0000000100000000)
  eden space 359936K, 100% used [0x00000000e0000000,0x00000000f5f80000,0x00000000f5f80000)
  from space 25088K, 52% used [0x00000000f7780000,0x00000000f845b6b8,0x00000000f9000000)
  to   space 24576K, 0% used [0x00000000f5f80000,0x00000000f5f80000,0x00000000f7780000)
 ParOldGen       total 92672K, used 31856K [0x00000000a0000000, 0x00000000a5a80000, 0x00000000e0000000)
  object space 92672K, 34% used [0x00000000a0000000,0x00000000a1f1c208,0x00000000a5a80000)
 Metaspace       used 82658K, capacity 85710K, committed 86056K, reserved 1124352K
  class space    used 10548K, capacity 11201K, committed 11312K, reserved 1048576K
Event: 217.771 GC heap after
Heap after GC invocations=20 (full 3):
 PSYoungGen      total 384512K, used 21593K [0x00000000e0000000, 0x00000000fbb00000, 0x0000000100000000)
  eden space 359936K, 0% used [0x00000000e0000000,0x00000000e0000000,0x00000000f5f80000)
  from space 24576K, 87% used [0x00000000f5f80000,0x00000000f7496720,0x00000000f7780000)
  to   space 26624K, 0% used [0x00000000fa100000,0x00000000fa100000,0x00000000fbb00000)
 ParOldGen       total 92672K, used 31864K [0x00000000a0000000, 0x00000000a5a80000, 0x00000000e0000000)
  object space 92672K, 34% used [0x00000000a0000000,0x00000000a1f1e208,0x00000000a5a80000)
 Metaspace       used 82658K, capacity 85710K, committed 86056K, reserved 1124352K
  class space    used 10548K, capacity 11201K, committed 11312K, reserved 1048576K
}
Event: 259.204 GC heap before
{Heap before GC invocations=21 (full 3):
 PSYoungGen      total 384512K, used 381529K [0x00000000e0000000, 0x00000000fbb00000, 0x0000000100000000)
  eden space 359936K, 100% used [0x00000000e0000000,0x00000000f5f80000,0x00000000f5f80000)
  from space 24576K, 87% used [0x00000000f5f80000,0x00000000f7496720,0x00000000f7780000)
  to   space 26624K, 0% used [0x00000000fa100000,0x00000000fa100000,0x00000000fbb00000)
 ParOldGen       total 92672K, used 31864K [0x00000000a0000000, 0x00000000a5a80000, 0x00000000e0000000)
  object space 92672K, 34% used [0x00000000a0000000,0x00000000a1f1e208,0x00000000a5a80000)
 Metaspace       used 83840K, capacity 86952K, committed 87208K, reserved 1124352K
  class space    used 10662K, capacity 11332K, committed 11440K, reserved 1048576K
Event: 259.246 GC heap after
Heap after GC invocations=21 (full 3):
 PSYoungGen      total 412672K, used 16433K [0x00000000e0000000, 0x00000000fb480000, 0x0000000100000000)
  eden space 392704K, 0% used [0x00000000e0000000,0x00000000e0000000,0x00000000f7f80000)
  from space 19968K, 82% used [0x00000000fa100000,0x00000000fb10c530,0x00000000fb480000)
  to   space 27136K, 0% used [0x00000000f7f80000,0x00000000f7f80000,0x00000000f9a00000)
 ParOldGen       total 92672K, used 31872K [0x00000000a0000000, 0x00000000a5a80000, 0x00000000e0000000)
  object space 92672K, 34% used [0x00000000a0000000,0x00000000a1f20208,0x00000000a5a80000)
 Metaspace       used 83840K, capacity 86952K, committed 87208K, reserved 1124352K
  class space    used 10662K, capacity 11332K, committed 11440K, reserved 1048576K
}
Event: 3479.225 GC heap before
{Heap before GC invocations=22 (full 3):
 PSYoungGen      total 412672K, used 409137K [0x00000000e0000000, 0x00000000fb480000, 0x0000000100000000)
  eden space 392704K, 100% used [0x00000000e0000000,0x00000000f7f80000,0x00000000f7f80000)
  from space 19968K, 82% used [0x00000000fa100000,0x00000000fb10c530,0x00000000fb480000)
  to   space 27136K, 0% used [0x00000000f7f80000,0x00000000f7f80000,0x00000000f9a00000)
 ParOldGen       total 92672K, used 31872K [0x00000000a0000000, 0x00000000a5a80000, 0x00000000e0000000)
  object space 92672K, 34% used [0x00000000a0000000,0x00000000a1f20208,0x00000000a5a80000)
 Metaspace       used 87672K, capacity 91094K, committed 91304K, reserved 1128448K
  class space    used 11225K, capacity 11945K, committed 11952K, reserved 1048576K
Event: 3479.281 GC heap after
Heap after GC invocations=22 (full 3):
 PSYoungGen      total 419840K, used 14801K [0x00000000e0000000, 0x00000000fce80000, 0x0000000100000000)
  eden space 392704K, 0% used [0x00000000e0000000,0x00000000e0000000,0x00000000f7f80000)
  from space 27136K, 54% used [0x00000000f7f80000,0x00000000f8df44d8,0x00000000f9a00000)
  to   space 26112K, 0% used [0x00000000fb500000,0x00000000fb500000,0x00000000fce80000)
 ParOldGen       total 92672K, used 31880K [0x00000000a0000000, 0x00000000a5a80000, 0x00000000e0000000)
  object space 92672K, 34% used [0x00000000a0000000,0x00000000a1f22208,0x00000000a5a80000)
 Metaspace       used 87672K, capacity 91094K, committed 91304K, reserved 1128448K
  class space    used 11225K, capacity 11945K, committed 11952K, reserved 1048576K
}

