# JRE version: OpenJDK Runtime Environment (8.0_152-b01) (build 1.8.0_152-release-1248-b01)
# Java VM: OpenJDK 64-Bit Server VM (25.152-b01 mixed mode windows-amd64 compressed oops)
Heap:
 PSYoungGen      total 192000K, used 38548K [0x00000000e0000000, 0x00000000ed900000, 0x0000000100000000)
  eden space 173568K, 22% used [0x00000000e0000000,0x00000000e25a51d0,0x00000000ea980000)
  from space 18432K, 0% used [0x00000000ebb00000,0x00000000ebb00000,0x00000000ecd00000)
  to   space 17920K, 0% used [0x00000000ea980000,0x00000000ea980000,0x00000000ebb00000)
 ParOldGen       total 59392K, used 33301K [0x00000000a0000000, 0x00000000a3a00000, 0x00000000e0000000)
  object space 59392K, 56% used [0x00000000a0000000,0x00000000a2085540,0x00000000a3a00000)
 Metaspace       used 59807K, capacity 61540K, committed 61736K, reserved 1101824K
  class space    used 8174K, capacity 8645K, committed 8752K, reserved 1048576K
GC Heap History (10 events):
Event: 20.447 GC heap before
{Heap before GC invocations=11 (full 2):
 PSYoungGen      total 136192K, used 9202K [0x00000000e0000000, 0x00000000ea380000, 0x0000000100000000)
  eden space 126976K, 0% used [0x00000000e0000000,0x00000000e0000000,0x00000000e7c00000)
  from space 9216K, 99% used [0x00000000e7c00000,0x00000000e84fc898,0x00000000e8500000)
  to   space 12288K, 0% used [0x00000000e9780000,0x00000000e9780000,0x00000000ea380000)
 ParOldGen       total 37888K, used 16464K [0x00000000a0000000, 0x00000000a2500000, 0x00000000e0000000)
  object space 37888K, 43% used [0x00000000a0000000,0x00000000a1014018,0x00000000a2500000)
 Metaspace       used 34711K, capacity 35218K, committed 35496K, reserved 1079296K
  class space    used 4828K, capacity 5029K, committed 5040K, reserved 1048576K
Event: 20.671 GC heap after
Heap after GC invocations=11 (full 2):
 PSYoungGen      total 136192K, used 0K [0x00000000e0000000, 0x00000000ea380000, 0x0000000100000000)
  eden space 126976K, 0% used [0x00000000e0000000,0x00000000e0000000,0x00000000e7c00000)
  from space 9216K, 0% used [0x00000000e7c00000,0x00000000e7c00000,0x00000000e8500000)
  to   space 12288K, 0% used [0x00000000e9780000,0x00000000e9780000,0x00000000ea380000)
 ParOldGen       total 59392K, used 19820K [0x00000000a0000000, 0x00000000a3a00000, 0x00000000e0000000)
  object space 59392K, 33% used [0x00000000a0000000,0x00000000a135b3c8,0x00000000a3a00000)
 Metaspace       used 34711K, capacity 35218K, committed 35496K, reserved 1079296K
  class space    used 4828K, capacity 5029K, committed 5040K, reserved 1048576K
}
Event: 25.369 GC heap before
{Heap before GC invocations=12 (full 2):
 PSYoungGen      total 136192K, used 126976K [0x00000000e0000000, 0x00000000ea380000, 0x0000000100000000)
  eden space 126976K, 100% used [0x00000000e0000000,0x00000000e7c00000,0x00000000e7c00000)
  from space 9216K, 0% used [0x00000000e7c00000,0x00000000e7c00000,0x00000000e8500000)
  to   space 12288K, 0% used [0x00000000e9780000,0x00000000e9780000,0x00000000ea380000)
 ParOldGen       total 59392K, used 19820K [0x00000000a0000000, 0x00000000a3a00000, 0x00000000e0000000)
  object space 59392K, 33% used [0x00000000a0000000,0x00000000a135b3c8,0x00000000a3a00000)
 Metaspace       used 44404K, capacity 45298K, committed 45608K, reserved 1089536K
  class space    used 6046K, capacity 6364K, committed 6448K, reserved 1048576K
Event: 25.408 GC heap after
Heap after GC invocations=12 (full 2):
 PSYoungGen      total 151552K, used 12263K [0x00000000e0000000, 0x00000000eb800000, 0x0000000100000000)
  eden space 139264K, 0% used [0x00000000e0000000,0x00000000e0000000,0x00000000e8800000)
  from space 12288K, 99% used [0x00000000e9780000,0x00000000ea379ea8,0x00000000ea380000)
  to   space 15872K, 0% used [0x00000000e8800000,0x00000000e8800000,0x00000000e9780000)
 ParOldGen       total 59392K, used 25046K [0x00000000a0000000, 0x00000000a3a00000, 0x00000000e0000000)
  object space 59392K, 42% used [0x00000000a0000000,0x00000000a1875a20,0x00000000a3a00000)
 Metaspace       used 44404K, capacity 45298K, committed 45608K, reserved 1089536K
  class space    used 6046K, capacity 6364K, committed 6448K, reserved 1048576K
}
Event: 29.482 GC heap before
{Heap before GC invocations=13 (full 2):
 PSYoungGen      total 151552K, used 151527K [0x00000000e0000000, 0x00000000eb800000, 0x0000000100000000)
  eden space 139264K, 100% used [0x00000000e0000000,0x00000000e8800000,0x00000000e8800000)
  from space 12288K, 99% used [0x00000000e9780000,0x00000000ea379ea8,0x00000000ea380000)
  to   space 15872K, 0% used [0x00000000e8800000,0x00000000e8800000,0x00000000e9780000)
 ParOldGen       total 59392K, used 25046K [0x00000000a0000000, 0x00000000a3a00000, 0x00000000e0000000)
  object space 59392K, 42% used [0x00000000a0000000,0x00000000a1875a20,0x00000000a3a00000)
 Metaspace       used 56080K, capacity 57476K, committed 57768K, reserved 1099776K
  class space    used 7634K, capacity 8029K, committed 8112K, reserved 1048576K
Event: 29.538 GC heap after
Heap after GC invocations=13 (full 2):
 PSYoungGen      total 155136K, used 15688K [0x00000000e0000000, 0x00000000ecd00000, 0x0000000100000000)
  eden space 139264K, 0% used [0x00000000e0000000,0x00000000e0000000,0x00000000e8800000)
  from space 15872K, 98% used [0x00000000e8800000,0x00000000e9752118,0x00000000e9780000)
  to   space 18432K, 0% used [0x00000000ebb00000,0x00000000ebb00000,0x00000000ecd00000)
 ParOldGen       total 59392K, used 35088K [0x00000000a0000000, 0x00000000a3a00000, 0x00000000e0000000)
  object space 59392K, 59% used [0x00000000a0000000,0x00000000a22443e8,0x00000000a3a00000)
 Metaspace       used 56080K, capacity 57476K, committed 57768K, reserved 1099776K
  class space    used 7634K, capacity 8029K, committed 8112K, reserved 1048576K
}
Event: 30.146 GC heap before
{Heap before GC invocations=14 (full 2):
 PSYoungGen      total 155136K, used 38247K [0x00000000e0000000, 0x00000000ecd00000, 0x0000000100000000)
  eden space 139264K, 16% used [0x00000000e0000000,0x00000000e1607b68,0x00000000e8800000)
  from space 15872K, 98% used [0x00000000e8800000,0x00000000e9752118,0x00000000e9780000)
  to   space 18432K, 0% used [0x00000000ebb00000,0x00000000ebb00000,0x00000000ecd00000)
 ParOldGen       total 59392K, used 35088K [0x00000000a0000000, 0x00000000a3a00000, 0x00000000e0000000)
  object space 59392K, 59% used [0x00000000a0000000,0x00000000a22443e8,0x00000000a3a00000)
 Metaspace       used 57532K, capacity 59070K, committed 59160K, reserved 1099776K
  class space    used 7874K, capacity 8316K, committed 8368K, reserved 1048576K
Event: 30.180 GC heap after
Heap after GC invocations=14 (full 2):
 PSYoungGen      total 192000K, used 9326K [0x00000000e0000000, 0x00000000ed900000, 0x0000000100000000)
  eden space 173568K, 0% used [0x00000000e0000000,0x00000000e0000000,0x00000000ea980000)
  from space 18432K, 50% used [0x00000000ebb00000,0x00000000ec41b8b8,0x00000000ecd00000)
  to   space 17920K, 0% used [0x00000000ea980000,0x00000000ea980000,0x00000000ebb00000)
 ParOldGen       total 59392K, used 35160K [0x00000000a0000000, 0x00000000a3a00000, 0x00000000e0000000)
  object space 59392K, 59% used [0x00000000a0000000,0x00000000a22563f8,0x00000000a3a00000)
 Metaspace       used 57532K, capacity 59070K, committed 59160K, reserved 1099776K
  class space    used 7874K, capacity 8316K, committed 8368K, reserved 1048576K
}
Event: 30.181 GC heap before
{Heap before GC invocations=15 (full 3):
 PSYoungGen      total 192000K, used 9326K [0x00000000e0000000, 0x00000000ed900000, 0x0000000100000000)
  eden space 173568K, 0% used [0x00000000e0000000,0x00000000e0000000,0x00000000ea980000)
  from space 18432K, 50% used [0x00000000ebb00000,0x00000000ec41b8b8,0x00000000ecd00000)
  to   space 17920K, 0% used [0x00000000ea980000,0x00000000ea980000,0x00000000ebb00000)
 ParOldGen       total 59392K, used 35160K [0x00000000a0000000, 0x00000000a3a00000, 0x00000000e0000000)
  object space 59392K, 59% used [0x00000000a0000000,0x00000000a22563f8,0x00000000a3a00000)
 Metaspace       used 57532K, capacity 59070K, committed 59160K, reserved 1099776K
  class space    used 7874K, capacity 8316K, committed 8368K, reserved 1048576K
Event: 30.623 GC heap after
Heap after GC invocations=15 (full 3):
 PSYoungGen      total 192000K, used 0K [0x00000000e0000000, 0x00000000ed900000, 0x0000000100000000)
  eden space 173568K, 0% used [0x00000000e0000000,0x00000000e0000000,0x00000000ea980000)
  from space 18432K, 0% used [0x00000000ebb00000,0x00000000ebb00000,0x00000000ecd00000)
  to   space 17920K, 0% used [0x00000000ea980000,0x00000000ea980000,0x00000000ebb00000)
 ParOldGen       total 59392K, used 33301K [0x00000000a0000000, 0x00000000a3a00000, 0x00000000e0000000)
  object space 59392K, 56% used [0x00000000a0000000,0x00000000a2085540,0x00000000a3a00000)
 Metaspace       used 57532K, capacity 59070K, committed 59160K, reserved 1099776K
  class space    used 7874K, capacity 8316K, committed 8368K, reserved 1048576K
}

