# JRE version: OpenJDK Runtime Environment (8.0_152-b01) (build 1.8.0_152-release-1248-b01)
# Java VM: OpenJDK 64-Bit Server VM (25.152-b01 mixed mode windows-amd64 compressed oops)
Heap:
 PSYoungGen      total 179200K, used 21990K [0x00000000e0000000, 0x00000000ec200000, 0x0000000100000000)
  eden space 162304K, 13% used [0x00000000e0000000,0x00000000e1579898,0x00000000e9e80000)
  from space 16896K, 0% used [0x00000000eb000000,0x00000000eb000000,0x00000000ec080000)
  to   space 17920K, 0% used [0x00000000e9e80000,0x00000000e9e80000,0x00000000eb000000)
 ParOldGen       total 57856K, used 38203K [0x00000000a0000000, 0x00000000a3880000, 0x00000000e0000000)
  object space 57856K, 66% used [0x00000000a0000000,0x00000000a254ec38,0x00000000a3880000)
 Metaspace       used 58246K, capacity 59724K, committed 59992K, reserved 1101824K
  class space    used 7812K, capacity 8251K, committed 8280K, reserved 1048576K
GC Heap History (10 events):
Event: 13.864 GC heap before
{Heap before GC invocations=11 (full 1):
 PSYoungGen      total 133632K, used 25061K [0x00000000e0000000, 0x00000000e9100000, 0x0000000100000000)
  eden space 123904K, 12% used [0x00000000e0000000,0x00000000e0f015c0,0x00000000e7900000)
  from space 9728K, 99% used [0x00000000e7a80000,0x00000000e83f8080,0x00000000e8400000)
  to   space 12288K, 0% used [0x00000000e8500000,0x00000000e8500000,0x00000000e9100000)
 ParOldGen       total 40448K, used 15707K [0x00000000a0000000, 0x00000000a2780000, 0x00000000e0000000)
  object space 40448K, 38% used [0x00000000a0000000,0x00000000a0f56e90,0x00000000a2780000)
 Metaspace       used 34783K, capacity 35408K, committed 35456K, reserved 1079296K
  class space    used 4747K, capacity 4981K, committed 4992K, reserved 1048576K
Event: 13.885 GC heap after
Heap after GC invocations=11 (full 1):
 PSYoungGen      total 135168K, used 9795K [0x00000000e0000000, 0x00000000ebc00000, 0x0000000100000000)
  eden space 122880K, 0% used [0x00000000e0000000,0x00000000e0000000,0x00000000e7800000)
  from space 12288K, 79% used [0x00000000e8500000,0x00000000e8e90dc8,0x00000000e9100000)
  to   space 13312K, 0% used [0x00000000e7800000,0x00000000e7800000,0x00000000e8500000)
 ParOldGen       total 40448K, used 15715K [0x00000000a0000000, 0x00000000a2780000, 0x00000000e0000000)
  object space 40448K, 38% used [0x00000000a0000000,0x00000000a0f58e90,0x00000000a2780000)
 Metaspace       used 34783K, capacity 35408K, committed 35456K, reserved 1079296K
  class space    used 4747K, capacity 4981K, committed 4992K, reserved 1048576K
}
Event: 13.885 GC heap before
{Heap before GC invocations=12 (full 2):
 PSYoungGen      total 135168K, used 9795K [0x00000000e0000000, 0x00000000ebc00000, 0x0000000100000000)
  eden space 122880K, 0% used [0x00000000e0000000,0x00000000e0000000,0x00000000e7800000)
  from space 12288K, 79% used [0x00000000e8500000,0x00000000e8e90dc8,0x00000000e9100000)
  to   space 13312K, 0% used [0x00000000e7800000,0x00000000e7800000,0x00000000e8500000)
 ParOldGen       total 40448K, used 15715K [0x00000000a0000000, 0x00000000a2780000, 0x00000000e0000000)
  object space 40448K, 38% used [0x00000000a0000000,0x00000000a0f58e90,0x00000000a2780000)
 Metaspace       used 34783K, capacity 35408K, committed 35456K, reserved 1079296K
  class space    used 4747K, capacity 4981K, committed 4992K, reserved 1048576K
Event: 14.075 GC heap after
Heap after GC invocations=12 (full 2):
 PSYoungGen      total 135168K, used 0K [0x00000000e0000000, 0x00000000ebc00000, 0x0000000100000000)
  eden space 122880K, 0% used [0x00000000e0000000,0x00000000e0000000,0x00000000e7800000)
  from space 12288K, 0% used [0x00000000e8500000,0x00000000e8500000,0x00000000e9100000)
  to   space 13312K, 0% used [0x00000000e7800000,0x00000000e7800000,0x00000000e8500000)
 ParOldGen       total 57856K, used 16650K [0x00000000a0000000, 0x00000000a3880000, 0x00000000e0000000)
  object space 57856K, 28% used [0x00000000a0000000,0x00000000a1042a30,0x00000000a3880000)
 Metaspace       used 34759K, capacity 35320K, committed 35456K, reserved 1079296K
  class space    used 4741K, capacity 4973K, committed 4992K, reserved 1048576K
}
Event: 16.791 GC heap before
{Heap before GC invocations=13 (full 2):
 PSYoungGen      total 135168K, used 122880K [0x00000000e0000000, 0x00000000ebc00000, 0x0000000100000000)
  eden space 122880K, 100% used [0x00000000e0000000,0x00000000e7800000,0x00000000e7800000)
  from space 12288K, 0% used [0x00000000e8500000,0x00000000e8500000,0x00000000e9100000)
  to   space 13312K, 0% used [0x00000000e7800000,0x00000000e7800000,0x00000000e8500000)
 ParOldGen       total 57856K, used 16650K [0x00000000a0000000, 0x00000000a3880000, 0x00000000e0000000)
  object space 57856K, 28% used [0x00000000a0000000,0x00000000a1042a30,0x00000000a3880000)
 Metaspace       used 45989K, capacity 46812K, committed 46976K, reserved 1089536K
  class space    used 6134K, capacity 6441K, committed 6528K, reserved 1048576K
Event: 16.911 GC heap after
Heap after GC invocations=13 (full 2):
 PSYoungGen      total 136192K, used 13303K [0x00000000e0000000, 0x00000000ec080000, 0x0000000100000000)
  eden space 122880K, 0% used [0x00000000e0000000,0x00000000e0000000,0x00000000e7800000)
  from space 13312K, 99% used [0x00000000e7800000,0x00000000e84fdfe0,0x00000000e8500000)
  to   space 16896K, 0% used [0x00000000eb000000,0x00000000eb000000,0x00000000ec080000)
 ParOldGen       total 57856K, used 21236K [0x00000000a0000000, 0x00000000a3880000, 0x00000000e0000000)
  object space 57856K, 36% used [0x00000000a0000000,0x00000000a14bd130,0x00000000a3880000)
 Metaspace       used 45989K, capacity 46812K, committed 46976K, reserved 1089536K
  class space    used 6134K, capacity 6441K, committed 6528K, reserved 1048576K
}
Event: 21.266 GC heap before
{Heap before GC invocations=14 (full 2):
 PSYoungGen      total 136192K, used 136183K [0x00000000e0000000, 0x00000000ec080000, 0x0000000100000000)
  eden space 122880K, 100% used [0x00000000e0000000,0x00000000e7800000,0x00000000e7800000)
  from space 13312K, 99% used [0x00000000e7800000,0x00000000e84fdfe0,0x00000000e8500000)
  to   space 16896K, 0% used [0x00000000eb000000,0x00000000eb000000,0x00000000ec080000)
 ParOldGen       total 57856K, used 21236K [0x00000000a0000000, 0x00000000a3880000, 0x00000000e0000000)
  object space 57856K, 36% used [0x00000000a0000000,0x00000000a14bd130,0x00000000a3880000)
 Metaspace       used 57664K, capacity 58964K, committed 59096K, reserved 1099776K
  class space    used 7690K, capacity 8072K, committed 8152K, reserved 1048576K
Event: 21.361 GC heap after
Heap after GC invocations=14 (full 2):
 PSYoungGen      total 179200K, used 13494K [0x00000000e0000000, 0x00000000ec200000, 0x0000000100000000)
  eden space 162304K, 0% used [0x00000000e0000000,0x00000000e0000000,0x00000000e9e80000)
  from space 16896K, 79% used [0x00000000eb000000,0x00000000ebd2db88,0x00000000ec080000)
  to   space 17920K, 0% used [0x00000000e9e80000,0x00000000e9e80000,0x00000000eb000000)
 ParOldGen       total 57856K, used 31604K [0x00000000a0000000, 0x00000000a3880000, 0x00000000e0000000)
  object space 57856K, 54% used [0x00000000a0000000,0x00000000a1edd0c8,0x00000000a3880000)
 Metaspace       used 57664K, capacity 58964K, committed 59096K, reserved 1099776K
  class space    used 7690K, capacity 8072K, committed 8152K, reserved 1048576K
}
Event: 21.361 GC heap before
{Heap before GC invocations=15 (full 3):
 PSYoungGen      total 179200K, used 13494K [0x00000000e0000000, 0x00000000ec200000, 0x0000000100000000)
  eden space 162304K, 0% used [0x00000000e0000000,0x00000000e0000000,0x00000000e9e80000)
  from space 16896K, 79% used [0x00000000eb000000,0x00000000ebd2db88,0x00000000ec080000)
  to   space 17920K, 0% used [0x00000000e9e80000,0x00000000e9e80000,0x00000000eb000000)
 ParOldGen       total 57856K, used 31604K [0x00000000a0000000, 0x00000000a3880000, 0x00000000e0000000)
  object space 57856K, 54% used [0x00000000a0000000,0x00000000a1edd0c8,0x00000000a3880000)
 Metaspace       used 57664K, capacity 58964K, committed 59096K, reserved 1099776K
  class space    used 7690K, capacity 8072K, committed 8152K, reserved 1048576K
Event: 21.787 GC heap after
Heap after GC invocations=15 (full 3):
 PSYoungGen      total 179200K, used 0K [0x00000000e0000000, 0x00000000ec200000, 0x0000000100000000)
  eden space 162304K, 0% used [0x00000000e0000000,0x00000000e0000000,0x00000000e9e80000)
  from space 16896K, 0% used [0x00000000eb000000,0x00000000eb000000,0x00000000ec080000)
  to   space 17920K, 0% used [0x00000000e9e80000,0x00000000e9e80000,0x00000000eb000000)
 ParOldGen       total 57856K, used 38203K [0x00000000a0000000, 0x00000000a3880000, 0x00000000e0000000)
  object space 57856K, 66% used [0x00000000a0000000,0x00000000a254ec38,0x00000000a3880000)
 Metaspace       used 57664K, capacity 58964K, committed 59096K, reserved 1099776K
  class space    used 7690K, capacity 8072K, committed 8152K, reserved 1048576K
}

