# JRE version: OpenJDK Runtime Environment (8.0_152-b01) (build 1.8.0_152-release-1248-b01)
# Java VM: OpenJDK 64-Bit Server VM (25.152-b01 mixed mode windows-amd64 compressed oops)
Heap:
 PSYoungGen      total 406528K, used 54713K [0x00000000e0000000, 0x00000000fd780000, 0x0000000100000000)
  eden space 387584K, 13% used [0x00000000e0000000,0x00000000e34ce508,0x00000000f7a80000)
  from space 18944K, 3% used [0x00000000f7a80000,0x00000000f7b20010,0x00000000f8d00000)
  to   space 18944K, 0% used [0x00000000fc500000,0x00000000fc500000,0x00000000fd780000)
 ParOldGen       total 99840K, used 43950K [0x00000000a0000000, 0x00000000a6180000, 0x00000000e0000000)
  object space 99840K, 44% used [0x00000000a0000000,0x00000000a2aeb8d0,0x00000000a6180000)
 Metaspace       used 74643K, capacity 77710K, committed 77864K, reserved 1116160K
  class space    used 9869K, capacity 10533K, committed 10544K, reserved 1048576K
GC Heap History (10 events):
Event: 86.433 GC heap before
{Heap before GC invocations=20 (full 3):
 PSYoungGen      total 289280K, used 282948K [0x00000000e0000000, 0x00000000f2e80000, 0x0000000100000000)
  eden space 269824K, 100% used [0x00000000e0000000,0x00000000f0780000,0x00000000f0780000)
  from space 19456K, 67% used [0x00000000f1b00000,0x00000000f27d13e8,0x00000000f2e00000)
  to   space 19968K, 0% used [0x00000000f0780000,0x00000000f0780000,0x00000000f1b00000)
 ParOldGen       total 99840K, used 39893K [0x00000000a0000000, 0x00000000a6180000, 0x00000000e0000000)
  object space 99840K, 39% used [0x00000000a0000000,0x00000000a26f54d8,0x00000000a6180000)
 Metaspace       used 74099K, capacity 77082K, committed 77352K, reserved 1116160K
  class space    used 9834K, capacity 10465K, committed 10544K, reserved 1048576K
Event: 86.456 GC heap after
Heap after GC invocations=20 (full 3):
 PSYoungGen      total 289792K, used 3379K [0x00000000e0000000, 0x00000000f7000000, 0x0000000100000000)
  eden space 269824K, 0% used [0x00000000e0000000,0x00000000e0000000,0x00000000f0780000)
  from space 19968K, 16% used [0x00000000f0780000,0x00000000f0accec0,0x00000000f1b00000)
  to   space 19968K, 0% used [0x00000000f5c80000,0x00000000f5c80000,0x00000000f7000000)
 ParOldGen       total 99840K, used 43153K [0x00000000a0000000, 0x00000000a6180000, 0x00000000e0000000)
  object space 99840K, 43% used [0x00000000a0000000,0x00000000a2a244a0,0x00000000a6180000)
 Metaspace       used 74099K, capacity 77082K, committed 77352K, reserved 1116160K
  class space    used 9834K, capacity 10465K, committed 10544K, reserved 1048576K
}
Event: 89.690 GC heap before
{Heap before GC invocations=21 (full 3):
 PSYoungGen      total 289792K, used 273203K [0x00000000e0000000, 0x00000000f7000000, 0x0000000100000000)
  eden space 269824K, 100% used [0x00000000e0000000,0x00000000f0780000,0x00000000f0780000)
  from space 19968K, 16% used [0x00000000f0780000,0x00000000f0accec0,0x00000000f1b00000)
  to   space 19968K, 0% used [0x00000000f5c80000,0x00000000f5c80000,0x00000000f7000000)
 ParOldGen       total 99840K, used 43153K [0x00000000a0000000, 0x00000000a6180000, 0x00000000e0000000)
  object space 99840K, 43% used [0x00000000a0000000,0x00000000a2a244a0,0x00000000a6180000)
 Metaspace       used 74261K, capacity 77244K, committed 77352K, reserved 1116160K
  class space    used 9845K, capacity 10468K, committed 10544K, reserved 1048576K
Event: 89.699 GC heap after
Heap after GC invocations=21 (full 3):
 PSYoungGen      total 343552K, used 3072K [0x00000000e0000000, 0x00000000f6980000, 0x0000000100000000)
  eden space 330240K, 0% used [0x00000000e0000000,0x00000000e0000000,0x00000000f4280000)
  from space 13312K, 23% used [0x00000000f5c80000,0x00000000f5f800d8,0x00000000f6980000)
  to   space 19968K, 0% used [0x00000000f4280000,0x00000000f4280000,0x00000000f5600000)
 ParOldGen       total 99840K, used 43497K [0x00000000a0000000, 0x00000000a6180000, 0x00000000e0000000)
  object space 99840K, 43% used [0x00000000a0000000,0x00000000a2a7a4c8,0x00000000a6180000)
 Metaspace       used 74261K, capacity 77244K, committed 77352K, reserved 1116160K
  class space    used 9845K, capacity 10468K, committed 10544K, reserved 1048576K
}
Event: 93.003 GC heap before
{Heap before GC invocations=22 (full 3):
 PSYoungGen      total 343552K, used 333312K [0x00000000e0000000, 0x00000000f6980000, 0x0000000100000000)
  eden space 330240K, 100% used [0x00000000e0000000,0x00000000f4280000,0x00000000f4280000)
  from space 13312K, 23% used [0x00000000f5c80000,0x00000000f5f800d8,0x00000000f6980000)
  to   space 19968K, 0% used [0x00000000f4280000,0x00000000f4280000,0x00000000f5600000)
 ParOldGen       total 99840K, used 43497K [0x00000000a0000000, 0x00000000a6180000, 0x00000000e0000000)
  object space 99840K, 43% used [0x00000000a0000000,0x00000000a2a7a4c8,0x00000000a6180000)
 Metaspace       used 74341K, capacity 77384K, committed 77608K, reserved 1116160K
  class space    used 9845K, capacity 10468K, committed 10544K, reserved 1048576K
Event: 93.012 GC heap after
Heap after GC invocations=22 (full 3):
 PSYoungGen      total 350208K, used 1265K [0x00000000e0000000, 0x00000000fa800000, 0x0000000100000000)
  eden space 330240K, 0% used [0x00000000e0000000,0x00000000e0000000,0x00000000f4280000)
  from space 19968K, 6% used [0x00000000f4280000,0x00000000f43bc7a8,0x00000000f5600000)
  to   space 19456K, 0% used [0x00000000f9500000,0x00000000f9500000,0x00000000fa800000)
 ParOldGen       total 99840K, used 43887K [0x00000000a0000000, 0x00000000a6180000, 0x00000000e0000000)
  object space 99840K, 43% used [0x00000000a0000000,0x00000000a2adbdf0,0x00000000a6180000)
 Metaspace       used 74341K, capacity 77384K, committed 77608K, reserved 1116160K
  class space    used 9845K, capacity 10468K, committed 10544K, reserved 1048576K
}
Event: 96.600 GC heap before
{Heap before GC invocations=23 (full 3):
 PSYoungGen      total 350208K, used 331505K [0x00000000e0000000, 0x00000000fa800000, 0x0000000100000000)
  eden space 330240K, 100% used [0x00000000e0000000,0x00000000f4280000,0x00000000f4280000)
  from space 19968K, 6% used [0x00000000f4280000,0x00000000f43bc7a8,0x00000000f5600000)
  to   space 19456K, 0% used [0x00000000f9500000,0x00000000f9500000,0x00000000fa800000)
 ParOldGen       total 99840K, used 43887K [0x00000000a0000000, 0x00000000a6180000, 0x00000000e0000000)
  object space 99840K, 43% used [0x00000000a0000000,0x00000000a2adbdf0,0x00000000a6180000)
 Metaspace       used 74495K, capacity 77550K, committed 77608K, reserved 1116160K
  class space    used 9853K, capacity 10501K, committed 10544K, reserved 1048576K
Event: 96.611 GC heap after
Heap after GC invocations=23 (full 3):
 PSYoungGen      total 398336K, used 2999K [0x00000000e0000000, 0x00000000f9f80000, 0x0000000100000000)
  eden space 387584K, 0% used [0x00000000e0000000,0x00000000e0000000,0x00000000f7a80000)
  from space 10752K, 27% used [0x00000000f9500000,0x00000000f97edfe0,0x00000000f9f80000)
  to   space 18944K, 0% used [0x00000000f7a80000,0x00000000f7a80000,0x00000000f8d00000)
 ParOldGen       total 99840K, used 43942K [0x00000000a0000000, 0x00000000a6180000, 0x00000000e0000000)
  object space 99840K, 44% used [0x00000000a0000000,0x00000000a2ae98d0,0x00000000a6180000)
 Metaspace       used 74495K, capacity 77550K, committed 77608K, reserved 1116160K
  class space    used 9853K, capacity 10501K, committed 10544K, reserved 1048576K
}
Event: 100.852 GC heap before
{Heap before GC invocations=24 (full 3):
 PSYoungGen      total 398336K, used 390583K [0x00000000e0000000, 0x00000000f9f80000, 0x0000000100000000)
  eden space 387584K, 100% used [0x00000000e0000000,0x00000000f7a80000,0x00000000f7a80000)
  from space 10752K, 27% used [0x00000000f9500000,0x00000000f97edfe0,0x00000000f9f80000)
  to   space 18944K, 0% used [0x00000000f7a80000,0x00000000f7a80000,0x00000000f8d00000)
 ParOldGen       total 99840K, used 43942K [0x00000000a0000000, 0x00000000a6180000, 0x00000000e0000000)
  object space 99840K, 44% used [0x00000000a0000000,0x00000000a2ae98d0,0x00000000a6180000)
 Metaspace       used 74639K, capacity 77710K, committed 77864K, reserved 1116160K
  class space    used 9869K, capacity 10533K, committed 10544K, reserved 1048576K
Event: 100.857 GC heap after
Heap after GC invocations=24 (full 3):
 PSYoungGen      total 406528K, used 640K [0x00000000e0000000, 0x00000000fd780000, 0x0000000100000000)
  eden space 387584K, 0% used [0x00000000e0000000,0x00000000e0000000,0x00000000f7a80000)
  from space 18944K, 3% used [0x00000000f7a80000,0x00000000f7b20010,0x00000000f8d00000)
  to   space 18944K, 0% used [0x00000000fc500000,0x00000000fc500000,0x00000000fd780000)
 ParOldGen       total 99840K, used 43950K [0x00000000a0000000, 0x00000000a6180000, 0x00000000e0000000)
  object space 99840K, 44% used [0x00000000a0000000,0x00000000a2aeb8d0,0x00000000a6180000)
 Metaspace       used 74639K, capacity 77710K, committed 77864K, reserved 1116160K
  class space    used 9869K, capacity 10533K, committed 10544K, reserved 1048576K
}

