# JRE version: OpenJDK Runtime Environment (8.0_152-b01) (build 1.8.0_152-release-1248-b01)
# Java VM: OpenJDK 64-Bit Server VM (25.152-b01 mixed mode windows-amd64 compressed oops)
Heap:
 PSYoungGen      total 70656K, used 31418K [0x00000000e0000000, 0x00000000e6c00000, 0x0000000100000000)
  eden space 63488K, 38% used [0x00000000e0000000,0x00000000e17c8400,0x00000000e3e00000)
  from space 7168K, 98% used [0x00000000e4600000,0x00000000e4ce6588,0x00000000e4d00000)
  to   space 8192K, 0% used [0x00000000e3e00000,0x00000000e3e00000,0x00000000e4600000)
 ParOldGen       total 30208K, used 8326K [0x00000000a0000000, 0x00000000a1d80000, 0x00000000e0000000)
  object space 30208K, 27% used [0x00000000a0000000,0x00000000a0821ac0,0x00000000a1d80000)
 Metaspace       used 28514K, capacity 29008K, committed 29232K, reserved 1075200K
  class space    used 3943K, capacity 4131K, committed 4144K, reserved 1048576K
GC Heap History (10 events):
Event: 5.350 GC heap before
{Heap before GC invocations=7 (full 0):
 PSYoungGen      total 37376K, used 36862K [0x00000000e0000000, 0x00000000e2b00000, 0x0000000100000000)
  eden space 32256K, 100% used [0x00000000e0000000,0x00000000e1f80000,0x00000000e1f80000)
  from space 5120K, 89% used [0x00000000e2500000,0x00000000e297fa68,0x00000000e2a00000)
  to   space 5632K, 0% used [0x00000000e1f80000,0x00000000e1f80000,0x00000000e2500000)
 ParOldGen       total 44032K, used 4321K [0x00000000a0000000, 0x00000000a2b00000, 0x00000000e0000000)
  object space 44032K, 9% used [0x00000000a0000000,0x00000000a04386a8,0x00000000a2b00000)
 Metaspace       used 16467K, capacity 16810K, committed 16896K, reserved 1062912K
  class space    used 2365K, capacity 2519K, committed 2560K, reserved 1048576K
Event: 5.366 GC heap after
Heap after GC invocations=7 (full 0):
 PSYoungGen      total 37888K, used 5630K [0x00000000e0000000, 0x00000000e4d00000, 0x0000000100000000)
  eden space 32256K, 0% used [0x00000000e0000000,0x00000000e0000000,0x00000000e1f80000)
  from space 5632K, 99% used [0x00000000e1f80000,0x00000000e24ff8b8,0x00000000e2500000)
  to   space 7168K, 0% used [0x00000000e4600000,0x00000000e4600000,0x00000000e4d00000)
 ParOldGen       total 44032K, used 5395K [0x00000000a0000000, 0x00000000a2b00000, 0x00000000e0000000)
  object space 44032K, 12% used [0x00000000a0000000,0x00000000a0544c78,0x00000000a2b00000)
 Metaspace       used 16467K, capacity 16810K, committed 16896K, reserved 1062912K
  class space    used 2365K, capacity 2519K, committed 2560K, reserved 1048576K
}
Event: 6.779 GC heap before
{Heap before GC invocations=8 (full 0):
 PSYoungGen      total 37888K, used 37886K [0x00000000e0000000, 0x00000000e4d00000, 0x0000000100000000)
  eden space 32256K, 100% used [0x00000000e0000000,0x00000000e1f80000,0x00000000e1f80000)
  from space 5632K, 99% used [0x00000000e1f80000,0x00000000e24ff8b8,0x00000000e2500000)
  to   space 7168K, 0% used [0x00000000e4600000,0x00000000e4600000,0x00000000e4d00000)
 ParOldGen       total 44032K, used 5395K [0x00000000a0000000, 0x00000000a2b00000, 0x00000000e0000000)
  object space 44032K, 12% used [0x00000000a0000000,0x00000000a0544c78,0x00000000a2b00000)
 Metaspace       used 20244K, capacity 20694K, committed 20736K, reserved 1067008K
  class space    used 2855K, capacity 3053K, committed 3072K, reserved 1048576K
Event: 6.796 GC heap after
Heap after GC invocations=8 (full 0):
 PSYoungGen      total 71168K, used 6551K [0x00000000e0000000, 0x00000000e4e00000, 0x0000000100000000)
  eden space 64000K, 0% used [0x00000000e0000000,0x00000000e0000000,0x00000000e3e80000)
  from space 7168K, 91% used [0x00000000e4600000,0x00000000e4c65d98,0x00000000e4d00000)
  to   space 7680K, 0% used [0x00000000e3e80000,0x00000000e3e80000,0x00000000e4600000)
 ParOldGen       total 44032K, used 6363K [0x00000000a0000000, 0x00000000a2b00000, 0x00000000e0000000)
  object space 44032K, 14% used [0x00000000a0000000,0x00000000a0636c98,0x00000000a2b00000)
 Metaspace       used 20244K, capacity 20694K, committed 20736K, reserved 1067008K
  class space    used 2855K, capacity 3053K, committed 3072K, reserved 1048576K
}
Event: 6.842 GC heap before
{Heap before GC invocations=9 (full 0):
 PSYoungGen      total 71168K, used 8680K [0x00000000e0000000, 0x00000000e4e00000, 0x0000000100000000)
  eden space 64000K, 3% used [0x00000000e0000000,0x00000000e0214290,0x00000000e3e80000)
  from space 7168K, 91% used [0x00000000e4600000,0x00000000e4c65d98,0x00000000e4d00000)
  to   space 7680K, 0% used [0x00000000e3e80000,0x00000000e3e80000,0x00000000e4600000)
 ParOldGen       total 44032K, used 6363K [0x00000000a0000000, 0x00000000a2b00000, 0x00000000e0000000)
  object space 44032K, 14% used [0x00000000a0000000,0x00000000a0636c98,0x00000000a2b00000)
 Metaspace       used 20818K, capacity 21238K, committed 21296K, reserved 1067008K
  class space    used 2910K, capacity 3085K, committed 3120K, reserved 1048576K
Event: 6.854 GC heap after
Heap after GC invocations=9 (full 0):
 PSYoungGen      total 71680K, used 3250K [0x00000000e0000000, 0x00000000e4e00000, 0x0000000100000000)
  eden space 64000K, 0% used [0x00000000e0000000,0x00000000e0000000,0x00000000e3e80000)
  from space 7680K, 42% used [0x00000000e3e80000,0x00000000e41ac9a0,0x00000000e4600000)
  to   space 7168K, 0% used [0x00000000e4600000,0x00000000e4600000,0x00000000e4d00000)
 ParOldGen       total 44032K, used 7271K [0x00000000a0000000, 0x00000000a2b00000, 0x00000000e0000000)
  object space 44032K, 16% used [0x00000000a0000000,0x00000000a0719d00,0x00000000a2b00000)
 Metaspace       used 20818K, capacity 21238K, committed 21296K, reserved 1067008K
  class space    used 2910K, capacity 3085K, committed 3120K, reserved 1048576K
}
Event: 6.854 GC heap before
{Heap before GC invocations=10 (full 1):
 PSYoungGen      total 71680K, used 3250K [0x00000000e0000000, 0x00000000e4e00000, 0x0000000100000000)
  eden space 64000K, 0% used [0x00000000e0000000,0x00000000e0000000,0x00000000e3e80000)
  from space 7680K, 42% used [0x00000000e3e80000,0x00000000e41ac9a0,0x00000000e4600000)
  to   space 7168K, 0% used [0x00000000e4600000,0x00000000e4600000,0x00000000e4d00000)
 ParOldGen       total 44032K, used 7271K [0x00000000a0000000, 0x00000000a2b00000, 0x00000000e0000000)
  object space 44032K, 16% used [0x00000000a0000000,0x00000000a0719d00,0x00000000a2b00000)
 Metaspace       used 20818K, capacity 21238K, committed 21296K, reserved 1067008K
  class space    used 2910K, capacity 3085K, committed 3120K, reserved 1048576K
Event: 6.947 GC heap after
Heap after GC invocations=10 (full 1):
 PSYoungGen      total 71680K, used 0K [0x00000000e0000000, 0x00000000e4e00000, 0x0000000100000000)
  eden space 64000K, 0% used [0x00000000e0000000,0x00000000e0000000,0x00000000e3e80000)
  from space 7680K, 0% used [0x00000000e3e80000,0x00000000e3e80000,0x00000000e4600000)
  to   space 7168K, 0% used [0x00000000e4600000,0x00000000e4600000,0x00000000e4d00000)
 ParOldGen       total 30208K, used 8318K [0x00000000a0000000, 0x00000000a1d80000, 0x00000000e0000000)
  object space 30208K, 27% used [0x00000000a0000000,0x00000000a081fac0,0x00000000a1d80000)
 Metaspace       used 20818K, capacity 21238K, committed 21296K, reserved 1067008K
  class space    used 2910K, capacity 3085K, committed 3120K, reserved 1048576K
}
Event: 8.933 GC heap before
{Heap before GC invocations=11 (full 1):
 PSYoungGen      total 71680K, used 64000K [0x00000000e0000000, 0x00000000e4e00000, 0x0000000100000000)
  eden space 64000K, 100% used [0x00000000e0000000,0x00000000e3e80000,0x00000000e3e80000)
  from space 7680K, 0% used [0x00000000e3e80000,0x00000000e3e80000,0x00000000e4600000)
  to   space 7168K, 0% used [0x00000000e4600000,0x00000000e4600000,0x00000000e4d00000)
 ParOldGen       total 30208K, used 8318K [0x00000000a0000000, 0x00000000a1d80000, 0x00000000e0000000)
  object space 30208K, 27% used [0x00000000a0000000,0x00000000a081fac0,0x00000000a1d80000)
 Metaspace       used 27148K, capacity 27588K, committed 27696K, reserved 1073152K
  class space    used 3688K, capacity 3872K, committed 3888K, reserved 1048576K
Event: 8.949 GC heap after
Heap after GC invocations=11 (full 1):
 PSYoungGen      total 70656K, used 7065K [0x00000000e0000000, 0x00000000e6c00000, 0x0000000100000000)
  eden space 63488K, 0% used [0x00000000e0000000,0x00000000e0000000,0x00000000e3e00000)
  from space 7168K, 98% used [0x00000000e4600000,0x00000000e4ce6588,0x00000000e4d00000)
  to   space 8192K, 0% used [0x00000000e3e00000,0x00000000e3e00000,0x00000000e4600000)
 ParOldGen       total 30208K, used 8326K [0x00000000a0000000, 0x00000000a1d80000, 0x00000000e0000000)
  object space 30208K, 27% used [0x00000000a0000000,0x00000000a0821ac0,0x00000000a1d80000)
 Metaspace       used 27148K, capacity 27588K, committed 27696K, reserved 1073152K
  class space    used 3688K, capacity 3872K, committed 3888K, reserved 1048576K
}

