# JRE version: OpenJDK Runtime Environment (8.0_152-b01) (build 1.8.0_152-release-1248-b01)
# Java VM: OpenJDK 64-Bit Server VM (25.152-b01 mixed mode windows-amd64 compressed oops)
Heap:
 PSYoungGen      total 492544K, used 447485K [0x00000000e0000000, 0x00000000ffe80000, 0x0000000100000000)
  eden space 463872K, 95% used [0x00000000e0000000,0x00000000faea49a8,0x00000000fc500000)
  from space 28672K, 22% used [0x00000000fc500000,0x00000000fcb5ac88,0x00000000fe100000)
  to   space 27136K, 0% used [0x00000000fe400000,0x00000000fe400000,0x00000000ffe80000)
 ParOldGen       total 128512K, used 91247K [0x00000000a0000000, 0x00000000a7d80000, 0x00000000e0000000)
  object space 128512K, 71% used [0x00000000a0000000,0x00000000a591bc40,0x00000000a7d80000)
 Metaspace       used 132958K, capacity 139142K, committed 139288K, reserved 1171456K
  class space    used 16654K, capacity 17950K, committed 17960K, reserved 1048576K
GC Heap History (10 events):
Event: 499.697 GC heap before
{Heap before GC invocations=29 (full 4):
 PSYoungGen      total 487424K, used 461469K [0x00000000e0000000, 0x00000000ffd80000, 0x0000000100000000)
  eden space 456192K, 100% used [0x00000000e0000000,0x00000000fbd80000,0x00000000fbd80000)
  from space 31232K, 16% used [0x00000000fdf00000,0x00000000fe4274b8,0x00000000ffd80000)
  to   space 32768K, 0% used [0x00000000fbd80000,0x00000000fbd80000,0x00000000fdd80000)
 ParOldGen       total 128512K, used 91223K [0x00000000a0000000, 0x00000000a7d80000, 0x00000000e0000000)
  object space 128512K, 70% used [0x00000000a0000000,0x00000000a5915c40,0x00000000a7d80000)
 Metaspace       used 132529K, capacity 138744K, committed 138776K, reserved 1169408K
  class space    used 16650K, capacity 17947K, committed 17960K, reserved 1048576K
Event: 499.737 GC heap after
Heap after GC invocations=29 (full 4):
 PSYoungGen      total 488960K, used 6201K [0x00000000e0000000, 0x00000000fff80000, 0x0000000100000000)
  eden space 456192K, 0% used [0x00000000e0000000,0x00000000e0000000,0x00000000fbd80000)
  from space 32768K, 18% used [0x00000000fbd80000,0x00000000fc38e538,0x00000000fdd80000)
  to   space 31744K, 0% used [0x00000000fe080000,0x00000000fe080000,0x00000000fff80000)
 ParOldGen       total 128512K, used 91223K [0x00000000a0000000, 0x00000000a7d80000, 0x00000000e0000000)
  object space 128512K, 70% used [0x00000000a0000000,0x00000000a5915c40,0x00000000a7d80000)
 Metaspace       used 132529K, capacity 138744K, committed 138776K, reserved 1169408K
  class space    used 16650K, capacity 17947K, committed 17960K, reserved 1048576K
}
Event: 503.762 GC heap before
{Heap before GC invocations=30 (full 4):
 PSYoungGen      total 488960K, used 462393K [0x00000000e0000000, 0x00000000fff80000, 0x0000000100000000)
  eden space 456192K, 100% used [0x00000000e0000000,0x00000000fbd80000,0x00000000fbd80000)
  from space 32768K, 18% used [0x00000000fbd80000,0x00000000fc38e538,0x00000000fdd80000)
  to   space 31744K, 0% used [0x00000000fe080000,0x00000000fe080000,0x00000000fff80000)
 ParOldGen       total 128512K, used 91223K [0x00000000a0000000, 0x00000000a7d80000, 0x00000000e0000000)
  object space 128512K, 70% used [0x00000000a0000000,0x00000000a5915c40,0x00000000a7d80000)
 Metaspace       used 132568K, capacity 138812K, committed 139032K, reserved 1171456K
  class space    used 16652K, capacity 17949K, committed 17960K, reserved 1048576K
Event: 503.809 GC heap after
Heap after GC invocations=30 (full 4):
 PSYoungGen      total 488960K, used 6737K [0x00000000e0000000, 0x00000000ffd00000, 0x0000000100000000)
  eden space 459776K, 0% used [0x00000000e0000000,0x00000000e0000000,0x00000000fc100000)
  from space 29184K, 23% used [0x00000000fe080000,0x00000000fe714420,0x00000000ffd00000)
  to   space 30720K, 0% used [0x00000000fc100000,0x00000000fc100000,0x00000000fdf00000)
 ParOldGen       total 128512K, used 91231K [0x00000000a0000000, 0x00000000a7d80000, 0x00000000e0000000)
  object space 128512K, 70% used [0x00000000a0000000,0x00000000a5917c40,0x00000000a7d80000)
 Metaspace       used 132568K, capacity 138812K, committed 139032K, reserved 1171456K
  class space    used 16652K, capacity 17949K, committed 17960K, reserved 1048576K
}
Event: 509.217 GC heap before
{Heap before GC invocations=31 (full 4):
 PSYoungGen      total 488960K, used 466513K [0x00000000e0000000, 0x00000000ffd00000, 0x0000000100000000)
  eden space 459776K, 100% used [0x00000000e0000000,0x00000000fc100000,0x00000000fc100000)
  from space 29184K, 23% used [0x00000000fe080000,0x00000000fe714420,0x00000000ffd00000)
  to   space 30720K, 0% used [0x00000000fc100000,0x00000000fc100000,0x00000000fdf00000)
 ParOldGen       total 128512K, used 91231K [0x00000000a0000000, 0x00000000a7d80000, 0x00000000e0000000)
  object space 128512K, 70% used [0x00000000a0000000,0x00000000a5917c40,0x00000000a7d80000)
 Metaspace       used 132638K, capacity 138876K, committed 139032K, reserved 1171456K
  class space    used 16652K, capacity 17949K, committed 17960K, reserved 1048576K
Event: 509.269 GC heap after
Heap after GC invocations=31 (full 4):
 PSYoungGen      total 490496K, used 5537K [0x00000000e0000000, 0x00000000fff80000, 0x0000000100000000)
  eden space 459776K, 0% used [0x00000000e0000000,0x00000000e0000000,0x00000000fc100000)
  from space 30720K, 18% used [0x00000000fc100000,0x00000000fc668550,0x00000000fdf00000)
  to   space 29696K, 0% used [0x00000000fe280000,0x00000000fe280000,0x00000000fff80000)
 ParOldGen       total 128512K, used 91231K [0x00000000a0000000, 0x00000000a7d80000, 0x00000000e0000000)
  object space 128512K, 70% used [0x00000000a0000000,0x00000000a5917c40,0x00000000a7d80000)
 Metaspace       used 132638K, capacity 138876K, committed 139032K, reserved 1171456K
  class space    used 16652K, capacity 17949K, committed 17960K, reserved 1048576K
}
Event: 515.743 GC heap before
{Heap before GC invocations=32 (full 4):
 PSYoungGen      total 490496K, used 465313K [0x00000000e0000000, 0x00000000fff80000, 0x0000000100000000)
  eden space 459776K, 100% used [0x00000000e0000000,0x00000000fc100000,0x00000000fc100000)
  from space 30720K, 18% used [0x00000000fc100000,0x00000000fc668550,0x00000000fdf00000)
  to   space 29696K, 0% used [0x00000000fe280000,0x00000000fe280000,0x00000000fff80000)
 ParOldGen       total 128512K, used 91231K [0x00000000a0000000, 0x00000000a7d80000, 0x00000000e0000000)
  object space 128512K, 70% used [0x00000000a0000000,0x00000000a5917c40,0x00000000a7d80000)
 Metaspace       used 132703K, capacity 138950K, committed 139032K, reserved 1171456K
  class space    used 16653K, capacity 17950K, committed 17960K, reserved 1048576K
Event: 515.791 GC heap after
Heap after GC invocations=32 (full 4):
 PSYoungGen      total 491008K, used 6079K [0x00000000e0000000, 0x00000000ffd00000, 0x0000000100000000)
  eden space 463872K, 0% used [0x00000000e0000000,0x00000000e0000000,0x00000000fc500000)
  from space 27136K, 22% used [0x00000000fe280000,0x00000000fe86fe30,0x00000000ffd00000)
  to   space 28672K, 0% used [0x00000000fc500000,0x00000000fc500000,0x00000000fe100000)
 ParOldGen       total 128512K, used 91239K [0x00000000a0000000, 0x00000000a7d80000, 0x00000000e0000000)
  object space 128512K, 70% used [0x00000000a0000000,0x00000000a5919c40,0x00000000a7d80000)
 Metaspace       used 132703K, capacity 138950K, committed 139032K, reserved 1171456K
  class space    used 16653K, capacity 17950K, committed 17960K, reserved 1048576K
}
Event: 520.867 GC heap before
{Heap before GC invocations=33 (full 4):
 PSYoungGen      total 491008K, used 469951K [0x00000000e0000000, 0x00000000ffd00000, 0x0000000100000000)
  eden space 463872K, 100% used [0x00000000e0000000,0x00000000fc500000,0x00000000fc500000)
  from space 27136K, 22% used [0x00000000fe280000,0x00000000fe86fe30,0x00000000ffd00000)
  to   space 28672K, 0% used [0x00000000fc500000,0x00000000fc500000,0x00000000fe100000)
 ParOldGen       total 128512K, used 91239K [0x00000000a0000000, 0x00000000a7d80000, 0x00000000e0000000)
  object space 128512K, 70% used [0x00000000a0000000,0x00000000a5919c40,0x00000000a7d80000)
 Metaspace       used 132943K, capacity 139142K, committed 139288K, reserved 1171456K
  class space    used 16654K, capacity 17950K, committed 17960K, reserved 1048576K
Event: 520.898 GC heap after
Heap after GC invocations=33 (full 4):
 PSYoungGen      total 492544K, used 6507K [0x00000000e0000000, 0x00000000ffe80000, 0x0000000100000000)
  eden space 463872K, 0% used [0x00000000e0000000,0x00000000e0000000,0x00000000fc500000)
  from space 28672K, 22% used [0x00000000fc500000,0x00000000fcb5ac88,0x00000000fe100000)
  to   space 27136K, 0% used [0x00000000fe400000,0x00000000fe400000,0x00000000ffe80000)
 ParOldGen       total 128512K, used 91247K [0x00000000a0000000, 0x00000000a7d80000, 0x00000000e0000000)
  object space 128512K, 71% used [0x00000000a0000000,0x00000000a591bc40,0x00000000a7d80000)
 Metaspace       used 132943K, capacity 139142K, committed 139288K, reserved 1171456K
  class space    used 16654K, capacity 17950K, committed 17960K, reserved 1048576K
}

