# JRE version: OpenJDK Runtime Environment (8.0_152-b01) (build 1.8.0_152-release-1248-b01)
# Java VM: OpenJDK 64-Bit Server VM (25.152-b01 mixed mode windows-amd64 compressed oops)
Heap:
 PSYoungGen      total 188416K, used 104900K [0x00000000e0000000, 0x00000000ed380000, 0x0000000100000000)
  eden space 175616K, 53% used [0x00000000e0000000,0x00000000e5c21cc8,0x00000000eab80000)
  from space 12800K, 82% used [0x00000000ec700000,0x00000000ed14f3c0,0x00000000ed380000)
  to   space 20480K, 0% used [0x00000000eab80000,0x00000000eab80000,0x00000000ebf80000)
 ParOldGen       total 105472K, used 34243K [0x00000000a0000000, 0x00000000a6700000, 0x00000000e0000000)
  object space 105472K, 32% used [0x00000000a0000000,0x00000000a2170d48,0x00000000a6700000)
 Metaspace       used 66603K, capacity 68890K, committed 69120K, reserved 1110016K
  class space    used 8847K, capacity 9470K, committed 9472K, reserved 1048576K
GC Heap History (10 events):
Event: 14.150 GC heap before
{Heap before GC invocations=13 (full 2):
 PSYoungGen      total 126464K, used 123392K [0x00000000e0000000, 0x00000000e9580000, 0x0000000100000000)
  eden space 123392K, 100% used [0x00000000e0000000,0x00000000e7880000,0x00000000e7880000)
  from space 3072K, 0% used [0x00000000e8480000,0x00000000e8480000,0x00000000e8780000)
  to   space 12288K, 0% used [0x00000000e7880000,0x00000000e7880000,0x00000000e8480000)
 ParOldGen       total 65024K, used 16432K [0x00000000a0000000, 0x00000000a3f80000, 0x00000000e0000000)
  object space 65024K, 25% used [0x00000000a0000000,0x00000000a100c048,0x00000000a3f80000)
 Metaspace       used 44346K, capacity 45160K, committed 45312K, reserved 1087488K
  class space    used 6039K, capacity 6317K, committed 6400K, reserved 1048576K
Event: 14.187 GC heap after
Heap after GC invocations=13 (full 2):
 PSYoungGen      total 135680K, used 12261K [0x00000000e0000000, 0x00000000eb180000, 0x0000000100000000)
  eden space 123392K, 0% used [0x00000000e0000000,0x00000000e0000000,0x00000000e7880000)
  from space 12288K, 99% used [0x00000000e7880000,0x00000000e8479720,0x00000000e8480000)
  to   space 15872K, 0% used [0x00000000ea200000,0x00000000ea200000,0x00000000eb180000)
 ParOldGen       total 65024K, used 21105K [0x00000000a0000000, 0x00000000a3f80000, 0x00000000e0000000)
  object space 65024K, 32% used [0x00000000a0000000,0x00000000a149c770,0x00000000a3f80000)
 Metaspace       used 44346K, capacity 45160K, committed 45312K, reserved 1087488K
  class space    used 6039K, capacity 6317K, committed 6400K, reserved 1048576K
}
Event: 18.615 GC heap before
{Heap before GC invocations=14 (full 2):
 PSYoungGen      total 135680K, used 135653K [0x00000000e0000000, 0x00000000eb180000, 0x0000000100000000)
  eden space 123392K, 100% used [0x00000000e0000000,0x00000000e7880000,0x00000000e7880000)
  from space 12288K, 99% used [0x00000000e7880000,0x00000000e8479720,0x00000000e8480000)
  to   space 15872K, 0% used [0x00000000ea200000,0x00000000ea200000,0x00000000eb180000)
 ParOldGen       total 65024K, used 21105K [0x00000000a0000000, 0x00000000a3f80000, 0x00000000e0000000)
  object space 65024K, 32% used [0x00000000a0000000,0x00000000a149c770,0x00000000a3f80000)
 Metaspace       used 55387K, capacity 56802K, committed 56832K, reserved 1097728K
  class space    used 7522K, capacity 7919K, committed 7936K, reserved 1048576K
Event: 18.739 GC heap after
Heap after GC invocations=14 (full 2):
 PSYoungGen      total 160768K, used 15854K [0x00000000e0000000, 0x00000000ebd00000, 0x0000000100000000)
  eden space 144896K, 0% used [0x00000000e0000000,0x00000000e0000000,0x00000000e8d80000)
  from space 15872K, 99% used [0x00000000ea200000,0x00000000eb17b9a8,0x00000000eb180000)
  to   space 20992K, 0% used [0x00000000e8d80000,0x00000000e8d80000,0x00000000ea200000)
 ParOldGen       total 65024K, used 29117K [0x00000000a0000000, 0x00000000a3f80000, 0x00000000e0000000)
  object space 65024K, 44% used [0x00000000a0000000,0x00000000a1c6f458,0x00000000a3f80000)
 Metaspace       used 55387K, capacity 56802K, committed 56832K, reserved 1097728K
  class space    used 7522K, capacity 7919K, committed 7936K, reserved 1048576K
}
Event: 19.824 GC heap before
{Heap before GC invocations=15 (full 2):
 PSYoungGen      total 160768K, used 61208K [0x00000000e0000000, 0x00000000ebd00000, 0x0000000100000000)
  eden space 144896K, 31% used [0x00000000e0000000,0x00000000e2c4a9b0,0x00000000e8d80000)
  from space 15872K, 99% used [0x00000000ea200000,0x00000000eb17b9a8,0x00000000eb180000)
  to   space 20992K, 0% used [0x00000000e8d80000,0x00000000e8d80000,0x00000000ea200000)
 ParOldGen       total 65024K, used 29117K [0x00000000a0000000, 0x00000000a3f80000, 0x00000000e0000000)
  object space 65024K, 44% used [0x00000000a0000000,0x00000000a1c6f458,0x00000000a3f80000)
 Metaspace       used 57579K, capacity 59104K, committed 59160K, reserved 1099776K
  class space    used 7895K, capacity 8288K, committed 8320K, reserved 1048576K
Event: 19.879 GC heap after
Heap after GC invocations=15 (full 2):
 PSYoungGen      total 165888K, used 3402K [0x00000000e0000000, 0x00000000edb80000, 0x0000000100000000)
  eden space 144896K, 0% used [0x00000000e0000000,0x00000000e0000000,0x00000000e8d80000)
  from space 20992K, 16% used [0x00000000e8d80000,0x00000000e90d2910,0x00000000ea200000)
  to   space 20992K, 0% used [0x00000000ec700000,0x00000000ec700000,0x00000000edb80000)
 ParOldGen       total 65024K, used 44884K [0x00000000a0000000, 0x00000000a3f80000, 0x00000000e0000000)
  object space 65024K, 69% used [0x00000000a0000000,0x00000000a2bd53f0,0x00000000a3f80000)
 Metaspace       used 57579K, capacity 59104K, committed 59160K, reserved 1099776K
  class space    used 7895K, capacity 8288K, committed 8320K, reserved 1048576K
}
Event: 19.879 GC heap before
{Heap before GC invocations=16 (full 3):
 PSYoungGen      total 165888K, used 3402K [0x00000000e0000000, 0x00000000edb80000, 0x0000000100000000)
  eden space 144896K, 0% used [0x00000000e0000000,0x00000000e0000000,0x00000000e8d80000)
  from space 20992K, 16% used [0x00000000e8d80000,0x00000000e90d2910,0x00000000ea200000)
  to   space 20992K, 0% used [0x00000000ec700000,0x00000000ec700000,0x00000000edb80000)
 ParOldGen       total 65024K, used 44884K [0x00000000a0000000, 0x00000000a3f80000, 0x00000000e0000000)
  object space 65024K, 69% used [0x00000000a0000000,0x00000000a2bd53f0,0x00000000a3f80000)
 Metaspace       used 57579K, capacity 59104K, committed 59160K, reserved 1099776K
  class space    used 7895K, capacity 8288K, committed 8320K, reserved 1048576K
Event: 20.401 GC heap after
Heap after GC invocations=16 (full 3):
 PSYoungGen      total 165888K, used 0K [0x00000000e0000000, 0x00000000edb80000, 0x0000000100000000)
  eden space 144896K, 0% used [0x00000000e0000000,0x00000000e0000000,0x00000000e8d80000)
  from space 20992K, 0% used [0x00000000e8d80000,0x00000000e8d80000,0x00000000ea200000)
  to   space 20992K, 0% used [0x00000000ec700000,0x00000000ec700000,0x00000000edb80000)
 ParOldGen       total 105472K, used 34235K [0x00000000a0000000, 0x00000000a6700000, 0x00000000e0000000)
  object space 105472K, 32% used [0x00000000a0000000,0x00000000a216ed48,0x00000000a6700000)
 Metaspace       used 57579K, capacity 59104K, committed 59160K, reserved 1099776K
  class space    used 7895K, capacity 8288K, committed 8320K, reserved 1048576K
}
Event: 33.539 GC heap before
{Heap before GC invocations=17 (full 3):
 PSYoungGen      total 165888K, used 144896K [0x00000000e0000000, 0x00000000edb80000, 0x0000000100000000)
  eden space 144896K, 100% used [0x00000000e0000000,0x00000000e8d80000,0x00000000e8d80000)
  from space 20992K, 0% used [0x00000000e8d80000,0x00000000e8d80000,0x00000000ea200000)
  to   space 20992K, 0% used [0x00000000ec700000,0x00000000ec700000,0x00000000edb80000)
 ParOldGen       total 105472K, used 34235K [0x00000000a0000000, 0x00000000a6700000, 0x00000000e0000000)
  object space 105472K, 32% used [0x00000000a0000000,0x00000000a216ed48,0x00000000a6700000)
 Metaspace       used 64513K, capacity 66540K, committed 66816K, reserved 1107968K
  class space    used 8606K, capacity 9149K, committed 9216K, reserved 1048576K
Event: 33.653 GC heap after
Heap after GC invocations=17 (full 3):
 PSYoungGen      total 188416K, used 10556K [0x00000000e0000000, 0x00000000ed380000, 0x0000000100000000)
  eden space 175616K, 0% used [0x00000000e0000000,0x00000000e0000000,0x00000000eab80000)
  from space 12800K, 82% used [0x00000000ec700000,0x00000000ed14f3c0,0x00000000ed380000)
  to   space 20480K, 0% used [0x00000000eab80000,0x00000000eab80000,0x00000000ebf80000)
 ParOldGen       total 105472K, used 34243K [0x00000000a0000000, 0x00000000a6700000, 0x00000000e0000000)
  object space 105472K, 32% used [0x00000000a0000000,0x00000000a2170d48,0x00000000a6700000)
 Metaspace       used 64513K, capacity 66540K, committed 66816K, reserved 1107968K
  class space    used 8606K, capacity 9149K, committed 9216K, reserved 1048576K
}

