# JRE version: OpenJDK Runtime Environment (8.0_152-b01) (build 1.8.0_152-release-1248-b01)
# Java VM: OpenJDK 64-Bit Server VM (25.152-b01 mixed mode windows-amd64 compressed oops)
Heap:
 PSYoungGen      total 373760K, used 85545K [0x00000000e0000000, 0x00000000f8b80000, 0x0000000100000000)
  eden space 342528K, 24% used [0x00000000e0000000,0x00000000e538a540,0x00000000f4e80000)
  from space 31232K, 0% used [0x00000000f4e80000,0x00000000f4e80000,0x00000000f6d00000)
  to   space 24064K, 0% used [0x00000000f7400000,0x00000000f7400000,0x00000000f8b80000)
 ParOldGen       total 84480K, used 58172K [0x00000000a0000000, 0x00000000a5280000, 0x00000000e0000000)
  object space 84480K, 68% used [0x00000000a0000000,0x00000000a38cf230,0x00000000a5280000)
 Metaspace       used 96520K, capacity 99878K, committed 100264K, reserved 1136640K
  class space    used 12140K, capacity 12857K, committed 12968K, reserved 1048576K
GC Heap History (10 events):
Event: 214.651 GC heap before
{Heap before GC invocations=21 (full 3):
 PSYoungGen      total 311296K, used 310594K [0x00000000e0000000, 0x00000000f9380000, 0x0000000100000000)
  eden space 283648K, 99% used [0x00000000e0000000,0x00000000f14d2798,0x00000000f1500000)
  from space 27648K, 98% used [0x00000000f1500000,0x00000000f2f7e258,0x00000000f3000000)
  to   space 32256K, 0% used [0x00000000f7400000,0x00000000f7400000,0x00000000f9380000)
 ParOldGen       total 84480K, used 53911K [0x00000000a0000000, 0x00000000a5280000, 0x00000000e0000000)
  object space 84480K, 63% used [0x00000000a0000000,0x00000000a34a5fb0,0x00000000a5280000)
 Metaspace       used 85603K, capacity 88090K, committed 88360K, reserved 1126400K
  class space    used 10849K, capacity 11451K, committed 11560K, reserved 1048576K
Event: 214.701 GC heap after
Heap after GC invocations=21 (full 3):
 PSYoungGen      total 366592K, used 6839K [0x00000000e0000000, 0x00000000f8b80000, 0x0000000100000000)
  eden space 342528K, 0% used [0x00000000e0000000,0x00000000e0000000,0x00000000f4e80000)
  from space 24064K, 28% used [0x00000000f7400000,0x00000000f7aadd78,0x00000000f8b80000)
  to   space 31232K, 0% used [0x00000000f4e80000,0x00000000f4e80000,0x00000000f6d00000)
 ParOldGen       total 84480K, used 60010K [0x00000000a0000000, 0x00000000a5280000, 0x00000000e0000000)
  object space 84480K, 71% used [0x00000000a0000000,0x00000000a3a9aba0,0x00000000a5280000)
 Metaspace       used 85603K, capacity 88090K, committed 88360K, reserved 1126400K
  class space    used 10849K, capacity 11451K, committed 11560K, reserved 1048576K
}
Event: 227.863 GC heap before
{Heap before GC invocations=22 (full 3):
 PSYoungGen      total 366592K, used 349367K [0x00000000e0000000, 0x00000000f8b80000, 0x0000000100000000)
  eden space 342528K, 100% used [0x00000000e0000000,0x00000000f4e80000,0x00000000f4e80000)
  from space 24064K, 28% used [0x00000000f7400000,0x00000000f7aadd78,0x00000000f8b80000)
  to   space 31232K, 0% used [0x00000000f4e80000,0x00000000f4e80000,0x00000000f6d00000)
 ParOldGen       total 84480K, used 60010K [0x00000000a0000000, 0x00000000a5280000, 0x00000000e0000000)
  object space 84480K, 71% used [0x00000000a0000000,0x00000000a3a9aba0,0x00000000a5280000)
 Metaspace       used 86507K, capacity 89160K, committed 89512K, reserved 1126400K
  class space    used 10980K, capacity 11582K, committed 11688K, reserved 1048576K
Event: 227.895 GC heap after
Heap after GC invocations=22 (full 3):
 PSYoungGen      total 373760K, used 3408K [0x00000000e0000000, 0x00000000f8b80000, 0x0000000100000000)
  eden space 342528K, 0% used [0x00000000e0000000,0x00000000e0000000,0x00000000f4e80000)
  from space 31232K, 10% used [0x00000000f4e80000,0x00000000f51d4160,0x00000000f6d00000)
  to   space 24064K, 0% used [0x00000000f7400000,0x00000000f7400000,0x00000000f8b80000)
 ParOldGen       total 84480K, used 64813K [0x00000000a0000000, 0x00000000a5280000, 0x00000000e0000000)
  object space 84480K, 76% used [0x00000000a0000000,0x00000000a3f4b400,0x00000000a5280000)
 Metaspace       used 86507K, capacity 89160K, committed 89512K, reserved 1126400K
  class space    used 10980K, capacity 11582K, committed 11688K, reserved 1048576K
}
Event: 255.346 GC heap before
{Heap before GC invocations=23 (full 3):
 PSYoungGen      total 373760K, used 345936K [0x00000000e0000000, 0x00000000f8b80000, 0x0000000100000000)
  eden space 342528K, 100% used [0x00000000e0000000,0x00000000f4e80000,0x00000000f4e80000)
  from space 31232K, 10% used [0x00000000f4e80000,0x00000000f51d4160,0x00000000f6d00000)
  to   space 24064K, 0% used [0x00000000f7400000,0x00000000f7400000,0x00000000f8b80000)
 ParOldGen       total 84480K, used 64813K [0x00000000a0000000, 0x00000000a5280000, 0x00000000e0000000)
  object space 84480K, 76% used [0x00000000a0000000,0x00000000a3f4b400,0x00000000a5280000)
 Metaspace       used 94967K, capacity 98420K, committed 98600K, reserved 1134592K
  class space    used 12064K, capacity 12798K, committed 12840K, reserved 1048576K
Event: 255.415 GC heap after
Heap after GC invocations=23 (full 3):
 PSYoungGen      total 366592K, used 14353K [0x00000000e0000000, 0x00000000f8b80000, 0x0000000100000000)
  eden space 342528K, 0% used [0x00000000e0000000,0x00000000e0000000,0x00000000f4e80000)
  from space 24064K, 59% used [0x00000000f7400000,0x00000000f8204410,0x00000000f8b80000)
  to   space 31232K, 0% used [0x00000000f4e80000,0x00000000f4e80000,0x00000000f6d00000)
 ParOldGen       total 84480K, used 64821K [0x00000000a0000000, 0x00000000a5280000, 0x00000000e0000000)
  object space 84480K, 76% used [0x00000000a0000000,0x00000000a3f4d400,0x00000000a5280000)
 Metaspace       used 94967K, capacity 98420K, committed 98600K, reserved 1134592K
  class space    used 12064K, capacity 12798K, committed 12840K, reserved 1048576K
}
Event: 255.630 GC heap before
{Heap before GC invocations=24 (full 3):
 PSYoungGen      total 366592K, used 18275K [0x00000000e0000000, 0x00000000f8b80000, 0x0000000100000000)
  eden space 342528K, 1% used [0x00000000e0000000,0x00000000e03d4aa8,0x00000000f4e80000)
  from space 24064K, 59% used [0x00000000f7400000,0x00000000f8204410,0x00000000f8b80000)
  to   space 31232K, 0% used [0x00000000f4e80000,0x00000000f4e80000,0x00000000f6d00000)
 ParOldGen       total 84480K, used 64821K [0x00000000a0000000, 0x00000000a5280000, 0x00000000e0000000)
  object space 84480K, 76% used [0x00000000a0000000,0x00000000a3f4d400,0x00000000a5280000)
 Metaspace       used 95110K, capacity 98556K, committed 98600K, reserved 1134592K
  class space    used 12072K, capacity 12798K, committed 12840K, reserved 1048576K
Event: 255.647 GC heap after
Heap after GC invocations=24 (full 3):
 PSYoungGen      total 373760K, used 4257K [0x00000000e0000000, 0x00000000f8b80000, 0x0000000100000000)
  eden space 342528K, 0% used [0x00000000e0000000,0x00000000e0000000,0x00000000f4e80000)
  from space 31232K, 13% used [0x00000000f4e80000,0x00000000f52a8550,0x00000000f6d00000)
  to   space 24064K, 0% used [0x00000000f7400000,0x00000000f7400000,0x00000000f8b80000)
 ParOldGen       total 84480K, used 64829K [0x00000000a0000000, 0x00000000a5280000, 0x00000000e0000000)
  object space 84480K, 76% used [0x00000000a0000000,0x00000000a3f4f400,0x00000000a5280000)
 Metaspace       used 95110K, capacity 98556K, committed 98600K, reserved 1134592K
  class space    used 12072K, capacity 12798K, committed 12840K, reserved 1048576K
}
Event: 255.647 GC heap before
{Heap before GC invocations=25 (full 4):
 PSYoungGen      total 373760K, used 4257K [0x00000000e0000000, 0x00000000f8b80000, 0x0000000100000000)
  eden space 342528K, 0% used [0x00000000e0000000,0x00000000e0000000,0x00000000f4e80000)
  from space 31232K, 13% used [0x00000000f4e80000,0x00000000f52a8550,0x00000000f6d00000)
  to   space 24064K, 0% used [0x00000000f7400000,0x00000000f7400000,0x00000000f8b80000)
 ParOldGen       total 84480K, used 64829K [0x00000000a0000000, 0x00000000a5280000, 0x00000000e0000000)
  object space 84480K, 76% used [0x00000000a0000000,0x00000000a3f4f400,0x00000000a5280000)
 Metaspace       used 95110K, capacity 98556K, committed 98600K, reserved 1134592K
  class space    used 12072K, capacity 12798K, committed 12840K, reserved 1048576K
Event: 256.374 GC heap after
Heap after GC invocations=25 (full 4):
 PSYoungGen      total 373760K, used 0K [0x00000000e0000000, 0x00000000f8b80000, 0x0000000100000000)
  eden space 342528K, 0% used [0x00000000e0000000,0x00000000e0000000,0x00000000f4e80000)
  from space 31232K, 0% used [0x00000000f4e80000,0x00000000f4e80000,0x00000000f6d00000)
  to   space 24064K, 0% used [0x00000000f7400000,0x00000000f7400000,0x00000000f8b80000)
 ParOldGen       total 84480K, used 58172K [0x00000000a0000000, 0x00000000a5280000, 0x00000000e0000000)
  object space 84480K, 68% used [0x00000000a0000000,0x00000000a38cf230,0x00000000a5280000)
 Metaspace       used 94995K, capacity 98320K, committed 98600K, reserved 1134592K
  class space    used 12042K, capacity 12752K, committed 12840K, reserved 1048576K
}

