# JRE version: OpenJDK Runtime Environment (8.0_152-b01) (build 1.8.0_152-release-1248-b01)
# Java VM: OpenJDK 64-Bit Server VM (25.152-b01 mixed mode windows-amd64 compressed oops)
Heap:
 PSYoungGen      total 329728K, used 39194K [0x00000000e0000000, 0x00000000f7780000, 0x0000000100000000)
  eden space 305152K, 7% used [0x00000000e0000000,0x00000000e17bf170,0x00000000f2a00000)
  from space 24576K, 60% used [0x00000000f2a00000,0x00000000f38877b8,0x00000000f4200000)
  to   space 23552K, 0% used [0x00000000f6080000,0x00000000f6080000,0x00000000f7780000)
 ParOldGen       total 101888K, used 53148K [0x00000000a0000000, 0x00000000a6380000, 0x00000000e0000000)
  object space 101888K, 52% used [0x00000000a0000000,0x00000000a33e7170,0x00000000a6380000)
 Metaspace       used 89668K, capacity 94286K, committed 94424K, reserved 1130496K
  class space    used 11453K, capacity 12486K, committed 12504K, reserved 1048576K
GC Heap History (10 events):
Event: 777.704 GC heap before
{Heap before GC invocations=26 (full 3):
 PSYoungGen      total 268800K, used 252810K [0x00000000e0000000, 0x00000000f2280000, 0x0000000100000000)
  eden space 239104K, 100% used [0x00000000e0000000,0x00000000ee980000,0x00000000ee980000)
  from space 29696K, 46% used [0x00000000f0580000,0x00000000f12e29e8,0x00000000f2280000)
  to   space 28672K, 0% used [0x00000000ee980000,0x00000000ee980000,0x00000000f0580000)
 ParOldGen       total 101888K, used 53116K [0x00000000a0000000, 0x00000000a6380000, 0x00000000e0000000)
  object space 101888K, 52% used [0x00000000a0000000,0x00000000a33df170,0x00000000a6380000)
 Metaspace       used 89373K, capacity 93928K, committed 94168K, reserved 1130496K
  class space    used 11436K, capacity 12453K, committed 12504K, reserved 1048576K
Event: 777.746 GC heap after
Heap after GC invocations=26 (full 3):
 PSYoungGen      total 267776K, used 14356K [0x00000000e0000000, 0x00000000f4400000, 0x0000000100000000)
  eden space 239104K, 0% used [0x00000000e0000000,0x00000000e0000000,0x00000000ee980000)
  from space 28672K, 50% used [0x00000000ee980000,0x00000000ef7850b0,0x00000000f0580000)
  to   space 27648K, 0% used [0x00000000f2900000,0x00000000f2900000,0x00000000f4400000)
 ParOldGen       total 101888K, used 53124K [0x00000000a0000000, 0x00000000a6380000, 0x00000000e0000000)
  object space 101888K, 52% used [0x00000000a0000000,0x00000000a33e1170,0x00000000a6380000)
 Metaspace       used 89373K, capacity 93928K, committed 94168K, reserved 1130496K
  class space    used 11436K, capacity 12453K, committed 12504K, reserved 1048576K
}
Event: 780.169 GC heap before
{Heap before GC invocations=27 (full 3):
 PSYoungGen      total 267776K, used 253460K [0x00000000e0000000, 0x00000000f4400000, 0x0000000100000000)
  eden space 239104K, 100% used [0x00000000e0000000,0x00000000ee980000,0x00000000ee980000)
  from space 28672K, 50% used [0x00000000ee980000,0x00000000ef7850b0,0x00000000f0580000)
  to   space 27648K, 0% used [0x00000000f2900000,0x00000000f2900000,0x00000000f4400000)
 ParOldGen       total 101888K, used 53124K [0x00000000a0000000, 0x00000000a6380000, 0x00000000e0000000)
  object space 101888K, 52% used [0x00000000a0000000,0x00000000a33e1170,0x00000000a6380000)
 Metaspace       used 89490K, capacity 94024K, committed 94168K, reserved 1130496K
  class space    used 11452K, capacity 12485K, committed 12504K, reserved 1048576K
Event: 780.218 GC heap after
Heap after GC invocations=27 (full 3):
 PSYoungGen      total 300032K, used 14256K [0x00000000e0000000, 0x00000000f4100000, 0x0000000100000000)
  eden space 275456K, 0% used [0x00000000e0000000,0x00000000e0000000,0x00000000f0d00000)
  from space 24576K, 58% used [0x00000000f2900000,0x00000000f36ec298,0x00000000f4100000)
  to   space 26624K, 0% used [0x00000000f0d00000,0x00000000f0d00000,0x00000000f2700000)
 ParOldGen       total 101888K, used 53132K [0x00000000a0000000, 0x00000000a6380000, 0x00000000e0000000)
  object space 101888K, 52% used [0x00000000a0000000,0x00000000a33e3170,0x00000000a6380000)
 Metaspace       used 89490K, capacity 94024K, committed 94168K, reserved 1130496K
  class space    used 11452K, capacity 12485K, committed 12504K, reserved 1048576K
}
Event: 783.347 GC heap before
{Heap before GC invocations=28 (full 3):
 PSYoungGen      total 300032K, used 289712K [0x00000000e0000000, 0x00000000f4100000, 0x0000000100000000)
  eden space 275456K, 100% used [0x00000000e0000000,0x00000000f0d00000,0x00000000f0d00000)
  from space 24576K, 58% used [0x00000000f2900000,0x00000000f36ec298,0x00000000f4100000)
  to   space 26624K, 0% used [0x00000000f0d00000,0x00000000f0d00000,0x00000000f2700000)
 ParOldGen       total 101888K, used 53132K [0x00000000a0000000, 0x00000000a6380000, 0x00000000e0000000)
  object space 101888K, 52% used [0x00000000a0000000,0x00000000a33e3170,0x00000000a6380000)
 Metaspace       used 89536K, capacity 94088K, committed 94168K, reserved 1130496K
  class space    used 11452K, capacity 12485K, committed 12504K, reserved 1048576K
Event: 783.390 GC heap after
Heap after GC invocations=28 (full 3):
 PSYoungGen      total 302080K, used 14967K [0x00000000e0000000, 0x00000000f5a80000, 0x0000000100000000)
  eden space 275456K, 0% used [0x00000000e0000000,0x00000000e0000000,0x00000000f0d00000)
  from space 26624K, 56% used [0x00000000f0d00000,0x00000000f1b9dfa8,0x00000000f2700000)
  to   space 25088K, 0% used [0x00000000f4200000,0x00000000f4200000,0x00000000f5a80000)
 ParOldGen       total 101888K, used 53140K [0x00000000a0000000, 0x00000000a6380000, 0x00000000e0000000)
  object space 101888K, 52% used [0x00000000a0000000,0x00000000a33e5170,0x00000000a6380000)
 Metaspace       used 89536K, capacity 94088K, committed 94168K, reserved 1130496K
  class space    used 11452K, capacity 12485K, committed 12504K, reserved 1048576K
}
Event: 786.185 GC heap before
{Heap before GC invocations=29 (full 3):
 PSYoungGen      total 302080K, used 290423K [0x00000000e0000000, 0x00000000f5a80000, 0x0000000100000000)
  eden space 275456K, 100% used [0x00000000e0000000,0x00000000f0d00000,0x00000000f0d00000)
  from space 26624K, 56% used [0x00000000f0d00000,0x00000000f1b9dfa8,0x00000000f2700000)
  to   space 25088K, 0% used [0x00000000f4200000,0x00000000f4200000,0x00000000f5a80000)
 ParOldGen       total 101888K, used 53140K [0x00000000a0000000, 0x00000000a6380000, 0x00000000e0000000)
  object space 101888K, 52% used [0x00000000a0000000,0x00000000a33e5170,0x00000000a6380000)
 Metaspace       used 89581K, capacity 94092K, committed 94168K, reserved 1130496K
  class space    used 11453K, capacity 12485K, committed 12504K, reserved 1048576K
Event: 786.273 GC heap after
Heap after GC invocations=29 (full 3):
 PSYoungGen      total 330240K, used 14520K [0x00000000e0000000, 0x00000000f5b80000, 0x0000000100000000)
  eden space 305152K, 0% used [0x00000000e0000000,0x00000000e0000000,0x00000000f2a00000)
  from space 25088K, 57% used [0x00000000f4200000,0x00000000f502e020,0x00000000f5a80000)
  to   space 24576K, 0% used [0x00000000f2a00000,0x00000000f2a00000,0x00000000f4200000)
 ParOldGen       total 101888K, used 53140K [0x00000000a0000000, 0x00000000a6380000, 0x00000000e0000000)
  object space 101888K, 52% used [0x00000000a0000000,0x00000000a33e5170,0x00000000a6380000)
 Metaspace       used 89581K, capacity 94092K, committed 94168K, reserved 1130496K
  class space    used 11453K, capacity 12485K, committed 12504K, reserved 1048576K
}
Event: 789.689 GC heap before
{Heap before GC invocations=30 (full 3):
 PSYoungGen      total 330240K, used 319672K [0x00000000e0000000, 0x00000000f5b80000, 0x0000000100000000)
  eden space 305152K, 100% used [0x00000000e0000000,0x00000000f2a00000,0x00000000f2a00000)
  from space 25088K, 57% used [0x00000000f4200000,0x00000000f502e020,0x00000000f5a80000)
  to   space 24576K, 0% used [0x00000000f2a00000,0x00000000f2a00000,0x00000000f4200000)
 ParOldGen       total 101888K, used 53140K [0x00000000a0000000, 0x00000000a6380000, 0x00000000e0000000)
  object space 101888K, 52% used [0x00000000a0000000,0x00000000a33e5170,0x00000000a6380000)
 Metaspace       used 89665K, capacity 94286K, committed 94424K, reserved 1130496K
  class space    used 11453K, capacity 12486K, committed 12504K, reserved 1048576K
Event: 789.733 GC heap after
Heap after GC invocations=30 (full 3):
 PSYoungGen      total 329728K, used 14877K [0x00000000e0000000, 0x00000000f7780000, 0x0000000100000000)
  eden space 305152K, 0% used [0x00000000e0000000,0x00000000e0000000,0x00000000f2a00000)
  from space 24576K, 60% used [0x00000000f2a00000,0x00000000f38877b8,0x00000000f4200000)
  to   space 23552K, 0% used [0x00000000f6080000,0x00000000f6080000,0x00000000f7780000)
 ParOldGen       total 101888K, used 53148K [0x00000000a0000000, 0x00000000a6380000, 0x00000000e0000000)
  object space 101888K, 52% used [0x00000000a0000000,0x00000000a33e7170,0x00000000a6380000)
 Metaspace       used 89665K, capacity 94286K, committed 94424K, reserved 1130496K
  class space    used 11453K, capacity 12486K, committed 12504K, reserved 1048576K
}

