# JRE version: OpenJDK Runtime Environment (8.0_152-b01) (build 1.8.0_152-release-1248-b01)
# Java VM: OpenJDK 64-Bit Server VM (25.152-b01 mixed mode windows-amd64 compressed oops)
Heap:
 PSYoungGen      total 202240K, used 148506K [0x00000000e0000000, 0x00000000ede80000, 0x0000000100000000)
  eden space 180224K, 82% used [0x00000000e0000000,0x00000000e9106ae8,0x00000000eb000000)
  from space 22016K, 0% used [0x00000000eb000000,0x00000000eb000000,0x00000000ec580000)
  to   space 15360K, 0% used [0x00000000ec580000,0x00000000ec580000,0x00000000ed480000)
 ParOldGen       total 46080K, used 33051K [0x00000000a0000000, 0x00000000a2d00000, 0x00000000e0000000)
  object space 46080K, 71% used [0x00000000a0000000,0x00000000a2046f30,0x00000000a2d00000)
 Metaspace       used 64431K, capacity 66214K, committed 66352K, reserved 1105920K
  class space    used 8726K, capacity 9212K, committed 9264K, reserved 1048576K
GC Heap History (10 events):
Event: 12.504 GC heap before
{Heap before GC invocations=14 (full 2):
 PSYoungGen      total 145920K, used 822K [0x00000000e0000000, 0x00000000ea580000, 0x0000000100000000)
  eden space 134656K, 0% used [0x00000000e0000000,0x00000000e0000000,0x00000000e8380000)
  from space 11264K, 7% used [0x00000000e8e80000,0x00000000e8f4d9f8,0x00000000e9980000)
  to   space 11264K, 0% used [0x00000000e8380000,0x00000000e8380000,0x00000000e8e80000)
 ParOldGen       total 30720K, used 16940K [0x00000000a0000000, 0x00000000a1e00000, 0x00000000e0000000)
  object space 30720K, 55% used [0x00000000a0000000,0x00000000a108b158,0x00000000a1e00000)
 Metaspace       used 34813K, capacity 35314K, committed 35496K, reserved 1079296K
  class space    used 4843K, capacity 5061K, committed 5168K, reserved 1048576K
Event: 12.693 GC heap after
Heap after GC invocations=14 (full 2):
 PSYoungGen      total 145920K, used 0K [0x00000000e0000000, 0x00000000ea580000, 0x0000000100000000)
  eden space 134656K, 0% used [0x00000000e0000000,0x00000000e0000000,0x00000000e8380000)
  from space 11264K, 0% used [0x00000000e8e80000,0x00000000e8e80000,0x00000000e9980000)
  to   space 11264K, 0% used [0x00000000e8380000,0x00000000e8380000,0x00000000e8e80000)
 ParOldGen       total 46080K, used 15011K [0x00000000a0000000, 0x00000000a2d00000, 0x00000000e0000000)
  object space 46080K, 32% used [0x00000000a0000000,0x00000000a0ea8d28,0x00000000a2d00000)
 Metaspace       used 34813K, capacity 35314K, committed 35496K, reserved 1079296K
  class space    used 4843K, capacity 5061K, committed 5168K, reserved 1048576K
}
Event: 16.368 GC heap before
{Heap before GC invocations=15 (full 2):
 PSYoungGen      total 145920K, used 134656K [0x00000000e0000000, 0x00000000ea580000, 0x0000000100000000)
  eden space 134656K, 100% used [0x00000000e0000000,0x00000000e8380000,0x00000000e8380000)
  from space 11264K, 0% used [0x00000000e8e80000,0x00000000e8e80000,0x00000000e9980000)
  to   space 11264K, 0% used [0x00000000e8380000,0x00000000e8380000,0x00000000e8e80000)
 ParOldGen       total 46080K, used 15011K [0x00000000a0000000, 0x00000000a2d00000, 0x00000000e0000000)
  object space 46080K, 32% used [0x00000000a0000000,0x00000000a0ea8d28,0x00000000a2d00000)
 Metaspace       used 45015K, capacity 45952K, committed 46128K, reserved 1089536K
  class space    used 6152K, capacity 6441K, committed 6448K, reserved 1048576K
Event: 16.409 GC heap after
Heap after GC invocations=15 (full 2):
 PSYoungGen      total 145920K, used 11259K [0x00000000e0000000, 0x00000000ed480000, 0x0000000100000000)
  eden space 134656K, 0% used [0x00000000e0000000,0x00000000e0000000,0x00000000e8380000)
  from space 11264K, 99% used [0x00000000e8380000,0x00000000e8e7ee40,0x00000000e8e80000)
  to   space 15360K, 0% used [0x00000000ec580000,0x00000000ec580000,0x00000000ed480000)
 ParOldGen       total 46080K, used 21913K [0x00000000a0000000, 0x00000000a2d00000, 0x00000000e0000000)
  object space 46080K, 47% used [0x00000000a0000000,0x00000000a1566588,0x00000000a2d00000)
 Metaspace       used 45015K, capacity 45952K, committed 46128K, reserved 1089536K
  class space    used 6152K, capacity 6441K, committed 6448K, reserved 1048576K
}
Event: 20.732 GC heap before
{Heap before GC invocations=16 (full 2):
 PSYoungGen      total 145920K, used 145915K [0x00000000e0000000, 0x00000000ed480000, 0x0000000100000000)
  eden space 134656K, 100% used [0x00000000e0000000,0x00000000e8380000,0x00000000e8380000)
  from space 11264K, 99% used [0x00000000e8380000,0x00000000e8e7ee40,0x00000000e8e80000)
  to   space 15360K, 0% used [0x00000000ec580000,0x00000000ec580000,0x00000000ed480000)
 ParOldGen       total 46080K, used 21913K [0x00000000a0000000, 0x00000000a2d00000, 0x00000000e0000000)
  object space 46080K, 47% used [0x00000000a0000000,0x00000000a1566588,0x00000000a2d00000)
 Metaspace       used 56618K, capacity 57994K, committed 58032K, reserved 1099776K
  class space    used 7730K, capacity 8108K, committed 8112K, reserved 1048576K
Event: 20.803 GC heap after
Heap after GC invocations=16 (full 2):
 PSYoungGen      total 195584K, used 15328K [0x00000000e0000000, 0x00000000ede80000, 0x0000000100000000)
  eden space 180224K, 0% used [0x00000000e0000000,0x00000000e0000000,0x00000000eb000000)
  from space 15360K, 99% used [0x00000000ec580000,0x00000000ed4780e8,0x00000000ed480000)
  to   space 22016K, 0% used [0x00000000eb000000,0x00000000eb000000,0x00000000ec580000)
 ParOldGen       total 46080K, used 32679K [0x00000000a0000000, 0x00000000a2d00000, 0x00000000e0000000)
  object space 46080K, 70% used [0x00000000a0000000,0x00000000a1fe9f68,0x00000000a2d00000)
 Metaspace       used 56618K, capacity 57994K, committed 58032K, reserved 1099776K
  class space    used 7730K, capacity 8108K, committed 8112K, reserved 1048576K
}
Event: 21.511 GC heap before
{Heap before GC invocations=17 (full 2):
 PSYoungGen      total 195584K, used 30962K [0x00000000e0000000, 0x00000000ede80000, 0x0000000100000000)
  eden space 180224K, 8% used [0x00000000e0000000,0x00000000e0f447f0,0x00000000eb000000)
  from space 15360K, 99% used [0x00000000ec580000,0x00000000ed4780e8,0x00000000ed480000)
  to   space 22016K, 0% used [0x00000000eb000000,0x00000000eb000000,0x00000000ec580000)
 ParOldGen       total 46080K, used 32679K [0x00000000a0000000, 0x00000000a2d00000, 0x00000000e0000000)
  object space 46080K, 70% used [0x00000000a0000000,0x00000000a1fe9f68,0x00000000a2d00000)
 Metaspace       used 57568K, capacity 59066K, committed 59160K, reserved 1099776K
  class space    used 7870K, capacity 8290K, committed 8368K, reserved 1048576K
Event: 21.569 GC heap after
Heap after GC invocations=17 (full 2):
 PSYoungGen      total 202240K, used 1445K [0x00000000e0000000, 0x00000000ede80000, 0x0000000100000000)
  eden space 180224K, 0% used [0x00000000e0000000,0x00000000e0000000,0x00000000eb000000)
  from space 22016K, 6% used [0x00000000eb000000,0x00000000eb1696e8,0x00000000ec580000)
  to   space 15360K, 0% used [0x00000000ec580000,0x00000000ec580000,0x00000000ed480000)
 ParOldGen       total 46080K, used 40017K [0x00000000a0000000, 0x00000000a2d00000, 0x00000000e0000000)
  object space 46080K, 86% used [0x00000000a0000000,0x00000000a2714778,0x00000000a2d00000)
 Metaspace       used 57568K, capacity 59066K, committed 59160K, reserved 1099776K
  class space    used 7870K, capacity 8290K, committed 8368K, reserved 1048576K
}
Event: 21.569 GC heap before
{Heap before GC invocations=18 (full 3):
 PSYoungGen      total 202240K, used 1445K [0x00000000e0000000, 0x00000000ede80000, 0x0000000100000000)
  eden space 180224K, 0% used [0x00000000e0000000,0x00000000e0000000,0x00000000eb000000)
  from space 22016K, 6% used [0x00000000eb000000,0x00000000eb1696e8,0x00000000ec580000)
  to   space 15360K, 0% used [0x00000000ec580000,0x00000000ec580000,0x00000000ed480000)
 ParOldGen       total 46080K, used 40017K [0x00000000a0000000, 0x00000000a2d00000, 0x00000000e0000000)
  object space 46080K, 86% used [0x00000000a0000000,0x00000000a2714778,0x00000000a2d00000)
 Metaspace       used 57568K, capacity 59066K, committed 59160K, reserved 1099776K
  class space    used 7870K, capacity 8290K, committed 8368K, reserved 1048576K
Event: 22.071 GC heap after
Heap after GC invocations=18 (full 3):
 PSYoungGen      total 202240K, used 0K [0x00000000e0000000, 0x00000000ede80000, 0x0000000100000000)
  eden space 180224K, 0% used [0x00000000e0000000,0x00000000e0000000,0x00000000eb000000)
  from space 22016K, 0% used [0x00000000eb000000,0x00000000eb000000,0x00000000ec580000)
  to   space 15360K, 0% used [0x00000000ec580000,0x00000000ec580000,0x00000000ed480000)
 ParOldGen       total 46080K, used 33051K [0x00000000a0000000, 0x00000000a2d00000, 0x00000000e0000000)
  object space 46080K, 71% used [0x00000000a0000000,0x00000000a2046f30,0x00000000a2d00000)
 Metaspace       used 57568K, capacity 59066K, committed 59160K, reserved 1099776K
  class space    used 7870K, capacity 8290K, committed 8368K, reserved 1048576K
}

