# JRE version: OpenJDK Runtime Environment (8.0_152-b01) (build 1.8.0_152-release-1248-b01)
# Java VM: OpenJDK 64-Bit Server VM (25.152-b01 mixed mode windows-amd64 compressed oops)
Heap:
 PSYoungGen      total 192512K, used 50076K [0x00000000e0000000, 0x00000000ece80000, 0x0000000100000000)
  eden space 176640K, 19% used [0x00000000e0000000,0x00000000e21f0660,0x00000000eac80000)
  from space 15872K, 96% used [0x00000000ebe80000,0x00000000ecd76ce8,0x00000000ece00000)
  to   space 17408K, 0% used [0x00000000eac80000,0x00000000eac80000,0x00000000ebd80000)
 ParOldGen       total 81408K, used 33824K [0x00000000a0000000, 0x00000000a4f80000, 0x00000000e0000000)
  object space 81408K, 41% used [0x00000000a0000000,0x00000000a2108040,0x00000000a4f80000)
 Metaspace       used 66771K, capacity 68636K, committed 68648K, reserved 1107968K
  class space    used 8982K, capacity 9519K, committed 9520K, reserved 1048576K
GC Heap History (10 events):
Event: 18.413 GC heap before
{Heap before GC invocations=13 (full 2):
 PSYoungGen      total 134144K, used 123392K [0x00000000e0000000, 0x00000000ec880000, 0x0000000100000000)
  eden space 123392K, 100% used [0x00000000e0000000,0x00000000e7880000,0x00000000e7880000)
  from space 10752K, 0% used [0x00000000e8480000,0x00000000e8480000,0x00000000e8f00000)
  to   space 12288K, 0% used [0x00000000e7880000,0x00000000e7880000,0x00000000e8480000)
 ParOldGen       total 49152K, used 14562K [0x00000000a0000000, 0x00000000a3000000, 0x00000000e0000000)
  object space 49152K, 29% used [0x00000000a0000000,0x00000000a0e389b0,0x00000000a3000000)
 Metaspace       used 44076K, capacity 44946K, committed 45224K, reserved 1087488K
  class space    used 5978K, capacity 6268K, committed 6320K, reserved 1048576K
Event: 18.445 GC heap after
Heap after GC invocations=13 (full 2):
 PSYoungGen      total 135680K, used 12263K [0x00000000e0000000, 0x00000000ece00000, 0x0000000100000000)
  eden space 123392K, 0% used [0x00000000e0000000,0x00000000e0000000,0x00000000e7880000)
  from space 12288K, 99% used [0x00000000e7880000,0x00000000e8479ec8,0x00000000e8480000)
  to   space 15872K, 0% used [0x00000000ebe80000,0x00000000ebe80000,0x00000000ece00000)
 ParOldGen       total 49152K, used 19438K [0x00000000a0000000, 0x00000000a3000000, 0x00000000e0000000)
  object space 49152K, 39% used [0x00000000a0000000,0x00000000a12fbac0,0x00000000a3000000)
 Metaspace       used 44076K, capacity 44946K, committed 45224K, reserved 1087488K
  class space    used 5978K, capacity 6268K, committed 6320K, reserved 1048576K
}
Event: 22.314 GC heap before
{Heap before GC invocations=14 (full 2):
 PSYoungGen      total 135680K, used 135655K [0x00000000e0000000, 0x00000000ece00000, 0x0000000100000000)
  eden space 123392K, 100% used [0x00000000e0000000,0x00000000e7880000,0x00000000e7880000)
  from space 12288K, 99% used [0x00000000e7880000,0x00000000e8479ec8,0x00000000e8480000)
  to   space 15872K, 0% used [0x00000000ebe80000,0x00000000ebe80000,0x00000000ece00000)
 ParOldGen       total 49152K, used 19438K [0x00000000a0000000, 0x00000000a3000000, 0x00000000e0000000)
  object space 49152K, 39% used [0x00000000a0000000,0x00000000a12fbac0,0x00000000a3000000)
 Metaspace       used 55331K, capacity 56710K, committed 56872K, reserved 1097728K
  class space    used 7513K, capacity 7909K, committed 7984K, reserved 1048576K
Event: 22.404 GC heap after
Heap after GC invocations=14 (full 2):
 PSYoungGen      total 192512K, used 14427K [0x00000000e0000000, 0x00000000ece80000, 0x0000000100000000)
  eden space 176640K, 0% used [0x00000000e0000000,0x00000000e0000000,0x00000000eac80000)
  from space 15872K, 90% used [0x00000000ebe80000,0x00000000ecc96da8,0x00000000ece00000)
  to   space 17408K, 0% used [0x00000000eac80000,0x00000000eac80000,0x00000000ebd80000)
 ParOldGen       total 49152K, used 29411K [0x00000000a0000000, 0x00000000a3000000, 0x00000000e0000000)
  object space 49152K, 59% used [0x00000000a0000000,0x00000000a1cb8c98,0x00000000a3000000)
 Metaspace       used 55331K, capacity 56710K, committed 56872K, reserved 1097728K
  class space    used 7513K, capacity 7909K, committed 7984K, reserved 1048576K
}
Event: 24.074 GC heap before
{Heap before GC invocations=15 (full 2):
 PSYoungGen      total 192512K, used 54487K [0x00000000e0000000, 0x00000000ece80000, 0x0000000100000000)
  eden space 176640K, 22% used [0x00000000e0000000,0x00000000e271f008,0x00000000eac80000)
  from space 15872K, 90% used [0x00000000ebe80000,0x00000000ecc96da8,0x00000000ece00000)
  to   space 17408K, 0% used [0x00000000eac80000,0x00000000eac80000,0x00000000ebd80000)
 ParOldGen       total 49152K, used 29411K [0x00000000a0000000, 0x00000000a3000000, 0x00000000e0000000)
  object space 49152K, 59% used [0x00000000a0000000,0x00000000a1cb8c98,0x00000000a3000000)
 Metaspace       used 57585K, capacity 59074K, committed 59160K, reserved 1099776K
  class space    used 7875K, capacity 8316K, committed 8368K, reserved 1048576K
Event: 24.148 GC heap after
Heap after GC invocations=15 (full 2):
 PSYoungGen      total 194048K, used 3579K [0x00000000e0000000, 0x00000000ece80000, 0x0000000100000000)
  eden space 176640K, 0% used [0x00000000e0000000,0x00000000e0000000,0x00000000eac80000)
  from space 17408K, 20% used [0x00000000eac80000,0x00000000eaffee78,0x00000000ebd80000)
  to   space 15872K, 0% used [0x00000000ebe80000,0x00000000ebe80000,0x00000000ece00000)
 ParOldGen       total 49152K, used 35862K [0x00000000a0000000, 0x00000000a3000000, 0x00000000e0000000)
  object space 49152K, 72% used [0x00000000a0000000,0x00000000a2305b90,0x00000000a3000000)
 Metaspace       used 57585K, capacity 59074K, committed 59160K, reserved 1099776K
  class space    used 7875K, capacity 8316K, committed 8368K, reserved 1048576K
}
Event: 24.148 GC heap before
{Heap before GC invocations=16 (full 3):
 PSYoungGen      total 194048K, used 3579K [0x00000000e0000000, 0x00000000ece80000, 0x0000000100000000)
  eden space 176640K, 0% used [0x00000000e0000000,0x00000000e0000000,0x00000000eac80000)
  from space 17408K, 20% used [0x00000000eac80000,0x00000000eaffee78,0x00000000ebd80000)
  to   space 15872K, 0% used [0x00000000ebe80000,0x00000000ebe80000,0x00000000ece00000)
 ParOldGen       total 49152K, used 35862K [0x00000000a0000000, 0x00000000a3000000, 0x00000000e0000000)
  object space 49152K, 72% used [0x00000000a0000000,0x00000000a2305b90,0x00000000a3000000)
 Metaspace       used 57585K, capacity 59074K, committed 59160K, reserved 1099776K
  class space    used 7875K, capacity 8316K, committed 8368K, reserved 1048576K
Event: 24.805 GC heap after
Heap after GC invocations=16 (full 3):
 PSYoungGen      total 194048K, used 0K [0x00000000e0000000, 0x00000000ece80000, 0x0000000100000000)
  eden space 176640K, 0% used [0x00000000e0000000,0x00000000e0000000,0x00000000eac80000)
  from space 17408K, 0% used [0x00000000eac80000,0x00000000eac80000,0x00000000ebd80000)
  to   space 15872K, 0% used [0x00000000ebe80000,0x00000000ebe80000,0x00000000ece00000)
 ParOldGen       total 81408K, used 33816K [0x00000000a0000000, 0x00000000a4f80000, 0x00000000e0000000)
  object space 81408K, 41% used [0x00000000a0000000,0x00000000a2106040,0x00000000a4f80000)
 Metaspace       used 57585K, capacity 59074K, committed 59160K, reserved 1099776K
  class space    used 7875K, capacity 8316K, committed 8368K, reserved 1048576K
}
Event: 66.945 GC heap before
{Heap before GC invocations=17 (full 3):
 PSYoungGen      total 194048K, used 176640K [0x00000000e0000000, 0x00000000ece80000, 0x0000000100000000)
  eden space 176640K, 100% used [0x00000000e0000000,0x00000000eac80000,0x00000000eac80000)
  from space 17408K, 0% used [0x00000000eac80000,0x00000000eac80000,0x00000000ebd80000)
  to   space 15872K, 0% used [0x00000000ebe80000,0x00000000ebe80000,0x00000000ece00000)
 ParOldGen       total 81408K, used 33816K [0x00000000a0000000, 0x00000000a4f80000, 0x00000000e0000000)
  object space 81408K, 41% used [0x00000000a0000000,0x00000000a2106040,0x00000000a4f80000)
 Metaspace       used 62756K, capacity 64484K, committed 64552K, reserved 1105920K
  class space    used 8485K, capacity 8967K, committed 9008K, reserved 1048576K
Event: 66.994 GC heap after
Heap after GC invocations=17 (full 3):
 PSYoungGen      total 192512K, used 15323K [0x00000000e0000000, 0x00000000ece80000, 0x0000000100000000)
  eden space 176640K, 0% used [0x00000000e0000000,0x00000000e0000000,0x00000000eac80000)
  from space 15872K, 96% used [0x00000000ebe80000,0x00000000ecd76ce8,0x00000000ece00000)
  to   space 17408K, 0% used [0x00000000eac80000,0x00000000eac80000,0x00000000ebd80000)
 ParOldGen       total 81408K, used 33824K [0x00000000a0000000, 0x00000000a4f80000, 0x00000000e0000000)
  object space 81408K, 41% used [0x00000000a0000000,0x00000000a2108040,0x00000000a4f80000)
 Metaspace       used 62756K, capacity 64484K, committed 64552K, reserved 1105920K
  class space    used 8485K, capacity 8967K, committed 9008K, reserved 1048576K
}

