# JRE version: OpenJDK Runtime Environment (8.0_152-b01) (build 1.8.0_152-release-1248-b01)
# Java VM: OpenJDK 64-Bit Server VM (25.152-b01 mixed mode windows-amd64 compressed oops)
Heap:
 PSYoungGen      total 322048K, used 91122K [0x00000000e0000000, 0x00000000fb300000, 0x0000000100000000)
  eden space 250368K, 7% used [0x00000000e0000000,0x00000000e1304370,0x00000000ef480000)
  from space 71680K, 99% used [0x00000000f6d00000,0x00000000fb2f86d8,0x00000000fb300000)
  to   space 72704K, 0% used [0x00000000ef480000,0x00000000ef480000,0x00000000f3b80000)
 ParOldGen       total 228352K, used 123698K [0x00000000a0000000, 0x00000000adf00000, 0x00000000e0000000)
  object space 228352K, 54% used [0x00000000a0000000,0x00000000a78ccae0,0x00000000adf00000)
 Metaspace       used 91250K, capacity 94666K, committed 95616K, reserved 1132544K
  class space    used 11568K, capacity 12266K, committed 12416K, reserved 1048576K
GC Heap History (10 events):
Event: 1770.684 GC heap after
Heap after GC invocations=32 (full 4):
 PSYoungGen      total 268800K, used 64502K [0x00000000e0000000, 0x00000000f6b80000, 0x0000000100000000)
  eden space 204288K, 0% used [0x00000000e0000000,0x00000000e0000000,0x00000000ec780000)
  from space 64512K, 99% used [0x00000000f1300000,0x00000000f51fd8c0,0x00000000f5200000)
  to   space 77312K, 0% used [0x00000000ec780000,0x00000000ec780000,0x00000000f1300000)
 ParOldGen       total 196608K, used 167103K [0x00000000a0000000, 0x00000000ac000000, 0x00000000e0000000)
  object space 196608K, 84% used [0x00000000a0000000,0x00000000aa32fd00,0x00000000ac000000)
 Metaspace       used 91297K, capacity 94962K, committed 95104K, reserved 1132544K
  class space    used 11630K, capacity 12405K, committed 12416K, reserved 1048576K
}
Event: 1770.684 GC heap before
{Heap before GC invocations=33 (full 5):
 PSYoungGen      total 268800K, used 64502K [0x00000000e0000000, 0x00000000f6b80000, 0x0000000100000000)
  eden space 204288K, 0% used [0x00000000e0000000,0x00000000e0000000,0x00000000ec780000)
  from space 64512K, 99% used [0x00000000f1300000,0x00000000f51fd8c0,0x00000000f5200000)
  to   space 77312K, 0% used [0x00000000ec780000,0x00000000ec780000,0x00000000f1300000)
 ParOldGen       total 196608K, used 167103K [0x00000000a0000000, 0x00000000ac000000, 0x00000000e0000000)
  object space 196608K, 84% used [0x00000000a0000000,0x00000000aa32fd00,0x00000000ac000000)
 Metaspace       used 91297K, capacity 94962K, committed 95104K, reserved 1132544K
  class space    used 11630K, capacity 12405K, committed 12416K, reserved 1048576K
Event: 1772.009 GC heap after
Heap after GC invocations=33 (full 5):
 PSYoungGen      total 268800K, used 0K [0x00000000e0000000, 0x00000000f6b80000, 0x0000000100000000)
  eden space 204288K, 0% used [0x00000000e0000000,0x00000000e0000000,0x00000000ec780000)
  from space 64512K, 0% used [0x00000000f1300000,0x00000000f1300000,0x00000000f5200000)
  to   space 77312K, 0% used [0x00000000ec780000,0x00000000ec780000,0x00000000f1300000)
 ParOldGen       total 228352K, used 116809K [0x00000000a0000000, 0x00000000adf00000, 0x00000000e0000000)
  object space 228352K, 51% used [0x00000000a0000000,0x00000000a72127d8,0x00000000adf00000)
 Metaspace       used 90804K, capacity 94146K, committed 95104K, reserved 1132544K
  class space    used 11550K, capacity 12256K, committed 12416K, reserved 1048576K
}
Event: 1776.012 GC heap before
{Heap before GC invocations=34 (full 5):
 PSYoungGen      total 268800K, used 204288K [0x00000000e0000000, 0x00000000f6b80000, 0x0000000100000000)
  eden space 204288K, 100% used [0x00000000e0000000,0x00000000ec780000,0x00000000ec780000)
  from space 64512K, 0% used [0x00000000f1300000,0x00000000f1300000,0x00000000f5200000)
  to   space 77312K, 0% used [0x00000000ec780000,0x00000000ec780000,0x00000000f1300000)
 ParOldGen       total 228352K, used 116809K [0x00000000a0000000, 0x00000000adf00000, 0x00000000e0000000)
  object space 228352K, 51% used [0x00000000a0000000,0x00000000a72127d8,0x00000000adf00000)
 Metaspace       used 90873K, capacity 94228K, committed 95104K, reserved 1132544K
  class space    used 11558K, capacity 12259K, committed 12416K, reserved 1048576K
Event: 1776.041 GC heap after
Heap after GC invocations=34 (full 5):
 PSYoungGen      total 281600K, used 1614K [0x00000000e0000000, 0x00000000f8b80000, 0x0000000100000000)
  eden space 204288K, 0% used [0x00000000e0000000,0x00000000e0000000,0x00000000ec780000)
  from space 77312K, 2% used [0x00000000ec780000,0x00000000ec913be8,0x00000000f1300000)
  to   space 76800K, 0% used [0x00000000f4080000,0x00000000f4080000,0x00000000f8b80000)
 ParOldGen       total 228352K, used 116809K [0x00000000a0000000, 0x00000000adf00000, 0x00000000e0000000)
  object space 228352K, 51% used [0x00000000a0000000,0x00000000a72127d8,0x00000000adf00000)
 Metaspace       used 90873K, capacity 94228K, committed 95104K, reserved 1132544K
  class space    used 11558K, capacity 12259K, committed 12416K, reserved 1048576K
}
Event: 1777.514 GC heap before
{Heap before GC invocations=35 (full 5):
 PSYoungGen      total 281600K, used 205785K [0x00000000e0000000, 0x00000000f8b80000, 0x0000000100000000)
  eden space 204288K, 99% used [0x00000000e0000000,0x00000000ec762b30,0x00000000ec780000)
  from space 77312K, 2% used [0x00000000ec780000,0x00000000ec913be8,0x00000000f1300000)
  to   space 76800K, 0% used [0x00000000f4080000,0x00000000f4080000,0x00000000f8b80000)
 ParOldGen       total 228352K, used 116809K [0x00000000a0000000, 0x00000000adf00000, 0x00000000e0000000)
  object space 228352K, 51% used [0x00000000a0000000,0x00000000a72127d8,0x00000000adf00000)
 Metaspace       used 90940K, capacity 94314K, committed 95104K, reserved 1132544K
  class space    used 11561K, capacity 12262K, committed 12416K, reserved 1048576K
Event: 1777.550 GC heap after
Heap after GC invocations=35 (full 5):
 PSYoungGen      total 317952K, used 28309K [0x00000000e0000000, 0x00000000f8280000, 0x0000000100000000)
  eden space 250368K, 0% used [0x00000000e0000000,0x00000000e0000000,0x00000000ef480000)
  from space 67584K, 41% used [0x00000000f4080000,0x00000000f5c25630,0x00000000f8280000)
  to   space 72704K, 0% used [0x00000000ef480000,0x00000000ef480000,0x00000000f3b80000)
 ParOldGen       total 228352K, used 118312K [0x00000000a0000000, 0x00000000adf00000, 0x00000000e0000000)
  object space 228352K, 51% used [0x00000000a0000000,0x00000000a738a3c0,0x00000000adf00000)
 Metaspace       used 90940K, capacity 94314K, committed 95104K, reserved 1132544K
  class space    used 11561K, capacity 12262K, committed 12416K, reserved 1048576K
}
Event: 2400.206 GC heap before
{Heap before GC invocations=36 (full 5):
 PSYoungGen      total 317952K, used 278677K [0x00000000e0000000, 0x00000000f8280000, 0x0000000100000000)
  eden space 250368K, 100% used [0x00000000e0000000,0x00000000ef480000,0x00000000ef480000)
  from space 67584K, 41% used [0x00000000f4080000,0x00000000f5c25630,0x00000000f8280000)
  to   space 72704K, 0% used [0x00000000ef480000,0x00000000ef480000,0x00000000f3b80000)
 ParOldGen       total 228352K, used 118312K [0x00000000a0000000, 0x00000000adf00000, 0x00000000e0000000)
  object space 228352K, 51% used [0x00000000a0000000,0x00000000a738a3c0,0x00000000adf00000)
 Metaspace       used 91029K, capacity 94406K, committed 95360K, reserved 1132544K
  class space    used 11566K, capacity 12266K, committed 12416K, reserved 1048576K
Event: 2400.229 GC heap after
Heap after GC invocations=36 (full 5):
 PSYoungGen      total 323072K, used 4272K [0x00000000e0000000, 0x00000000fb300000, 0x0000000100000000)
  eden space 250368K, 0% used [0x00000000e0000000,0x00000000e0000000,0x00000000ef480000)
  from space 72704K, 5% used [0x00000000ef480000,0x00000000ef8ac010,0x00000000f3b80000)
  to   space 71680K, 0% used [0x00000000f6d00000,0x00000000f6d00000,0x00000000fb300000)
 ParOldGen       total 228352K, used 118344K [0x00000000a0000000, 0x00000000adf00000, 0x00000000e0000000)
  object space 228352K, 51% used [0x00000000a0000000,0x00000000a73923d0,0x00000000adf00000)
 Metaspace       used 91029K, capacity 94406K, committed 95360K, reserved 1132544K
  class space    used 11566K, capacity 12266K, committed 12416K, reserved 1048576K
}
Event: 2415.284 GC heap before
{Heap before GC invocations=37 (full 5):
 PSYoungGen      total 323072K, used 254640K [0x00000000e0000000, 0x00000000fb300000, 0x0000000100000000)
  eden space 250368K, 100% used [0x00000000e0000000,0x00000000ef480000,0x00000000ef480000)
  from space 72704K, 5% used [0x00000000ef480000,0x00000000ef8ac010,0x00000000f3b80000)
  to   space 71680K, 0% used [0x00000000f6d00000,0x00000000f6d00000,0x00000000fb300000)
 ParOldGen       total 228352K, used 118344K [0x00000000a0000000, 0x00000000adf00000, 0x00000000e0000000)
  object space 228352K, 51% used [0x00000000a0000000,0x00000000a73923d0,0x00000000adf00000)
 Metaspace       used 91250K, capacity 94666K, committed 95616K, reserved 1132544K
  class space    used 11568K, capacity 12266K, committed 12416K, reserved 1048576K

