# JRE version: OpenJDK Runtime Environment (8.0_152-b01) (build 1.8.0_152-release-1248-b01)
# Java VM: OpenJDK 64-Bit Server VM (25.152-b01 mixed mode windows-amd64 compressed oops)
Heap:
 PSYoungGen      total 370688K, used 197706K [0x00000000e0000000, 0x00000000f8880000, 0x0000000100000000)
  eden space 339968K, 56% used [0x00000000e0000000,0x00000000ebc0e308,0x00000000f4c00000)
  from space 30720K, 16% used [0x00000000f6a00000,0x00000000f6f046f0,0x00000000f8800000)
  to   space 30720K, 0% used [0x00000000f4c00000,0x00000000f4c00000,0x00000000f6a00000)
 ParOldGen       total 135680K, used 50270K [0x00000000a0000000, 0x00000000a8480000, 0x00000000e0000000)
  object space 135680K, 37% used [0x00000000a0000000,0x00000000a3117a18,0x00000000a8480000)
 Metaspace       used 98517K, capacity 101864K, committed 102824K, reserved 1138688K
  class space    used 12246K, capacity 12949K, committed 13224K, reserved 1048576K
GC Heap History (10 events):
Event: 5597.001 GC heap before
{Heap before GC invocations=24 (full 3):
 PSYoungGen      total 240128K, used 236126K [0x00000000e0000000, 0x00000000f1900000, 0x0000000100000000)
  eden space 217088K, 99% used [0x00000000e0000000,0x00000000ed31d818,0x00000000ed400000)
  from space 23040K, 86% used [0x00000000f0280000,0x00000000f15fa058,0x00000000f1900000)
  to   space 35328K, 0% used [0x00000000ed400000,0x00000000ed400000,0x00000000ef680000)
 ParOldGen       total 101888K, used 57435K [0x00000000a0000000, 0x00000000a6380000, 0x00000000e0000000)
  object space 101888K, 56% used [0x00000000a0000000,0x00000000a3816c70,0x00000000a6380000)
 Metaspace       used 88027K, capacity 90928K, committed 91176K, reserved 1128448K
  class space    used 11060K, capacity 11734K, committed 11816K, reserved 1048576K
Event: 5597.038 GC heap after
Heap after GC invocations=24 (full 3):
 PSYoungGen      total 252416K, used 13236K [0x00000000e0000000, 0x00000000f5180000, 0x0000000100000000)
  eden space 217088K, 0% used [0x00000000e0000000,0x00000000e0000000,0x00000000ed400000)
  from space 35328K, 37% used [0x00000000ed400000,0x00000000ee0ed130,0x00000000ef680000)
  to   space 33280K, 0% used [0x00000000f3100000,0x00000000f3100000,0x00000000f5180000)
 ParOldGen       total 101888K, used 57443K [0x00000000a0000000, 0x00000000a6380000, 0x00000000e0000000)
  object space 101888K, 56% used [0x00000000a0000000,0x00000000a3818c70,0x00000000a6380000)
 Metaspace       used 88027K, capacity 90928K, committed 91176K, reserved 1128448K
  class space    used 11060K, capacity 11734K, committed 11816K, reserved 1048576K
}
Event: 5605.571 GC heap before
{Heap before GC invocations=25 (full 3):
 PSYoungGen      total 252416K, used 230324K [0x00000000e0000000, 0x00000000f5180000, 0x0000000100000000)
  eden space 217088K, 100% used [0x00000000e0000000,0x00000000ed400000,0x00000000ed400000)
  from space 35328K, 37% used [0x00000000ed400000,0x00000000ee0ed130,0x00000000ef680000)
  to   space 33280K, 0% used [0x00000000f3100000,0x00000000f3100000,0x00000000f5180000)
 ParOldGen       total 101888K, used 57443K [0x00000000a0000000, 0x00000000a6380000, 0x00000000e0000000)
  object space 101888K, 56% used [0x00000000a0000000,0x00000000a3818c70,0x00000000a6380000)
 Metaspace       used 89015K, capacity 92202K, committed 92456K, reserved 1130496K
  class space    used 11200K, capacity 11969K, committed 12072K, reserved 1048576K
Event: 5605.630 GC heap after
Heap after GC invocations=25 (full 3):
 PSYoungGen      total 301056K, used 16592K [0x00000000e0000000, 0x00000000f4b00000, 0x0000000100000000)
  eden space 274432K, 0% used [0x00000000e0000000,0x00000000e0000000,0x00000000f0c00000)
  from space 26624K, 62% used [0x00000000f3100000,0x00000000f4134288,0x00000000f4b00000)
  to   space 32256K, 0% used [0x00000000f0c00000,0x00000000f0c00000,0x00000000f2b80000)
 ParOldGen       total 101888K, used 58684K [0x00000000a0000000, 0x00000000a6380000, 0x00000000e0000000)
  object space 101888K, 57% used [0x00000000a0000000,0x00000000a394f2a8,0x00000000a6380000)
 Metaspace       used 89015K, capacity 92202K, committed 92456K, reserved 1130496K
  class space    used 11200K, capacity 11969K, committed 12072K, reserved 1048576K
}
Event: 5614.349 GC heap before
{Heap before GC invocations=26 (full 3):
 PSYoungGen      total 301056K, used 190376K [0x00000000e0000000, 0x00000000f4b00000, 0x0000000100000000)
  eden space 274432K, 63% used [0x00000000e0000000,0x00000000ea9b6058,0x00000000f0c00000)
  from space 26624K, 62% used [0x00000000f3100000,0x00000000f4134288,0x00000000f4b00000)
  to   space 32256K, 0% used [0x00000000f0c00000,0x00000000f0c00000,0x00000000f2b80000)
 ParOldGen       total 101888K, used 58684K [0x00000000a0000000, 0x00000000a6380000, 0x00000000e0000000)
  object space 101888K, 57% used [0x00000000a0000000,0x00000000a394f2a8,0x00000000a6380000)
 Metaspace       used 94869K, capacity 98500K, committed 98600K, reserved 1134592K
  class space    used 11949K, capacity 12765K, committed 12840K, reserved 1048576K
Event: 5614.404 GC heap after
Heap after GC invocations=26 (full 3):
 PSYoungGen      total 306688K, used 14557K [0x00000000e0000000, 0x00000000f8800000, 0x0000000100000000)
  eden space 274432K, 0% used [0x00000000e0000000,0x00000000e0000000,0x00000000f0c00000)
  from space 32256K, 45% used [0x00000000f0c00000,0x00000000f1a37778,0x00000000f2b80000)
  to   space 30720K, 0% used [0x00000000f6a00000,0x00000000f6a00000,0x00000000f8800000)
 ParOldGen       total 101888K, used 65579K [0x00000000a0000000, 0x00000000a6380000, 0x00000000e0000000)
  object space 101888K, 64% used [0x00000000a0000000,0x00000000a400ace0,0x00000000a6380000)
 Metaspace       used 94869K, capacity 98500K, committed 98600K, reserved 1134592K
  class space    used 11949K, capacity 12765K, committed 12840K, reserved 1048576K
}
Event: 5614.404 GC heap before
{Heap before GC invocations=27 (full 4):
 PSYoungGen      total 306688K, used 14557K [0x00000000e0000000, 0x00000000f8800000, 0x0000000100000000)
  eden space 274432K, 0% used [0x00000000e0000000,0x00000000e0000000,0x00000000f0c00000)
  from space 32256K, 45% used [0x00000000f0c00000,0x00000000f1a37778,0x00000000f2b80000)
  to   space 30720K, 0% used [0x00000000f6a00000,0x00000000f6a00000,0x00000000f8800000)
 ParOldGen       total 101888K, used 65579K [0x00000000a0000000, 0x00000000a6380000, 0x00000000e0000000)
  object space 101888K, 64% used [0x00000000a0000000,0x00000000a400ace0,0x00000000a6380000)
 Metaspace       used 94869K, capacity 98500K, committed 98600K, reserved 1134592K
  class space    used 11949K, capacity 12765K, committed 12840K, reserved 1048576K
Event: 5614.971 GC heap after
Heap after GC invocations=27 (full 4):
 PSYoungGen      total 306688K, used 0K [0x00000000e0000000, 0x00000000f8800000, 0x0000000100000000)
  eden space 274432K, 0% used [0x00000000e0000000,0x00000000e0000000,0x00000000f0c00000)
  from space 32256K, 0% used [0x00000000f0c00000,0x00000000f0c00000,0x00000000f2b80000)
  to   space 30720K, 0% used [0x00000000f6a00000,0x00000000f6a00000,0x00000000f8800000)
 ParOldGen       total 135680K, used 50262K [0x00000000a0000000, 0x00000000a8480000, 0x00000000e0000000)
  object space 135680K, 37% used [0x00000000a0000000,0x00000000a3115a18,0x00000000a8480000)
 Metaspace       used 93857K, capacity 96630K, committed 98600K, reserved 1134592K
  class space    used 11766K, capacity 12418K, committed 12840K, reserved 1048576K
}
Event: 5621.153 GC heap before
{Heap before GC invocations=28 (full 4):
 PSYoungGen      total 306688K, used 274432K [0x00000000e0000000, 0x00000000f8800000, 0x0000000100000000)
  eden space 274432K, 100% used [0x00000000e0000000,0x00000000f0c00000,0x00000000f0c00000)
  from space 32256K, 0% used [0x00000000f0c00000,0x00000000f0c00000,0x00000000f2b80000)
  to   space 30720K, 0% used [0x00000000f6a00000,0x00000000f6a00000,0x00000000f8800000)
 ParOldGen       total 135680K, used 50262K [0x00000000a0000000, 0x00000000a8480000, 0x00000000e0000000)
  object space 135680K, 37% used [0x00000000a0000000,0x00000000a3115a18,0x00000000a8480000)
 Metaspace       used 98399K, capacity 101718K, committed 102824K, reserved 1138688K
  class space    used 12240K, capacity 12946K, committed 13224K, reserved 1048576K
Event: 5621.184 GC heap after
Heap after GC invocations=28 (full 4):
 PSYoungGen      total 370688K, used 5137K [0x00000000e0000000, 0x00000000f8880000, 0x0000000100000000)
  eden space 339968K, 0% used [0x00000000e0000000,0x00000000e0000000,0x00000000f4c00000)
  from space 30720K, 16% used [0x00000000f6a00000,0x00000000f6f046f0,0x00000000f8800000)
  to   space 30720K, 0% used [0x00000000f4c00000,0x00000000f4c00000,0x00000000f6a00000)
 ParOldGen       total 135680K, used 50270K [0x00000000a0000000, 0x00000000a8480000, 0x00000000e0000000)
  object space 135680K, 37% used [0x00000000a0000000,0x00000000a3117a18,0x00000000a8480000)
 Metaspace       used 98399K, capacity 101718K, committed 102824K, reserved 1138688K
  class space    used 12240K, capacity 12946K, committed 13224K, reserved 1048576K
}

