# JRE version: OpenJDK Runtime Environment (8.0_152-b01) (build 1.8.0_152-release-1248-b01)
# Java VM: OpenJDK 64-Bit Server VM (25.152-b01 mixed mode windows-amd64 compressed oops)
Heap:
 PSYoungGen      total 475648K, used 166030K [0x00000000e0000000, 0x00000000ffa00000, 0x0000000100000000)
  eden space 433152K, 36% used [0x00000000e0000000,0x00000000e9c056c8,0x00000000fa700000)
  from space 42496K, 14% used [0x00000000fa700000,0x00000000fad1e2f8,0x00000000fd080000)
  to   space 40448K, 0% used [0x00000000fd280000,0x00000000fd280000,0x00000000ffa00000)
 ParOldGen       total 130048K, used 76735K [0x00000000a0000000, 0x00000000a7f00000, 0x00000000e0000000)
  object space 130048K, 59% used [0x00000000a0000000,0x00000000a4aefcc8,0x00000000a7f00000)
 Metaspace       used 128663K, capacity 134682K, committed 134784K, reserved 1167360K
  class space    used 16115K, capacity 17279K, committed 17280K, reserved 1048576K
GC Heap History (10 events):
Event: 236.041 GC heap before
{Heap before GC invocations=27 (full 5):
 PSYoungGen      total 482304K, used 440320K [0x00000000e0000000, 0x0000000100000000, 0x0000000100000000)
  eden space 440320K, 100% used [0x00000000e0000000,0x00000000fae00000,0x00000000fae00000)
  from space 41984K, 0% used [0x00000000fae00000,0x00000000fae00000,0x00000000fd700000)
  to   space 40448K, 0% used [0x00000000fd880000,0x00000000fd880000,0x0000000100000000)
 ParOldGen       total 130048K, used 51068K [0x00000000a0000000, 0x00000000a7f00000, 0x00000000e0000000)
  object space 130048K, 39% used [0x00000000a0000000,0x00000000a31df3e0,0x00000000a7f00000)
 Metaspace       used 114531K, capacity 119350K, committed 119552K, reserved 1153024K
  class space    used 14506K, capacity 15492K, committed 15616K, reserved 1048576K
Event: 236.161 GC heap after
Heap after GC invocations=27 (full 5):
 PSYoungGen      total 463360K, used 40437K [0x00000000e0000000, 0x0000000100000000, 0x0000000100000000)
  eden space 422912K, 0% used [0x00000000e0000000,0x00000000e0000000,0x00000000f9d00000)
  from space 40448K, 99% used [0x00000000fd880000,0x00000000ffffd558,0x0000000100000000)
  to   space 50688K, 0% used [0x00000000f9d00000,0x00000000f9d00000,0x00000000fce80000)
 ParOldGen       total 130048K, used 58619K [0x00000000a0000000, 0x00000000a7f00000, 0x00000000e0000000)
  object space 130048K, 45% used [0x00000000a0000000,0x00000000a393efe8,0x00000000a7f00000)
 Metaspace       used 114531K, capacity 119350K, committed 119552K, reserved 1153024K
  class space    used 14506K, capacity 15492K, committed 15616K, reserved 1048576K
}
Event: 263.458 GC heap before
{Heap before GC invocations=28 (full 5):
 PSYoungGen      total 463360K, used 462403K [0x00000000e0000000, 0x0000000100000000, 0x0000000100000000)
  eden space 422912K, 99% used [0x00000000e0000000,0x00000000f9c139d0,0x00000000f9d00000)
  from space 40448K, 99% used [0x00000000fd880000,0x00000000ffffd558,0x0000000100000000)
  to   space 50688K, 0% used [0x00000000f9d00000,0x00000000f9d00000,0x00000000fce80000)
 ParOldGen       total 130048K, used 58619K [0x00000000a0000000, 0x00000000a7f00000, 0x00000000e0000000)
  object space 130048K, 45% used [0x00000000a0000000,0x00000000a393efe8,0x00000000a7f00000)
 Metaspace       used 116861K, capacity 121896K, committed 122112K, reserved 1155072K
  class space    used 14778K, capacity 15821K, committed 15872K, reserved 1048576K
Event: 263.524 GC heap after
Heap after GC invocations=28 (full 5):
 PSYoungGen      total 473600K, used 8515K [0x00000000e0000000, 0x0000000100000000, 0x0000000100000000)
  eden space 422912K, 0% used [0x00000000e0000000,0x00000000e0000000,0x00000000f9d00000)
  from space 50688K, 16% used [0x00000000f9d00000,0x00000000fa550ca0,0x00000000fce80000)
  to   space 48640K, 0% used [0x00000000fd080000,0x00000000fd080000,0x0000000100000000)
 ParOldGen       total 130048K, used 76703K [0x00000000a0000000, 0x00000000a7f00000, 0x00000000e0000000)
  object space 130048K, 58% used [0x00000000a0000000,0x00000000a4ae7cc8,0x00000000a7f00000)
 Metaspace       used 116861K, capacity 121896K, committed 122112K, reserved 1155072K
  class space    used 14778K, capacity 15821K, committed 15872K, reserved 1048576K
}
Event: 275.206 GC heap before
{Heap before GC invocations=29 (full 5):
 PSYoungGen      total 473600K, used 431427K [0x00000000e0000000, 0x0000000100000000, 0x0000000100000000)
  eden space 422912K, 100% used [0x00000000e0000000,0x00000000f9d00000,0x00000000f9d00000)
  from space 50688K, 16% used [0x00000000f9d00000,0x00000000fa550ca0,0x00000000fce80000)
  to   space 48640K, 0% used [0x00000000fd080000,0x00000000fd080000,0x0000000100000000)
 ParOldGen       total 130048K, used 76703K [0x00000000a0000000, 0x00000000a7f00000, 0x00000000e0000000)
  object space 130048K, 58% used [0x00000000a0000000,0x00000000a4ae7cc8,0x00000000a7f00000)
 Metaspace       used 118697K, capacity 123898K, committed 124160K, reserved 1157120K
  class space    used 14989K, capacity 16044K, committed 16128K, reserved 1048576K
Event: 275.227 GC heap after
Heap after GC invocations=29 (full 5):
 PSYoungGen      total 468480K, used 5988K [0x00000000e0000000, 0x00000000ffb00000, 0x0000000100000000)
  eden space 424960K, 0% used [0x00000000e0000000,0x00000000e0000000,0x00000000f9f00000)
  from space 43520K, 13% used [0x00000000fd080000,0x00000000fd6590c0,0x00000000ffb00000)
  to   space 47104K, 0% used [0x00000000f9f00000,0x00000000f9f00000,0x00000000fcd00000)
 ParOldGen       total 130048K, used 76711K [0x00000000a0000000, 0x00000000a7f00000, 0x00000000e0000000)
  object space 130048K, 58% used [0x00000000a0000000,0x00000000a4ae9cc8,0x00000000a7f00000)
 Metaspace       used 118697K, capacity 123898K, committed 124160K, reserved 1157120K
  class space    used 14989K, capacity 16044K, committed 16128K, reserved 1048576K
}
Event: 284.783 GC heap before
{Heap before GC invocations=30 (full 5):
 PSYoungGen      total 468480K, used 430948K [0x00000000e0000000, 0x00000000ffb00000, 0x0000000100000000)
  eden space 424960K, 100% used [0x00000000e0000000,0x00000000f9f00000,0x00000000f9f00000)
  from space 43520K, 13% used [0x00000000fd080000,0x00000000fd6590c0,0x00000000ffb00000)
  to   space 47104K, 0% used [0x00000000f9f00000,0x00000000f9f00000,0x00000000fcd00000)
 ParOldGen       total 130048K, used 76711K [0x00000000a0000000, 0x00000000a7f00000, 0x00000000e0000000)
  object space 130048K, 58% used [0x00000000a0000000,0x00000000a4ae9cc8,0x00000000a7f00000)
 Metaspace       used 128290K, capacity 134282K, committed 134528K, reserved 1167360K
  class space    used 16102K, capacity 17243K, committed 17280K, reserved 1048576K
Event: 284.840 GC heap after
Heap after GC invocations=30 (full 5):
 PSYoungGen      total 472064K, used 15721K [0x00000000e0000000, 0x00000000ffd80000, 0x0000000100000000)
  eden space 424960K, 0% used [0x00000000e0000000,0x00000000e0000000,0x00000000f9f00000)
  from space 47104K, 33% used [0x00000000f9f00000,0x00000000fae5a610,0x00000000fcd00000)
  to   space 44032K, 0% used [0x00000000fd280000,0x00000000fd280000,0x00000000ffd80000)
 ParOldGen       total 130048K, used 76719K [0x00000000a0000000, 0x00000000a7f00000, 0x00000000e0000000)
  object space 130048K, 58% used [0x00000000a0000000,0x00000000a4aebcc8,0x00000000a7f00000)
 Metaspace       used 128290K, capacity 134282K, committed 134528K, reserved 1167360K
  class space    used 16102K, capacity 17243K, committed 17280K, reserved 1048576K
}
Event: 290.689 GC heap before
{Heap before GC invocations=31 (full 5):
 PSYoungGen      total 472064K, used 440681K [0x00000000e0000000, 0x00000000ffd80000, 0x0000000100000000)
  eden space 424960K, 100% used [0x00000000e0000000,0x00000000f9f00000,0x00000000f9f00000)
  from space 47104K, 33% used [0x00000000f9f00000,0x00000000fae5a610,0x00000000fcd00000)
  to   space 44032K, 0% used [0x00000000fd280000,0x00000000fd280000,0x00000000ffd80000)
 ParOldGen       total 130048K, used 76719K [0x00000000a0000000, 0x00000000a7f00000, 0x00000000e0000000)
  object space 130048K, 58% used [0x00000000a0000000,0x00000000a4aebcc8,0x00000000a7f00000)
 Metaspace       used 128473K, capacity 134508K, committed 134784K, reserved 1167360K
  class space    used 16108K, capacity 17246K, committed 17280K, reserved 1048576K
Event: 290.732 GC heap after
Heap after GC invocations=31 (full 5):
 PSYoungGen      total 473600K, used 7845K [0x00000000e0000000, 0x00000000ffa00000, 0x0000000100000000)
  eden space 433152K, 0% used [0x00000000e0000000,0x00000000e0000000,0x00000000fa700000)
  from space 40448K, 19% used [0x00000000fd280000,0x00000000fda297f8,0x00000000ffa00000)
  to   space 42496K, 0% used [0x00000000fa700000,0x00000000fa700000,0x00000000fd080000)
 ParOldGen       total 130048K, used 76727K [0x00000000a0000000, 0x00000000a7f00000, 0x00000000e0000000)
  object space 130048K, 58% used [0x00000000a0000000,0x00000000a4aedcc8,0x00000000a7f00000)
 Metaspace       used 128473K, capacity 134508K, committed 134784K, reserved 1167360K
  class space    used 16108K, capacity 17246K, committed 17280K, reserved 1048576K
}

