# JRE version: OpenJDK Runtime Environment (8.0_152-b01) (build 1.8.0_152-release-1248-b01)
# Java VM: OpenJDK 64-Bit Server VM (25.152-b01 mixed mode windows-amd64 compressed oops)
Heap:
 PSYoungGen      total 153600K, used 85984K [0x00000000e0000000, 0x00000000ebc00000, 0x0000000100000000)
  eden space 141312K, 60% used [0x00000000e0000000,0x00000000e53f8220,0x00000000e8a00000)
  from space 12288K, 0% used [0x00000000e9980000,0x00000000e9980000,0x00000000ea580000)
  to   space 15872K, 0% used [0x00000000e8a00000,0x00000000e8a00000,0x00000000e9980000)
 ParOldGen       total 87040K, used 33575K [0x00000000a0000000, 0x00000000a5500000, 0x00000000e0000000)
  object space 87040K, 38% used [0x00000000a0000000,0x00000000a20c9ca0,0x00000000a5500000)
 Metaspace       used 60855K, capacity 62682K, committed 62848K, reserved 1103872K
  class space    used 8322K, capacity 8780K, committed 8832K, reserved 1048576K
GC Heap History (10 events):
Event: 13.796 GC heap before
{Heap before GC invocations=11 (full 2):
 PSYoungGen      total 135168K, used 9726K [0x00000000e0000000, 0x00000000ea580000, 0x0000000100000000)
  eden space 125440K, 0% used [0x00000000e0000000,0x00000000e0000000,0x00000000e7a80000)
  from space 9728K, 99% used [0x00000000e7a80000,0x00000000e83ff820,0x00000000e8400000)
  to   space 12288K, 0% used [0x00000000e9980000,0x00000000e9980000,0x00000000ea580000)
 ParOldGen       total 37888K, used 16448K [0x00000000a0000000, 0x00000000a2500000, 0x00000000e0000000)
  object space 37888K, 43% used [0x00000000a0000000,0x00000000a10100a8,0x00000000a2500000)
 Metaspace       used 34828K, capacity 35432K, committed 35496K, reserved 1079296K
  class space    used 4851K, capacity 5078K, committed 5120K, reserved 1048576K
Event: 14.010 GC heap after
Heap after GC invocations=11 (full 2):
 PSYoungGen      total 135168K, used 0K [0x00000000e0000000, 0x00000000ea580000, 0x0000000100000000)
  eden space 125440K, 0% used [0x00000000e0000000,0x00000000e0000000,0x00000000e7a80000)
  from space 9728K, 0% used [0x00000000e7a80000,0x00000000e7a80000,0x00000000e8400000)
  to   space 12288K, 0% used [0x00000000e9980000,0x00000000e9980000,0x00000000ea580000)
 ParOldGen       total 58368K, used 20203K [0x00000000a0000000, 0x00000000a3900000, 0x00000000e0000000)
  object space 58368K, 34% used [0x00000000a0000000,0x00000000a13bacc8,0x00000000a3900000)
 Metaspace       used 34828K, capacity 35432K, committed 35496K, reserved 1079296K
  class space    used 4851K, capacity 5078K, committed 5120K, reserved 1048576K
}
Event: 18.210 GC heap before
{Heap before GC invocations=12 (full 2):
 PSYoungGen      total 135168K, used 125440K [0x00000000e0000000, 0x00000000ea580000, 0x0000000100000000)
  eden space 125440K, 100% used [0x00000000e0000000,0x00000000e7a80000,0x00000000e7a80000)
  from space 9728K, 0% used [0x00000000e7a80000,0x00000000e7a80000,0x00000000e8400000)
  to   space 12288K, 0% used [0x00000000e9980000,0x00000000e9980000,0x00000000ea580000)
 ParOldGen       total 58368K, used 20203K [0x00000000a0000000, 0x00000000a3900000, 0x00000000e0000000)
  object space 58368K, 34% used [0x00000000a0000000,0x00000000a13bacc8,0x00000000a3900000)
 Metaspace       used 44564K, capacity 45416K, committed 45568K, reserved 1089536K
  class space    used 6074K, capacity 6381K, committed 6400K, reserved 1048576K
Event: 18.282 GC heap after
Heap after GC invocations=12 (full 2):
 PSYoungGen      total 153600K, used 12257K [0x00000000e0000000, 0x00000000ebc00000, 0x0000000100000000)
  eden space 141312K, 0% used [0x00000000e0000000,0x00000000e0000000,0x00000000e8a00000)
  from space 12288K, 99% used [0x00000000e9980000,0x00000000ea5787e8,0x00000000ea580000)
  to   space 15872K, 0% used [0x00000000e8a00000,0x00000000e8a00000,0x00000000e9980000)
 ParOldGen       total 58368K, used 25183K [0x00000000a0000000, 0x00000000a3900000, 0x00000000e0000000)
  object space 58368K, 43% used [0x00000000a0000000,0x00000000a1897e50,0x00000000a3900000)
 Metaspace       used 44564K, capacity 45416K, committed 45568K, reserved 1089536K
  class space    used 6074K, capacity 6381K, committed 6400K, reserved 1048576K
}
Event: 22.767 GC heap before
{Heap before GC invocations=13 (full 2):
 PSYoungGen      total 153600K, used 153569K [0x00000000e0000000, 0x00000000ebc00000, 0x0000000100000000)
  eden space 141312K, 100% used [0x00000000e0000000,0x00000000e8a00000,0x00000000e8a00000)
  from space 12288K, 99% used [0x00000000e9980000,0x00000000ea5787e8,0x00000000ea580000)
  to   space 15872K, 0% used [0x00000000e8a00000,0x00000000e8a00000,0x00000000e9980000)
 ParOldGen       total 58368K, used 25183K [0x00000000a0000000, 0x00000000a3900000, 0x00000000e0000000)
  object space 58368K, 43% used [0x00000000a0000000,0x00000000a1897e50,0x00000000a3900000)
 Metaspace       used 56204K, capacity 57642K, committed 57728K, reserved 1099776K
  class space    used 7668K, capacity 8031K, committed 8064K, reserved 1048576K
Event: 22.840 GC heap after
Heap after GC invocations=13 (full 2):
 PSYoungGen      total 157184K, used 15713K [0x00000000e0000000, 0x00000000ebc00000, 0x0000000100000000)
  eden space 141312K, 0% used [0x00000000e0000000,0x00000000e0000000,0x00000000e8a00000)
  from space 15872K, 99% used [0x00000000e8a00000,0x00000000e9958680,0x00000000e9980000)
  to   space 12288K, 0% used [0x00000000e9980000,0x00000000e9980000,0x00000000ea580000)
 ParOldGen       total 58368K, used 35065K [0x00000000a0000000, 0x00000000a3900000, 0x00000000e0000000)
  object space 58368K, 60% used [0x00000000a0000000,0x00000000a223e5e8,0x00000000a3900000)
 Metaspace       used 56204K, capacity 57642K, committed 57728K, reserved 1099776K
  class space    used 7668K, capacity 8031K, committed 8064K, reserved 1048576K
}
Event: 23.704 GC heap before
{Heap before GC invocations=14 (full 2):
 PSYoungGen      total 157184K, used 38316K [0x00000000e0000000, 0x00000000ebc00000, 0x0000000100000000)
  eden space 141312K, 15% used [0x00000000e0000000,0x00000000e1612ac0,0x00000000e8a00000)
  from space 15872K, 99% used [0x00000000e8a00000,0x00000000e9958680,0x00000000e9980000)
  to   space 12288K, 0% used [0x00000000e9980000,0x00000000e9980000,0x00000000ea580000)
 ParOldGen       total 58368K, used 35065K [0x00000000a0000000, 0x00000000a3900000, 0x00000000e0000000)
  object space 58368K, 60% used [0x00000000a0000000,0x00000000a223e5e8,0x00000000a3900000)
 Metaspace       used 57590K, capacity 59104K, committed 59160K, reserved 1099776K
  class space    used 7895K, capacity 8288K, committed 8320K, reserved 1048576K
Event: 23.766 GC heap after
Heap after GC invocations=14 (full 2):
 PSYoungGen      total 153600K, used 9244K [0x00000000e0000000, 0x00000000ebc00000, 0x0000000100000000)
  eden space 141312K, 0% used [0x00000000e0000000,0x00000000e0000000,0x00000000e8a00000)
  from space 12288K, 75% used [0x00000000e9980000,0x00000000ea287350,0x00000000ea580000)
  to   space 15872K, 0% used [0x00000000e8a00000,0x00000000e8a00000,0x00000000e9980000)
 ParOldGen       total 58368K, used 35065K [0x00000000a0000000, 0x00000000a3900000, 0x00000000e0000000)
  object space 58368K, 60% used [0x00000000a0000000,0x00000000a223e5e8,0x00000000a3900000)
 Metaspace       used 57590K, capacity 59104K, committed 59160K, reserved 1099776K
  class space    used 7895K, capacity 8288K, committed 8320K, reserved 1048576K
}
Event: 23.766 GC heap before
{Heap before GC invocations=15 (full 3):
 PSYoungGen      total 153600K, used 9244K [0x00000000e0000000, 0x00000000ebc00000, 0x0000000100000000)
  eden space 141312K, 0% used [0x00000000e0000000,0x00000000e0000000,0x00000000e8a00000)
  from space 12288K, 75% used [0x00000000e9980000,0x00000000ea287350,0x00000000ea580000)
  to   space 15872K, 0% used [0x00000000e8a00000,0x00000000e8a00000,0x00000000e9980000)
 ParOldGen       total 58368K, used 35065K [0x00000000a0000000, 0x00000000a3900000, 0x00000000e0000000)
  object space 58368K, 60% used [0x00000000a0000000,0x00000000a223e5e8,0x00000000a3900000)
 Metaspace       used 57590K, capacity 59104K, committed 59160K, reserved 1099776K
  class space    used 7895K, capacity 8288K, committed 8320K, reserved 1048576K
Event: 24.595 GC heap after
Heap after GC invocations=15 (full 3):
 PSYoungGen      total 153600K, used 0K [0x00000000e0000000, 0x00000000ebc00000, 0x0000000100000000)
  eden space 141312K, 0% used [0x00000000e0000000,0x00000000e0000000,0x00000000e8a00000)
  from space 12288K, 0% used [0x00000000e9980000,0x00000000e9980000,0x00000000ea580000)
  to   space 15872K, 0% used [0x00000000e8a00000,0x00000000e8a00000,0x00000000e9980000)
 ParOldGen       total 87040K, used 33575K [0x00000000a0000000, 0x00000000a5500000, 0x00000000e0000000)
  object space 87040K, 38% used [0x00000000a0000000,0x00000000a20c9ca0,0x00000000a5500000)
 Metaspace       used 57590K, capacity 59104K, committed 59160K, reserved 1099776K
  class space    used 7895K, capacity 8288K, committed 8320K, reserved 1048576K
}

