# JRE version: OpenJDK Runtime Environment (8.0_152-b01) (build 1.8.0_152-release-1248-b01)
# Java VM: OpenJDK 64-Bit Server VM (25.152-b01 mixed mode windows-amd64 compressed oops)
Heap:
 PSYoungGen      total 279040K, used 22642K [0x00000000e0000000, 0x00000000f4c80000, 0x0000000100000000)
  eden space 240128K, 9% used [0x00000000e0000000,0x00000000e161cb30,0x00000000eea80000)
  from space 38912K, 0% used [0x00000000eea80000,0x00000000eea80000,0x00000000f1080000)
  to   space 41984K, 0% used [0x00000000f2380000,0x00000000f2380000,0x00000000f4c80000)
 ParOldGen       total 126464K, used 75732K [0x00000000a0000000, 0x00000000a7b80000, 0x00000000e0000000)
  object space 126464K, 59% used [0x00000000a0000000,0x00000000a49f5398,0x00000000a7b80000)
 Metaspace       used 127743K, capacity 133890K, committed 134056K, reserved 1169408K
  class space    used 16033K, capacity 17287K, committed 17328K, reserved 1048576K
GC Heap History (10 events):
Event: 2461.149 GC heap before
{Heap before GC invocations=28 (full 4):
 PSYoungGen      total 279040K, used 270840K [0x00000000e0000000, 0x00000000f4c80000, 0x0000000100000000)
  eden space 240128K, 99% used [0x00000000e0000000,0x00000000eea593b0,0x00000000eea80000)
  from space 38912K, 79% used [0x00000000eea80000,0x00000000f08a4cf8,0x00000000f1080000)
  to   space 41984K, 0% used [0x00000000f2380000,0x00000000f2380000,0x00000000f4c80000)
 ParOldGen       total 126464K, used 50154K [0x00000000a0000000, 0x00000000a7b80000, 0x00000000e0000000)
  object space 126464K, 39% used [0x00000000a0000000,0x00000000a30fa810,0x00000000a7b80000)
 Metaspace       used 117009K, capacity 122352K, committed 122408K, reserved 1155072K
  class space    used 14764K, capacity 15870K, committed 15920K, reserved 1048576K
Event: 2461.216 GC heap after
Heap after GC invocations=28 (full 4):
 PSYoungGen      total 282112K, used 25761K [0x00000000e0000000, 0x00000000f4c80000, 0x0000000100000000)
  eden space 240128K, 0% used [0x00000000e0000000,0x00000000e0000000,0x00000000eea80000)
  from space 41984K, 61% used [0x00000000f2380000,0x00000000f3ca8560,0x00000000f4c80000)
  to   space 38912K, 0% used [0x00000000eea80000,0x00000000eea80000,0x00000000f1080000)
 ParOldGen       total 126464K, used 50162K [0x00000000a0000000, 0x00000000a7b80000, 0x00000000e0000000)
  object space 126464K, 39% used [0x00000000a0000000,0x00000000a30fc810,0x00000000a7b80000)
 Metaspace       used 117009K, capacity 122352K, committed 122408K, reserved 1155072K
  class space    used 14764K, capacity 15870K, committed 15920K, reserved 1048576K
}
Event: 2465.058 GC heap before
{Heap before GC invocations=29 (full 4):
 PSYoungGen      total 282112K, used 265889K [0x00000000e0000000, 0x00000000f4c80000, 0x0000000100000000)
  eden space 240128K, 100% used [0x00000000e0000000,0x00000000eea80000,0x00000000eea80000)
  from space 41984K, 61% used [0x00000000f2380000,0x00000000f3ca8560,0x00000000f4c80000)
  to   space 38912K, 0% used [0x00000000eea80000,0x00000000eea80000,0x00000000f1080000)
 ParOldGen       total 126464K, used 50162K [0x00000000a0000000, 0x00000000a7b80000, 0x00000000e0000000)
  object space 126464K, 39% used [0x00000000a0000000,0x00000000a30fc810,0x00000000a7b80000)
 Metaspace       used 117827K, capacity 123314K, committed 123560K, reserved 1157120K
  class space    used 14880K, capacity 16017K, committed 16048K, reserved 1048576K
Event: 2465.137 GC heap after
Heap after GC invocations=29 (full 4):
 PSYoungGen      total 279040K, used 28128K [0x00000000e0000000, 0x00000000f4c80000, 0x0000000100000000)
  eden space 240128K, 0% used [0x00000000e0000000,0x00000000e0000000,0x00000000eea80000)
  from space 38912K, 72% used [0x00000000eea80000,0x00000000f05f8390,0x00000000f1080000)
  to   space 41984K, 0% used [0x00000000f2380000,0x00000000f2380000,0x00000000f4c80000)
 ParOldGen       total 126464K, used 50170K [0x00000000a0000000, 0x00000000a7b80000, 0x00000000e0000000)
  object space 126464K, 39% used [0x00000000a0000000,0x00000000a30fe810,0x00000000a7b80000)
 Metaspace       used 117827K, capacity 123314K, committed 123560K, reserved 1157120K
  class space    used 14880K, capacity 16017K, committed 16048K, reserved 1048576K
}
Event: 2469.746 GC heap before
{Heap before GC invocations=30 (full 4):
 PSYoungGen      total 279040K, used 268138K [0x00000000e0000000, 0x00000000f4c80000, 0x0000000100000000)
  eden space 240128K, 99% used [0x00000000e0000000,0x00000000eea62500,0x00000000eea80000)
  from space 38912K, 72% used [0x00000000eea80000,0x00000000f05f8390,0x00000000f1080000)
  to   space 41984K, 0% used [0x00000000f2380000,0x00000000f2380000,0x00000000f4c80000)
 ParOldGen       total 126464K, used 50170K [0x00000000a0000000, 0x00000000a7b80000, 0x00000000e0000000)
  object space 126464K, 39% used [0x00000000a0000000,0x00000000a30fe810,0x00000000a7b80000)
 Metaspace       used 117990K, capacity 123480K, committed 123560K, reserved 1157120K
  class space    used 14897K, capacity 16040K, committed 16048K, reserved 1048576K
Event: 2469.821 GC heap after
Heap after GC invocations=30 (full 4):
 PSYoungGen      total 282112K, used 27304K [0x00000000e0000000, 0x00000000f4c80000, 0x0000000100000000)
  eden space 240128K, 0% used [0x00000000e0000000,0x00000000e0000000,0x00000000eea80000)
  from space 41984K, 65% used [0x00000000f2380000,0x00000000f3e2a0d8,0x00000000f4c80000)
  to   space 38912K, 0% used [0x00000000eea80000,0x00000000eea80000,0x00000000f1080000)
 ParOldGen       total 126464K, used 50178K [0x00000000a0000000, 0x00000000a7b80000, 0x00000000e0000000)
  object space 126464K, 39% used [0x00000000a0000000,0x00000000a3100810,0x00000000a7b80000)
 Metaspace       used 117990K, capacity 123480K, committed 123560K, reserved 1157120K
  class space    used 14897K, capacity 16040K, committed 16048K, reserved 1048576K
}
Event: 2488.067 GC heap before
{Heap before GC invocations=31 (full 4):
 PSYoungGen      total 282112K, used 263553K [0x00000000e0000000, 0x00000000f4c80000, 0x0000000100000000)
  eden space 240128K, 98% used [0x00000000e0000000,0x00000000ee6b6708,0x00000000eea80000)
  from space 41984K, 65% used [0x00000000f2380000,0x00000000f3e2a0d8,0x00000000f4c80000)
  to   space 38912K, 0% used [0x00000000eea80000,0x00000000eea80000,0x00000000f1080000)
 ParOldGen       total 126464K, used 50178K [0x00000000a0000000, 0x00000000a7b80000, 0x00000000e0000000)
  object space 126464K, 39% used [0x00000000a0000000,0x00000000a3100810,0x00000000a7b80000)
 Metaspace       used 127781K, capacity 134032K, committed 134056K, reserved 1171456K
  class space    used 16057K, capacity 17328K, committed 17328K, reserved 1048576K
Event: 2488.197 GC heap after
Heap after GC invocations=31 (full 4):
 PSYoungGen      total 279040K, used 19630K [0x00000000e0000000, 0x00000000f4c80000, 0x0000000100000000)
  eden space 240128K, 0% used [0x00000000e0000000,0x00000000e0000000,0x00000000eea80000)
  from space 38912K, 50% used [0x00000000eea80000,0x00000000efdab8a0,0x00000000f1080000)
  to   space 41984K, 0% used [0x00000000f2380000,0x00000000f2380000,0x00000000f4c80000)
 ParOldGen       total 126464K, used 68476K [0x00000000a0000000, 0x00000000a7b80000, 0x00000000e0000000)
  object space 126464K, 54% used [0x00000000a0000000,0x00000000a42df300,0x00000000a7b80000)
 Metaspace       used 127781K, capacity 134032K, committed 134056K, reserved 1171456K
  class space    used 16057K, capacity 17328K, committed 17328K, reserved 1048576K
}
Event: 2488.197 GC heap before
{Heap before GC invocations=32 (full 5):
 PSYoungGen      total 279040K, used 19630K [0x00000000e0000000, 0x00000000f4c80000, 0x0000000100000000)
  eden space 240128K, 0% used [0x00000000e0000000,0x00000000e0000000,0x00000000eea80000)
  from space 38912K, 50% used [0x00000000eea80000,0x00000000efdab8a0,0x00000000f1080000)
  to   space 41984K, 0% used [0x00000000f2380000,0x00000000f2380000,0x00000000f4c80000)
 ParOldGen       total 126464K, used 68476K [0x00000000a0000000, 0x00000000a7b80000, 0x00000000e0000000)
  object space 126464K, 54% used [0x00000000a0000000,0x00000000a42df300,0x00000000a7b80000)
 Metaspace       used 127781K, capacity 134032K, committed 134056K, reserved 1171456K
  class space    used 16057K, capacity 17328K, committed 17328K, reserved 1048576K
Event: 2488.900 GC heap after
Heap after GC invocations=32 (full 5):
 PSYoungGen      total 279040K, used 0K [0x00000000e0000000, 0x00000000f4c80000, 0x0000000100000000)
  eden space 240128K, 0% used [0x00000000e0000000,0x00000000e0000000,0x00000000eea80000)
  from space 38912K, 0% used [0x00000000eea80000,0x00000000eea80000,0x00000000f1080000)
  to   space 41984K, 0% used [0x00000000f2380000,0x00000000f2380000,0x00000000f4c80000)
 ParOldGen       total 126464K, used 75732K [0x00000000a0000000, 0x00000000a7b80000, 0x00000000e0000000)
  object space 126464K, 59% used [0x00000000a0000000,0x00000000a49f5398,0x00000000a7b80000)
 Metaspace       used 127659K, capacity 133728K, committed 134056K, reserved 1169408K
  class space    used 16028K, capacity 17286K, committed 17328K, reserved 1048576K
}

