# JRE version: OpenJDK Runtime Environment (8.0_152-b01) (build 1.8.0_152-release-1248-b01)
# Java VM: OpenJDK 64-Bit Server VM (25.152-b01 mixed mode windows-amd64 compressed oops)
Heap:
 PSYoungGen      total 252416K, used 231160K [0x00000000e0000000, 0x00000000f1780000, 0x0000000100000000)
  eden space 231424K, 90% used [0x00000000e0000000,0x00000000ecd424c0,0x00000000ee200000)
  from space 20992K, 99% used [0x00000000efb80000,0x00000000f0ffbbe0,0x00000000f1000000)
  to   space 26112K, 0% used [0x00000000ee200000,0x00000000ee200000,0x00000000efb80000)
 ParOldGen       total 95232K, used 39002K [0x00000000a0000000, 0x00000000a5d00000, 0x00000000e0000000)
  object space 95232K, 40% used [0x00000000a0000000,0x00000000a2616be8,0x00000000a5d00000)
 Metaspace       used 81795K, capacity 84938K, committed 85120K, reserved 1122304K
  class space    used 10665K, capacity 11372K, committed 11392K, reserved 1048576K
GC Heap History (10 events):
Event: 15.979 GC heap before
{Heap before GC invocations=15 (full 2):
 PSYoungGen      total 168960K, used 57678K [0x00000000e0000000, 0x00000000ec300000, 0x0000000100000000)
  eden space 153088K, 27% used [0x00000000e0000000,0x00000000e28d7eb8,0x00000000e9580000)
  from space 15872K, 99% used [0x00000000eaa80000,0x00000000eb9fb9b8,0x00000000eba00000)
  to   space 21504K, 0% used [0x00000000e9580000,0x00000000e9580000,0x00000000eaa80000)
 ParOldGen       total 56832K, used 28422K [0x00000000a0000000, 0x00000000a3780000, 0x00000000e0000000)
  object space 56832K, 50% used [0x00000000a0000000,0x00000000a1bc1890,0x00000000a3780000)
 Metaspace       used 57548K, capacity 59100K, committed 59160K, reserved 1099776K
  class space    used 7886K, capacity 8286K, committed 8320K, reserved 1048576K
Event: 16.081 GC heap after
Heap after GC invocations=15 (full 2):
 PSYoungGen      total 174592K, used 3402K [0x00000000e0000000, 0x00000000ef300000, 0x0000000100000000)
  eden space 153088K, 0% used [0x00000000e0000000,0x00000000e0000000,0x00000000e9580000)
  from space 21504K, 15% used [0x00000000e9580000,0x00000000e98d2910,0x00000000eaa80000)
  to   space 20992K, 0% used [0x00000000ede80000,0x00000000ede80000,0x00000000ef300000)
 ParOldGen       total 56832K, used 44200K [0x00000000a0000000, 0x00000000a3780000, 0x00000000e0000000)
  object space 56832K, 77% used [0x00000000a0000000,0x00000000a2b2a278,0x00000000a3780000)
 Metaspace       used 57548K, capacity 59100K, committed 59160K, reserved 1099776K
  class space    used 7886K, capacity 8286K, committed 8320K, reserved 1048576K
}
Event: 16.081 GC heap before
{Heap before GC invocations=16 (full 3):
 PSYoungGen      total 174592K, used 3402K [0x00000000e0000000, 0x00000000ef300000, 0x0000000100000000)
  eden space 153088K, 0% used [0x00000000e0000000,0x00000000e0000000,0x00000000e9580000)
  from space 21504K, 15% used [0x00000000e9580000,0x00000000e98d2910,0x00000000eaa80000)
  to   space 20992K, 0% used [0x00000000ede80000,0x00000000ede80000,0x00000000ef300000)
 ParOldGen       total 56832K, used 44200K [0x00000000a0000000, 0x00000000a3780000, 0x00000000e0000000)
  object space 56832K, 77% used [0x00000000a0000000,0x00000000a2b2a278,0x00000000a3780000)
 Metaspace       used 57548K, capacity 59100K, committed 59160K, reserved 1099776K
  class space    used 7886K, capacity 8286K, committed 8320K, reserved 1048576K
Event: 16.547 GC heap after
Heap after GC invocations=16 (full 3):
 PSYoungGen      total 174592K, used 0K [0x00000000e0000000, 0x00000000ef300000, 0x0000000100000000)
  eden space 153088K, 0% used [0x00000000e0000000,0x00000000e0000000,0x00000000e9580000)
  from space 21504K, 0% used [0x00000000e9580000,0x00000000e9580000,0x00000000eaa80000)
  to   space 20992K, 0% used [0x00000000ede80000,0x00000000ede80000,0x00000000ef300000)
 ParOldGen       total 95232K, used 34954K [0x00000000a0000000, 0x00000000a5d00000, 0x00000000e0000000)
  object space 95232K, 36% used [0x00000000a0000000,0x00000000a2222b28,0x00000000a5d00000)
 Metaspace       used 57548K, capacity 59100K, committed 59160K, reserved 1099776K
  class space    used 7886K, capacity 8286K, committed 8320K, reserved 1048576K
}
Event: 29.002 GC heap before
{Heap before GC invocations=17 (full 3):
 PSYoungGen      total 174592K, used 153088K [0x00000000e0000000, 0x00000000ef300000, 0x0000000100000000)
  eden space 153088K, 100% used [0x00000000e0000000,0x00000000e9580000,0x00000000e9580000)
  from space 21504K, 0% used [0x00000000e9580000,0x00000000e9580000,0x00000000eaa80000)
  to   space 20992K, 0% used [0x00000000ede80000,0x00000000ede80000,0x00000000ef300000)
 ParOldGen       total 95232K, used 34954K [0x00000000a0000000, 0x00000000a5d00000, 0x00000000e0000000)
  object space 95232K, 36% used [0x00000000a0000000,0x00000000a2222b28,0x00000000a5d00000)
 Metaspace       used 64419K, capacity 66488K, committed 66816K, reserved 1107968K
  class space    used 8585K, capacity 9110K, committed 9216K, reserved 1048576K
Event: 29.030 GC heap after
Heap after GC invocations=17 (full 3):
 PSYoungGen      total 204800K, used 11097K [0x00000000e0000000, 0x00000000ee980000, 0x0000000100000000)
  eden space 193536K, 0% used [0x00000000e0000000,0x00000000e0000000,0x00000000ebd00000)
  from space 11264K, 98% used [0x00000000ede80000,0x00000000ee9566d8,0x00000000ee980000)
  to   space 20992K, 0% used [0x00000000ec080000,0x00000000ec080000,0x00000000ed500000)
 ParOldGen       total 95232K, used 34962K [0x00000000a0000000, 0x00000000a5d00000, 0x00000000e0000000)
  object space 95232K, 36% used [0x00000000a0000000,0x00000000a2224b28,0x00000000a5d00000)
 Metaspace       used 64419K, capacity 66488K, committed 66816K, reserved 1107968K
  class space    used 8585K, capacity 9110K, committed 9216K, reserved 1048576K
}
Event: 702.689 GC heap before
{Heap before GC invocations=18 (full 3):
 PSYoungGen      total 204800K, used 204633K [0x00000000e0000000, 0x00000000ee980000, 0x0000000100000000)
  eden space 193536K, 100% used [0x00000000e0000000,0x00000000ebd00000,0x00000000ebd00000)
  from space 11264K, 98% used [0x00000000ede80000,0x00000000ee9566d8,0x00000000ee980000)
  to   space 20992K, 0% used [0x00000000ec080000,0x00000000ec080000,0x00000000ed500000)
 ParOldGen       total 95232K, used 34962K [0x00000000a0000000, 0x00000000a5d00000, 0x00000000e0000000)
  object space 95232K, 36% used [0x00000000a0000000,0x00000000a2224b28,0x00000000a5d00000)
 Metaspace       used 69422K, capacity 71854K, committed 72064K, reserved 1112064K
  class space    used 9079K, capacity 9734K, committed 9856K, reserved 1048576K
Event: 702.732 GC heap after
Heap after GC invocations=18 (full 3):
 PSYoungGen      total 218112K, used 13091K [0x00000000e0000000, 0x00000000f1000000, 0x0000000100000000)
  eden space 197120K, 0% used [0x00000000e0000000,0x00000000e0000000,0x00000000ec080000)
  from space 20992K, 62% used [0x00000000ec080000,0x00000000ecd48f50,0x00000000ed500000)
  to   space 20992K, 0% used [0x00000000efb80000,0x00000000efb80000,0x00000000f1000000)
 ParOldGen       total 95232K, used 34970K [0x00000000a0000000, 0x00000000a5d00000, 0x00000000e0000000)
  object space 95232K, 36% used [0x00000000a0000000,0x00000000a2226b28,0x00000000a5d00000)
 Metaspace       used 69422K, capacity 71854K, committed 72064K, reserved 1112064K
  class space    used 9079K, capacity 9734K, committed 9856K, reserved 1048576K
}
Event: 769.304 GC heap before
{Heap before GC invocations=19 (full 3):
 PSYoungGen      total 218112K, used 210211K [0x00000000e0000000, 0x00000000f1000000, 0x0000000100000000)
  eden space 197120K, 100% used [0x00000000e0000000,0x00000000ec080000,0x00000000ec080000)
  from space 20992K, 62% used [0x00000000ec080000,0x00000000ecd48f50,0x00000000ed500000)
  to   space 20992K, 0% used [0x00000000efb80000,0x00000000efb80000,0x00000000f1000000)
 ParOldGen       total 95232K, used 34970K [0x00000000a0000000, 0x00000000a5d00000, 0x00000000e0000000)
  object space 95232K, 36% used [0x00000000a0000000,0x00000000a2226b28,0x00000000a5d00000)
 Metaspace       used 74953K, capacity 77686K, committed 77824K, reserved 1116160K
  class space    used 9790K, capacity 10462K, committed 10496K, reserved 1048576K
Event: 769.377 GC heap after
Heap after GC invocations=19 (full 3):
 PSYoungGen      total 252416K, used 20974K [0x00000000e0000000, 0x00000000f1780000, 0x0000000100000000)
  eden space 231424K, 0% used [0x00000000e0000000,0x00000000e0000000,0x00000000ee200000)
  from space 20992K, 99% used [0x00000000efb80000,0x00000000f0ffbbe0,0x00000000f1000000)
  to   space 26112K, 0% used [0x00000000ee200000,0x00000000ee200000,0x00000000efb80000)
 ParOldGen       total 95232K, used 39002K [0x00000000a0000000, 0x00000000a5d00000, 0x00000000e0000000)
  object space 95232K, 40% used [0x00000000a0000000,0x00000000a2616be8,0x00000000a5d00000)
 Metaspace       used 74953K, capacity 77686K, committed 77824K, reserved 1116160K
  class space    used 9790K, capacity 10462K, committed 10496K, reserved 1048576K
}

