# JRE version: OpenJDK Runtime Environment (8.0_152-b01) (build 1.8.0_152-release-1248-b01)
# Java VM: OpenJDK 64-Bit Server VM (25.152-b01 mixed mode windows-amd64 compressed oops)
Heap:
 PSYoungGen      total 348672K, used 238135K [0x00000000e0000000, 0x00000000f9880000, 0x0000000100000000)
  eden space 312832K, 71% used [0x00000000e0000000,0x00000000edaead70,0x00000000f3180000)
  from space 35840K, 38% used [0x00000000f3180000,0x00000000f3f22ef8,0x00000000f5480000)
  to   space 34304K, 0% used [0x00000000f7700000,0x00000000f7700000,0x00000000f9880000)
 ParOldGen       total 80384K, used 73335K [0x00000000a0000000, 0x00000000a4e80000, 0x00000000e0000000)
  object space 80384K, 91% used [0x00000000a0000000,0x00000000a479dc68,0x00000000a4e80000)
 Metaspace       used 93287K, capacity 98121K, committed 98472K, reserved 1134592K
  class space    used 11511K, capacity 12345K, committed 12464K, reserved 1048576K
GC Heap History (10 events):
Event: 6259.077 GC heap before
{Heap before GC invocations=36 (full 3):
 PSYoungGen      total 278528K, used 263889K [0x00000000e0000000, 0x00000000f4680000, 0x0000000100000000)
  eden space 255488K, 100% used [0x00000000e0000000,0x00000000ef980000,0x00000000ef980000)
  from space 23040K, 36% used [0x00000000f3000000,0x00000000f3834668,0x00000000f4680000)
  to   space 39424K, 0% used [0x00000000ef980000,0x00000000ef980000,0x00000000f2000000)
 ParOldGen       total 80384K, used 72079K [0x00000000a0000000, 0x00000000a4e80000, 0x00000000e0000000)
  object space 80384K, 89% used [0x00000000a0000000,0x00000000a4663c68,0x00000000a4e80000)
 Metaspace       used 93010K, capacity 97917K, committed 98216K, reserved 1134592K
  class space    used 11492K, capacity 12343K, committed 12464K, reserved 1048576K
Event: 6259.164 GC heap after
Heap after GC invocations=36 (full 3):
 PSYoungGen      total 294912K, used 18262K [0x00000000e0000000, 0x00000000f5b00000, 0x0000000100000000)
  eden space 255488K, 0% used [0x00000000e0000000,0x00000000e0000000,0x00000000ef980000)
  from space 39424K, 46% used [0x00000000ef980000,0x00000000f0b55978,0x00000000f2000000)
  to   space 37888K, 0% used [0x00000000f3600000,0x00000000f3600000,0x00000000f5b00000)
 ParOldGen       total 80384K, used 72247K [0x00000000a0000000, 0x00000000a4e80000, 0x00000000e0000000)
  object space 80384K, 89% used [0x00000000a0000000,0x00000000a468dc68,0x00000000a4e80000)
 Metaspace       used 93010K, capacity 97917K, committed 98216K, reserved 1134592K
  class space    used 11492K, capacity 12343K, committed 12464K, reserved 1048576K
}
Event: 6261.214 GC heap before
{Heap before GC invocations=37 (full 3):
 PSYoungGen      total 294912K, used 273750K [0x00000000e0000000, 0x00000000f5b00000, 0x0000000100000000)
  eden space 255488K, 100% used [0x00000000e0000000,0x00000000ef980000,0x00000000ef980000)
  from space 39424K, 46% used [0x00000000ef980000,0x00000000f0b55978,0x00000000f2000000)
  to   space 37888K, 0% used [0x00000000f3600000,0x00000000f3600000,0x00000000f5b00000)
 ParOldGen       total 80384K, used 72247K [0x00000000a0000000, 0x00000000a4e80000, 0x00000000e0000000)
  object space 80384K, 89% used [0x00000000a0000000,0x00000000a468dc68,0x00000000a4e80000)
 Metaspace       used 93072K, capacity 97981K, committed 98216K, reserved 1134592K
  class space    used 11494K, capacity 12343K, committed 12464K, reserved 1048576K
Event: 6261.296 GC heap after
Heap after GC invocations=37 (full 3):
 PSYoungGen      total 318464K, used 15163K [0x00000000e0000000, 0x00000000f5f00000, 0x0000000100000000)
  eden space 280576K, 0% used [0x00000000e0000000,0x00000000e0000000,0x00000000f1200000)
  from space 37888K, 40% used [0x00000000f3600000,0x00000000f44ceec8,0x00000000f5b00000)
  to   space 36864K, 0% used [0x00000000f1200000,0x00000000f1200000,0x00000000f3600000)
 ParOldGen       total 80384K, used 72543K [0x00000000a0000000, 0x00000000a4e80000, 0x00000000e0000000)
  object space 80384K, 90% used [0x00000000a0000000,0x00000000a46d7c68,0x00000000a4e80000)
 Metaspace       used 93072K, capacity 97981K, committed 98216K, reserved 1134592K
  class space    used 11494K, capacity 12343K, committed 12464K, reserved 1048576K
}
Event: 6263.625 GC heap before
{Heap before GC invocations=38 (full 3):
 PSYoungGen      total 318464K, used 295739K [0x00000000e0000000, 0x00000000f5f00000, 0x0000000100000000)
  eden space 280576K, 100% used [0x00000000e0000000,0x00000000f1200000,0x00000000f1200000)
  from space 37888K, 40% used [0x00000000f3600000,0x00000000f44ceec8,0x00000000f5b00000)
  to   space 36864K, 0% used [0x00000000f1200000,0x00000000f1200000,0x00000000f3600000)
 ParOldGen       total 80384K, used 72543K [0x00000000a0000000, 0x00000000a4e80000, 0x00000000e0000000)
  object space 80384K, 90% used [0x00000000a0000000,0x00000000a46d7c68,0x00000000a4e80000)
 Metaspace       used 93123K, capacity 97981K, committed 98216K, reserved 1134592K
  class space    used 11494K, capacity 12343K, committed 12464K, reserved 1048576K
Event: 6263.657 GC heap after
Heap after GC invocations=38 (full 3):
 PSYoungGen      total 317440K, used 7680K [0x00000000e0000000, 0x00000000f7880000, 0x0000000100000000)
  eden space 280576K, 0% used [0x00000000e0000000,0x00000000e0000000,0x00000000f1200000)
  from space 36864K, 20% used [0x00000000f1200000,0x00000000f1980138,0x00000000f3600000)
  to   space 36864K, 0% used [0x00000000f5480000,0x00000000f5480000,0x00000000f7880000)
 ParOldGen       total 80384K, used 72711K [0x00000000a0000000, 0x00000000a4e80000, 0x00000000e0000000)
  object space 80384K, 90% used [0x00000000a0000000,0x00000000a4701c68,0x00000000a4e80000)
 Metaspace       used 93123K, capacity 97981K, committed 98216K, reserved 1134592K
  class space    used 11494K, capacity 12343K, committed 12464K, reserved 1048576K
}
Event: 6265.736 GC heap before
{Heap before GC invocations=39 (full 3):
 PSYoungGen      total 317440K, used 288256K [0x00000000e0000000, 0x00000000f7880000, 0x0000000100000000)
  eden space 280576K, 100% used [0x00000000e0000000,0x00000000f1200000,0x00000000f1200000)
  from space 36864K, 20% used [0x00000000f1200000,0x00000000f1980138,0x00000000f3600000)
  to   space 36864K, 0% used [0x00000000f5480000,0x00000000f5480000,0x00000000f7880000)
 ParOldGen       total 80384K, used 72711K [0x00000000a0000000, 0x00000000a4e80000, 0x00000000e0000000)
  object space 80384K, 90% used [0x00000000a0000000,0x00000000a4701c68,0x00000000a4e80000)
 Metaspace       used 93165K, capacity 98051K, committed 98216K, reserved 1134592K
  class space    used 11495K, capacity 12344K, committed 12464K, reserved 1048576K
Event: 6265.792 GC heap after
Heap after GC invocations=39 (full 3):
 PSYoungGen      total 349696K, used 15124K [0x00000000e0000000, 0x00000000f7880000, 0x0000000100000000)
  eden space 312832K, 0% used [0x00000000e0000000,0x00000000e0000000,0x00000000f3180000)
  from space 36864K, 41% used [0x00000000f5480000,0x00000000f63453f8,0x00000000f7880000)
  to   space 35840K, 0% used [0x00000000f3180000,0x00000000f3180000,0x00000000f5480000)
 ParOldGen       total 80384K, used 72767K [0x00000000a0000000, 0x00000000a4e80000, 0x00000000e0000000)
  object space 80384K, 90% used [0x00000000a0000000,0x00000000a470fc68,0x00000000a4e80000)
 Metaspace       used 93165K, capacity 98051K, committed 98216K, reserved 1134592K
  class space    used 11495K, capacity 12344K, committed 12464K, reserved 1048576K
}
Event: 6268.113 GC heap before
{Heap before GC invocations=40 (full 3):
 PSYoungGen      total 349696K, used 327956K [0x00000000e0000000, 0x00000000f7880000, 0x0000000100000000)
  eden space 312832K, 100% used [0x00000000e0000000,0x00000000f3180000,0x00000000f3180000)
  from space 36864K, 41% used [0x00000000f5480000,0x00000000f63453f8,0x00000000f7880000)
  to   space 35840K, 0% used [0x00000000f3180000,0x00000000f3180000,0x00000000f5480000)
 ParOldGen       total 80384K, used 72767K [0x00000000a0000000, 0x00000000a4e80000, 0x00000000e0000000)
  object space 80384K, 90% used [0x00000000a0000000,0x00000000a470fc68,0x00000000a4e80000)
 Metaspace       used 93257K, capacity 98115K, committed 98472K, reserved 1134592K
  class space    used 11511K, capacity 12344K, committed 12464K, reserved 1048576K
Event: 6268.159 GC heap after
Heap after GC invocations=40 (full 3):
 PSYoungGen      total 348672K, used 13963K [0x00000000e0000000, 0x00000000f9880000, 0x0000000100000000)
  eden space 312832K, 0% used [0x00000000e0000000,0x00000000e0000000,0x00000000f3180000)
  from space 35840K, 38% used [0x00000000f3180000,0x00000000f3f22ef8,0x00000000f5480000)
  to   space 34304K, 0% used [0x00000000f7700000,0x00000000f7700000,0x00000000f9880000)
 ParOldGen       total 80384K, used 73335K [0x00000000a0000000, 0x00000000a4e80000, 0x00000000e0000000)
  object space 80384K, 91% used [0x00000000a0000000,0x00000000a479dc68,0x00000000a4e80000)
 Metaspace       used 93257K, capacity 98115K, committed 98472K, reserved 1134592K
  class space    used 11511K, capacity 12344K, committed 12464K, reserved 1048576K
}

