# JRE version: OpenJDK Runtime Environment (8.0_152-b01) (build 1.8.0_152-release-1248-b01)
# Java VM: OpenJDK 64-Bit Server VM (25.152-b01 mixed mode windows-amd64 compressed oops)
Heap:
 PSYoungGen      total 432640K, used 59599K [0x00000000e0000000, 0x00000000fdc00000, 0x0000000100000000)
  eden space 401408K, 8% used [0x00000000e0000000,0x00000000e2119c98,0x00000000f8800000)
  from space 31232K, 82% used [0x00000000fbd80000,0x00000000fd69a1e8,0x00000000fdc00000)
  to   space 43008K, 0% used [0x00000000f8800000,0x00000000f8800000,0x00000000fb200000)
 ParOldGen       total 134144K, used 64119K [0x00000000a0000000, 0x00000000a8300000, 0x00000000e0000000)
  object space 134144K, 47% used [0x00000000a0000000,0x00000000a3e9de40,0x00000000a8300000)
 Metaspace       used 95510K, capacity 99162K, committed 100224K, reserved 1136640K
  class space    used 12086K, capacity 12778K, committed 12928K, reserved 1048576K
GC Heap History (10 events):
Event: 4885.243 GC heap before
{Heap before GC invocations=16 (full 3):
 PSYoungGen      total 378880K, used 378839K [0x00000000e0000000, 0x00000000f9500000, 0x0000000100000000)
  eden space 357376K, 100% used [0x00000000e0000000,0x00000000f5d00000,0x00000000f5d00000)
  from space 21504K, 99% used [0x00000000f8000000,0x00000000f94f5fb0,0x00000000f9500000)
  to   space 27136K, 0% used [0x00000000f6000000,0x00000000f6000000,0x00000000f7a80000)
 ParOldGen       total 77824K, used 29636K [0x00000000a0000000, 0x00000000a4c00000, 0x00000000e0000000)
  object space 77824K, 38% used [0x00000000a0000000,0x00000000a1cf1100,0x00000000a4c00000)
 Metaspace       used 90308K, capacity 94160K, committed 94464K, reserved 1130496K
  class space    used 11699K, capacity 12486K, committed 12544K, reserved 1048576K
Event: 4885.337 GC heap after
Heap after GC invocations=16 (full 3):
 PSYoungGen      total 368640K, used 27115K [0x00000000e0000000, 0x00000000f8d80000, 0x0000000100000000)
  eden space 341504K, 0% used [0x00000000e0000000,0x00000000e0000000,0x00000000f4d80000)
  from space 27136K, 99% used [0x00000000f6000000,0x00000000f7a7ae70,0x00000000f7a80000)
  to   space 19456K, 0% used [0x00000000f7a80000,0x00000000f7a80000,0x00000000f8d80000)
 ParOldGen       total 77824K, used 34128K [0x00000000a0000000, 0x00000000a4c00000, 0x00000000e0000000)
  object space 77824K, 43% used [0x00000000a0000000,0x00000000a2154308,0x00000000a4c00000)
 Metaspace       used 90308K, capacity 94160K, committed 94464K, reserved 1130496K
  class space    used 11699K, capacity 12486K, committed 12544K, reserved 1048576K
}
Event: 4892.945 GC heap before
{Heap before GC invocations=17 (full 3):
 PSYoungGen      total 368640K, used 368619K [0x00000000e0000000, 0x00000000f8d80000, 0x0000000100000000)
  eden space 341504K, 100% used [0x00000000e0000000,0x00000000f4d80000,0x00000000f4d80000)
  from space 27136K, 99% used [0x00000000f6000000,0x00000000f7a7ae70,0x00000000f7a80000)
  to   space 19456K, 0% used [0x00000000f7a80000,0x00000000f7a80000,0x00000000f8d80000)
 ParOldGen       total 77824K, used 34128K [0x00000000a0000000, 0x00000000a4c00000, 0x00000000e0000000)
  object space 77824K, 43% used [0x00000000a0000000,0x00000000a2154308,0x00000000a4c00000)
 Metaspace       used 92773K, capacity 96834K, committed 97024K, reserved 1134592K
  class space    used 11866K, capacity 12685K, committed 12800K, reserved 1048576K
Event: 4893.067 GC heap after
Heap after GC invocations=17 (full 3):
 PSYoungGen      total 363008K, used 19426K [0x00000000e0000000, 0x00000000fe700000, 0x0000000100000000)
  eden space 343552K, 0% used [0x00000000e0000000,0x00000000e0000000,0x00000000f4f80000)
  from space 19456K, 99% used [0x00000000f7a80000,0x00000000f8d788f0,0x00000000f8d80000)
  to   space 44032K, 0% used [0x00000000f4f80000,0x00000000f4f80000,0x00000000f7a80000)
 ParOldGen       total 77824K, used 62596K [0x00000000a0000000, 0x00000000a4c00000, 0x00000000e0000000)
  object space 77824K, 80% used [0x00000000a0000000,0x00000000a3d210f8,0x00000000a4c00000)
 Metaspace       used 92773K, capacity 96834K, committed 97024K, reserved 1134592K
  class space    used 11866K, capacity 12685K, committed 12800K, reserved 1048576K
}
Event: 4893.067 GC heap before
{Heap before GC invocations=18 (full 4):
 PSYoungGen      total 363008K, used 19426K [0x00000000e0000000, 0x00000000fe700000, 0x0000000100000000)
  eden space 343552K, 0% used [0x00000000e0000000,0x00000000e0000000,0x00000000f4f80000)
  from space 19456K, 99% used [0x00000000f7a80000,0x00000000f8d788f0,0x00000000f8d80000)
  to   space 44032K, 0% used [0x00000000f4f80000,0x00000000f4f80000,0x00000000f7a80000)
 ParOldGen       total 77824K, used 62596K [0x00000000a0000000, 0x00000000a4c00000, 0x00000000e0000000)
  object space 77824K, 80% used [0x00000000a0000000,0x00000000a3d210f8,0x00000000a4c00000)
 Metaspace       used 92773K, capacity 96834K, committed 97024K, reserved 1134592K
  class space    used 11866K, capacity 12685K, committed 12800K, reserved 1048576K
Event: 4893.863 GC heap after
Heap after GC invocations=18 (full 4):
 PSYoungGen      total 363008K, used 0K [0x00000000e0000000, 0x00000000fe700000, 0x0000000100000000)
  eden space 343552K, 0% used [0x00000000e0000000,0x00000000e0000000,0x00000000f4f80000)
  from space 19456K, 0% used [0x00000000f7a80000,0x00000000f7a80000,0x00000000f8d80000)
  to   space 44032K, 0% used [0x00000000f4f80000,0x00000000f4f80000,0x00000000f7a80000)
 ParOldGen       total 134144K, used 64103K [0x00000000a0000000, 0x00000000a8300000, 0x00000000e0000000)
  object space 134144K, 47% used [0x00000000a0000000,0x00000000a3e99e40,0x00000000a8300000)
 Metaspace       used 91580K, capacity 94704K, committed 97024K, reserved 1134592K
  class space    used 11659K, capacity 12289K, committed 12800K, reserved 1048576K
}
Event: 5026.192 GC heap before
{Heap before GC invocations=19 (full 4):
 PSYoungGen      total 363008K, used 343552K [0x00000000e0000000, 0x00000000fe700000, 0x0000000100000000)
  eden space 343552K, 100% used [0x00000000e0000000,0x00000000f4f80000,0x00000000f4f80000)
  from space 19456K, 0% used [0x00000000f7a80000,0x00000000f7a80000,0x00000000f8d80000)
  to   space 44032K, 0% used [0x00000000f4f80000,0x00000000f4f80000,0x00000000f7a80000)
 ParOldGen       total 134144K, used 64103K [0x00000000a0000000, 0x00000000a8300000, 0x00000000e0000000)
  object space 134144K, 47% used [0x00000000a0000000,0x00000000a3e99e40,0x00000000a8300000)
 Metaspace       used 93348K, capacity 96844K, committed 98176K, reserved 1134592K
  class space    used 11897K, capacity 12619K, committed 12928K, reserved 1048576K
Event: 5026.250 GC heap after
Heap after GC invocations=19 (full 4):
 PSYoungGen      total 387584K, used 19902K [0x00000000e0000000, 0x00000000fe700000, 0x0000000100000000)
  eden space 343552K, 0% used [0x00000000e0000000,0x00000000e0000000,0x00000000f4f80000)
  from space 44032K, 45% used [0x00000000f4f80000,0x00000000f62efb00,0x00000000f7a80000)
  to   space 42496K, 0% used [0x00000000fbd80000,0x00000000fbd80000,0x00000000fe700000)
 ParOldGen       total 134144K, used 64111K [0x00000000a0000000, 0x00000000a8300000, 0x00000000e0000000)
  object space 134144K, 47% used [0x00000000a0000000,0x00000000a3e9be40,0x00000000a8300000)
 Metaspace       used 93348K, capacity 96844K, committed 98176K, reserved 1134592K
  class space    used 11897K, capacity 12619K, committed 12928K, reserved 1048576K
}
Event: 5362.541 GC heap before
{Heap before GC invocations=20 (full 4):
 PSYoungGen      total 387584K, used 363454K [0x00000000e0000000, 0x00000000fe700000, 0x0000000100000000)
  eden space 343552K, 100% used [0x00000000e0000000,0x00000000f4f80000,0x00000000f4f80000)
  from space 44032K, 45% used [0x00000000f4f80000,0x00000000f62efb00,0x00000000f7a80000)
  to   space 42496K, 0% used [0x00000000fbd80000,0x00000000fbd80000,0x00000000fe700000)
 ParOldGen       total 134144K, used 64111K [0x00000000a0000000, 0x00000000a8300000, 0x00000000e0000000)
  object space 134144K, 47% used [0x00000000a0000000,0x00000000a3e9be40,0x00000000a8300000)
 Metaspace       used 95445K, capacity 99040K, committed 99968K, reserved 1136640K
  class space    used 12081K, capacity 12769K, committed 12928K, reserved 1048576K
Event: 5362.611 GC heap after
Heap after GC invocations=20 (full 4):
 PSYoungGen      total 432640K, used 25704K [0x00000000e0000000, 0x00000000fdc00000, 0x0000000100000000)
  eden space 401408K, 0% used [0x00000000e0000000,0x00000000e0000000,0x00000000f8800000)
  from space 31232K, 82% used [0x00000000fbd80000,0x00000000fd69a1e8,0x00000000fdc00000)
  to   space 43008K, 0% used [0x00000000f8800000,0x00000000f8800000,0x00000000fb200000)
 ParOldGen       total 134144K, used 64119K [0x00000000a0000000, 0x00000000a8300000, 0x00000000e0000000)
  object space 134144K, 47% used [0x00000000a0000000,0x00000000a3e9de40,0x00000000a8300000)
 Metaspace       used 95445K, capacity 99040K, committed 99968K, reserved 1136640K
  class space    used 12081K, capacity 12769K, committed 12928K, reserved 1048576K
}

